[ 2025-04-08 13:37:34,069 ] asyncio - DEBUG - Using proactor: IocpProactor
[ 2025-04-08 13:40:44,643 ] python_multipart.multipart - DEBUG - Calling on_field_start with no data
[ 2025-04-08 13:40:44,646 ] python_multipart.multipart - DEBUG - Calling on_field_name with data[0:10]
[ 2025-04-08 13:40:44,646 ] python_multipart.multipart - DEBUG - Calling on_field_data with data[11:13]
[ 2025-04-08 13:40:44,647 ] python_multipart.multipart - DEBUG - Calling on_field_end with no data
[ 2025-04-08 13:40:44,647 ] python_multipart.multipart - DEBUG - Calling on_field_start with no data
[ 2025-04-08 13:40:44,648 ] python_multipart.multipart - DEBUG - Calling on_field_name with data[14:27]
[ 2025-04-08 13:40:44,648 ] python_multipart.multipart - DEBUG - Calling on_field_data with data[28:29]
[ 2025-04-08 13:40:44,648 ] python_multipart.multipart - DEBUG - Calling on_field_end with no data
[ 2025-04-08 13:40:44,648 ] python_multipart.multipart - DEBUG - Calling on_field_start with no data
[ 2025-04-08 13:40:44,648 ] python_multipart.multipart - DEBUG - Calling on_field_name with data[30:51]
[ 2025-04-08 13:40:44,648 ] python_multipart.multipart - DEBUG - Calling on_field_data with data[52:56]
[ 2025-04-08 13:40:44,648 ] python_multipart.multipart - DEBUG - Calling on_field_end with no data
[ 2025-04-08 13:40:44,648 ] python_multipart.multipart - DEBUG - Calling on_field_start with no data
[ 2025-04-08 13:40:44,648 ] python_multipart.multipart - DEBUG - Calling on_field_name with data[57:74]
[ 2025-04-08 13:40:44,648 ] python_multipart.multipart - DEBUG - Calling on_field_data with data[75:76]
[ 2025-04-08 13:40:44,648 ] python_multipart.multipart - DEBUG - Calling on_field_end with no data
[ 2025-04-08 13:40:44,648 ] python_multipart.multipart - DEBUG - Calling on_field_start with no data
[ 2025-04-08 13:40:44,650 ] python_multipart.multipart - DEBUG - Calling on_field_name with data[77:88]
[ 2025-04-08 13:40:44,650 ] python_multipart.multipart - DEBUG - Calling on_field_data with data[89:97]
[ 2025-04-08 13:40:44,650 ] python_multipart.multipart - DEBUG - Calling on_field_end with no data
[ 2025-04-08 13:40:44,650 ] python_multipart.multipart - DEBUG - Calling on_field_start with no data
[ 2025-04-08 13:40:44,650 ] python_multipart.multipart - DEBUG - Calling on_field_name with data[98:107]
[ 2025-04-08 13:40:44,650 ] python_multipart.multipart - DEBUG - Calling on_field_data with data[108:109]
[ 2025-04-08 13:40:44,650 ] python_multipart.multipart - DEBUG - Calling on_field_end with no data
[ 2025-04-08 13:40:44,650 ] python_multipart.multipart - DEBUG - Calling on_field_start with no data
[ 2025-04-08 13:40:44,650 ] python_multipart.multipart - DEBUG - Calling on_field_name with data[110:120]
[ 2025-04-08 13:40:44,650 ] python_multipart.multipart - DEBUG - Calling on_field_data with data[121:122]
[ 2025-04-08 13:40:44,650 ] python_multipart.multipart - DEBUG - Calling on_field_end with no data
[ 2025-04-08 13:40:44,650 ] python_multipart.multipart - DEBUG - Calling on_field_start with no data
[ 2025-04-08 13:40:44,650 ] python_multipart.multipart - DEBUG - Calling on_field_name with data[123:136]
[ 2025-04-08 13:40:44,650 ] python_multipart.multipart - DEBUG - Calling on_field_data with data[137:138]
[ 2025-04-08 13:40:44,650 ] python_multipart.multipart - DEBUG - Calling on_field_end with no data
[ 2025-04-08 13:40:44,650 ] python_multipart.multipart - DEBUG - Calling on_field_start with no data
[ 2025-04-08 13:40:44,650 ] python_multipart.multipart - DEBUG - Calling on_field_name with data[139:158]
[ 2025-04-08 13:40:44,650 ] python_multipart.multipart - DEBUG - Calling on_field_data with data[159:163]
[ 2025-04-08 13:40:44,650 ] python_multipart.multipart - DEBUG - Calling on_field_end with no data
[ 2025-04-08 13:40:44,650 ] python_multipart.multipart - DEBUG - Calling on_field_start with no data
[ 2025-04-08 13:40:44,650 ] python_multipart.multipart - DEBUG - Calling on_field_name with data[164:189]
[ 2025-04-08 13:40:44,650 ] python_multipart.multipart - DEBUG - Calling on_field_data with data[190:193]
[ 2025-04-08 13:40:44,650 ] python_multipart.multipart - DEBUG - Calling on_field_end with no data
[ 2025-04-08 13:40:44,651 ] python_multipart.multipart - DEBUG - Calling on_field_start with no data
[ 2025-04-08 13:40:44,651 ] python_multipart.multipart - DEBUG - Calling on_field_name with data[194:220]
[ 2025-04-08 13:40:44,651 ] python_multipart.multipart - DEBUG - Calling on_field_data with data[221:222]
[ 2025-04-08 13:40:44,651 ] python_multipart.multipart - DEBUG - Calling on_field_end with no data
[ 2025-04-08 13:40:44,651 ] python_multipart.multipart - DEBUG - Calling on_end with no data
[ 2025-04-08 13:40:44,664 ] root - INFO - Entered get_credt_data_as_dict method as creditData class
[ 2025-04-08 13:40:44,664 ] root - INFO - Created credt data dict
[ 2025-04-08 13:40:44,664 ] root - INFO - Exited get_credt_data_as_dict method as credtdata class
[ 2025-04-08 13:40:44,704 ] root - INFO - Entered predict method of Classifier class
[ 2025-04-08 13:40:44,707 ] botocore.hooks - DEBUG - Changing event name from creating-client-class.iot-data to creating-client-class.iot-data-plane
[ 2025-04-08 13:40:44,709 ] botocore.hooks - DEBUG - Changing event name from before-call.apigateway to before-call.api-gateway
[ 2025-04-08 13:40:44,710 ] botocore.hooks - DEBUG - Changing event name from request-created.machinelearning.Predict to request-created.machine-learning.Predict
[ 2025-04-08 13:40:44,711 ] botocore.hooks - DEBUG - Changing event name from before-parameter-build.autoscaling.CreateLaunchConfiguration to before-parameter-build.auto-scaling.CreateLaunchConfiguration
[ 2025-04-08 13:40:44,712 ] botocore.hooks - DEBUG - Changing event name from before-parameter-build.route53 to before-parameter-build.route-53
[ 2025-04-08 13:40:44,712 ] botocore.hooks - DEBUG - Changing event name from request-created.cloudsearchdomain.Search to request-created.cloudsearch-domain.Search
[ 2025-04-08 13:40:44,714 ] botocore.hooks - DEBUG - Changing event name from docs.*.autoscaling.CreateLaunchConfiguration.complete-section to docs.*.auto-scaling.CreateLaunchConfiguration.complete-section
[ 2025-04-08 13:40:44,716 ] botocore.hooks - DEBUG - Changing event name from before-parameter-build.logs.CreateExportTask to before-parameter-build.cloudwatch-logs.CreateExportTask
[ 2025-04-08 13:40:44,716 ] botocore.hooks - DEBUG - Changing event name from docs.*.logs.CreateExportTask.complete-section to docs.*.cloudwatch-logs.CreateExportTask.complete-section
[ 2025-04-08 13:40:44,717 ] botocore.hooks - DEBUG - Changing event name from before-parameter-build.cloudsearchdomain.Search to before-parameter-build.cloudsearch-domain.Search
[ 2025-04-08 13:40:44,717 ] botocore.hooks - DEBUG - Changing event name from docs.*.cloudsearchdomain.Search.complete-section to docs.*.cloudsearch-domain.Search.complete-section
[ 2025-04-08 13:40:45,230 ] botocore.loaders - DEBUG - Loading JSON file: C:\Users\shuda\Predicting-credit-risk\venv2\lib\site-packages\boto3\data\s3\2006-03-01\resources-1.json
[ 2025-04-08 13:40:45,235 ] botocore.loaders - DEBUG - Loading JSON file: C:\Users\shuda\Predicting-credit-risk\venv2\lib\site-packages\botocore\data\endpoints.json
[ 2025-04-08 13:40:45,451 ] botocore.loaders - DEBUG - Loading JSON file: C:\Users\shuda\Predicting-credit-risk\venv2\lib\site-packages\botocore\data\sdk-default-configuration.json
[ 2025-04-08 13:40:45,451 ] botocore.hooks - DEBUG - Event choose-service-name: calling handler <function handle_service_name_alias at 0x000001C137F72E60>
[ 2025-04-08 13:40:45,617 ] botocore.loaders - DEBUG - Loading JSON file: C:\Users\shuda\Predicting-credit-risk\venv2\lib\site-packages\botocore\data\s3\2006-03-01\service-2.json.gz
[ 2025-04-08 13:40:45,628 ] botocore.loaders - DEBUG - Loading JSON file: C:\Users\shuda\Predicting-credit-risk\venv2\lib\site-packages\botocore\data\s3\2006-03-01\service-2.sdk-extras.json
[ 2025-04-08 13:40:45,774 ] botocore.loaders - DEBUG - Loading JSON file: C:\Users\shuda\Predicting-credit-risk\venv2\lib\site-packages\botocore\data\s3\2006-03-01\endpoint-rule-set-1.json.gz
[ 2025-04-08 13:40:45,781 ] botocore.loaders - DEBUG - Loading JSON file: C:\Users\shuda\Predicting-credit-risk\venv2\lib\site-packages\botocore\data\partitions.json
[ 2025-04-08 13:40:45,783 ] botocore.hooks - DEBUG - Event creating-client-class.s3: calling handler <function add_generate_presigned_post at 0x000001C137F012D0>
[ 2025-04-08 13:40:45,783 ] botocore.hooks - DEBUG - Event creating-client-class.s3: calling handler <function lazy_call.<locals>._handler at 0x000001C149603640>
[ 2025-04-08 13:40:45,787 ] botocore.hooks - DEBUG - Event creating-client-class.s3: calling handler <function add_generate_presigned_url at 0x000001C137F01090>
[ 2025-04-08 13:40:45,787 ] botocore.configprovider - DEBUG - Looking for endpoint for s3 via: environment_service
[ 2025-04-08 13:40:45,787 ] botocore.configprovider - DEBUG - Looking for endpoint for s3 via: environment_global
[ 2025-04-08 13:40:45,787 ] botocore.configprovider - DEBUG - Looking for endpoint for s3 via: config_service
[ 2025-04-08 13:40:45,787 ] botocore.configprovider - DEBUG - Looking for endpoint for s3 via: config_global
[ 2025-04-08 13:40:45,787 ] botocore.configprovider - DEBUG - No configured endpoint found.
[ 2025-04-08 13:40:45,790 ] botocore.endpoint - DEBUG - Setting s3 timeout as (60, 60)
[ 2025-04-08 13:40:45,829 ] botocore.loaders - DEBUG - Loading JSON file: C:\Users\shuda\Predicting-credit-risk\venv2\lib\site-packages\botocore\data\_retry.json
[ 2025-04-08 13:40:45,830 ] botocore.client - DEBUG - Registering retry handlers for service: s3
[ 2025-04-08 13:40:45,830 ] botocore.utils - DEBUG - Registering S3 region redirector handler
[ 2025-04-08 13:40:45,830 ] botocore.utils - DEBUG - Registering S3Express Identity Resolver
[ 2025-04-08 13:40:45,831 ] boto3.resources.factory - DEBUG - Loading s3:s3
[ 2025-04-08 13:40:45,832 ] botocore.hooks - DEBUG - Event choose-service-name: calling handler <function handle_service_name_alias at 0x000001C137F72E60>
[ 2025-04-08 13:40:45,834 ] botocore.hooks - DEBUG - Event creating-client-class.s3: calling handler <function add_generate_presigned_post at 0x000001C137F012D0>
[ 2025-04-08 13:40:45,834 ] botocore.hooks - DEBUG - Event creating-client-class.s3: calling handler <function lazy_call.<locals>._handler at 0x000001C149603640>
[ 2025-04-08 13:40:45,834 ] botocore.hooks - DEBUG - Event creating-client-class.s3: calling handler <function add_generate_presigned_url at 0x000001C137F01090>
[ 2025-04-08 13:40:45,834 ] botocore.configprovider - DEBUG - Looking for endpoint for s3 via: environment_service
[ 2025-04-08 13:40:45,835 ] botocore.configprovider - DEBUG - Looking for endpoint for s3 via: environment_global
[ 2025-04-08 13:40:45,835 ] botocore.configprovider - DEBUG - Looking for endpoint for s3 via: config_service
[ 2025-04-08 13:40:45,835 ] botocore.configprovider - DEBUG - Looking for endpoint for s3 via: config_global
[ 2025-04-08 13:40:45,835 ] botocore.configprovider - DEBUG - No configured endpoint found.
[ 2025-04-08 13:40:45,835 ] botocore.endpoint - DEBUG - Setting s3 timeout as (60, 60)
[ 2025-04-08 13:40:45,836 ] botocore.client - DEBUG - Registering retry handlers for service: s3
[ 2025-04-08 13:40:45,837 ] botocore.utils - DEBUG - Registering S3 region redirector handler
[ 2025-04-08 13:40:45,837 ] botocore.utils - DEBUG - Registering S3Express Identity Resolver
[ 2025-04-08 13:40:45,837 ] root - INFO - Entered the load_model method of S3Operations class
[ 2025-04-08 13:40:45,837 ] root - INFO - Entered the get_file_object method of S3Operations class
[ 2025-04-08 13:40:45,837 ] root - INFO - Entered the get_bucket method of S3Operations class
[ 2025-04-08 13:40:45,837 ] boto3.resources.factory - DEBUG - Loading s3:Bucket
[ 2025-04-08 13:40:45,837 ] boto3.resources.model - DEBUG - Renaming Bucket attribute name
[ 2025-04-08 13:40:45,838 ] botocore.hooks - DEBUG - Event creating-resource-class.s3.Bucket: calling handler <function lazy_call.<locals>._handler at 0x000001C1496289D0>
[ 2025-04-08 13:40:45,838 ] root - INFO - Exited the get_bucket method of S3Operations class
[ 2025-04-08 13:40:45,943 ] botocore.loaders - DEBUG - Loading JSON file: C:\Users\shuda\Predicting-credit-risk\venv2\lib\site-packages\botocore\data\s3\2006-03-01\paginators-1.json
[ 2025-04-08 13:40:45,945 ] botocore.loaders - DEBUG - Loading JSON file: C:\Users\shuda\Predicting-credit-risk\venv2\lib\site-packages\botocore\data\s3\2006-03-01\paginators-1.sdk-extras.json
[ 2025-04-08 13:40:45,945 ] boto3.resources.collection - DEBUG - Calling paginated s3:list_objects with {'Bucket': 'credits33456', 'Prefix': 'model.pkl'}
[ 2025-04-08 13:40:45,946 ] botocore.hooks - DEBUG - Event before-parameter-build.s3.ListObjects: calling handler <function set_list_objects_encoding_type_url at 0x000001C137F91BD0>
[ 2025-04-08 13:40:45,946 ] botocore.hooks - DEBUG - Event before-parameter-build.s3.ListObjects: calling handler <function validate_bucket_name at 0x000001C137F90940>
[ 2025-04-08 13:40:45,947 ] botocore.hooks - DEBUG - Event before-parameter-build.s3.ListObjects: calling handler <function remove_bucket_from_url_paths_from_model at 0x000001C137F927A0>
[ 2025-04-08 13:40:45,947 ] botocore.hooks - DEBUG - Event before-parameter-build.s3.ListObjects: calling handler <bound method S3RegionRedirectorv2.annotate_request_context of <botocore.utils.S3RegionRedirectorv2 object at 0x000001C14A18AF50>>
[ 2025-04-08 13:40:45,947 ] botocore.hooks - DEBUG - Event before-parameter-build.s3.ListObjects: calling handler <bound method ClientCreator._inject_s3_input_parameters of <botocore.client.ClientCreator object at 0x000001C149595C90>>
[ 2025-04-08 13:40:45,947 ] botocore.hooks - DEBUG - Event before-parameter-build.s3.ListObjects: calling handler <function generate_idempotent_uuid at 0x000001C137F90790>
[ 2025-04-08 13:40:45,947 ] botocore.hooks - DEBUG - Event before-parameter-build.s3.ListObjects: calling handler <function _handle_request_validation_mode_member at 0x000001C137F92E60>
[ 2025-04-08 13:40:45,947 ] botocore.hooks - DEBUG - Event before-endpoint-resolution.s3: calling handler <function customize_endpoint_resolver_builtins at 0x000001C137F92950>
[ 2025-04-08 13:40:45,947 ] botocore.hooks - DEBUG - Event before-endpoint-resolution.s3: calling handler <bound method S3RegionRedirectorv2.redirect_from_cache of <botocore.utils.S3RegionRedirectorv2 object at 0x000001C14A18AF50>>
[ 2025-04-08 13:40:45,947 ] botocore.regions - DEBUG - Calling endpoint provider with parameters: {'Bucket': 'credits33456', 'Region': 'eu-west-3', 'UseFIPS': False, 'UseDualStack': False, 'ForcePathStyle': False, 'Accelerate': False, 'UseGlobalEndpoint': False, 'Prefix': 'model.pkl', 'DisableMultiRegionAccessPoints': False, 'UseArnRegion': True}
[ 2025-04-08 13:40:45,948 ] botocore.regions - DEBUG - Endpoint provider result: https://credits33456.s3.eu-west-3.amazonaws.com
[ 2025-04-08 13:40:45,948 ] botocore.regions - DEBUG - Selecting from endpoint provider's list of auth schemes: "sigv4". User selected auth scheme is: "None"
[ 2025-04-08 13:40:45,948 ] botocore.regions - DEBUG - Selected auth type "v4" as "v4" with signing context params: {'region': 'eu-west-3', 'signing_name': 's3', 'disableDoubleEncoding': True}
[ 2025-04-08 13:40:45,948 ] botocore.hooks - DEBUG - Event before-call.s3.ListObjects: calling handler <function add_expect_header at 0x000001C137F90CA0>
[ 2025-04-08 13:40:45,948 ] botocore.hooks - DEBUG - Event before-call.s3.ListObjects: calling handler <bound method S3ExpressIdentityResolver.apply_signing_cache_key of <botocore.utils.S3ExpressIdentityResolver object at 0x000001C14A18AFB0>>
[ 2025-04-08 13:40:45,948 ] botocore.hooks - DEBUG - Event before-call.s3.ListObjects: calling handler <function add_recursion_detection_header at 0x000001C137F903A0>
[ 2025-04-08 13:40:45,948 ] botocore.hooks - DEBUG - Event before-call.s3.ListObjects: calling handler <function add_query_compatibility_header at 0x000001C137F92DD0>
[ 2025-04-08 13:40:45,948 ] botocore.hooks - DEBUG - Event before-call.s3.ListObjects: calling handler <function inject_api_version_header_if_needed at 0x000001C137F91FC0>
[ 2025-04-08 13:40:45,949 ] botocore.endpoint - DEBUG - Making request for OperationModel(name=ListObjects) with params: {'url_path': '', 'query_string': {'prefix': 'model.pkl', 'encoding-type': 'url'}, 'method': 'GET', 'headers': {'User-Agent': 'Boto3/1.37.13 md/Botocore#1.37.13 ua/2.1 os/windows#10 md/arch#amd64 lang/python#3.10.2 md/pyimpl#CPython m/C cfg/retry-mode#legacy Botocore/1.37.13 Resource'}, 'body': b'', 'auth_path': '/credits33456/', 'url': 'https://credits33456.s3.eu-west-3.amazonaws.com/?prefix=model.pkl&encoding-type=url', 'context': {'client_region': 'eu-west-3', 'client_config': <botocore.config.Config object at 0x000001C14A132C50>, 'has_streaming_input': False, 'auth_type': 'v4', 'unsigned_payload': None, 'encoding_type_auto_set': True, 's3_redirect': {'redirected': False, 'bucket': 'credits33456', 'params': {'Bucket': 'credits33456', 'Prefix': 'model.pkl', 'EncodingType': 'url'}}, 'input_params': {'Bucket': 'credits33456', 'Prefix': 'model.pkl'}, 'signing': {'region': 'eu-west-3', 'signing_name': 's3', 'disableDoubleEncoding': True}, 'endpoint_properties': {'authSchemes': [{'disableDoubleEncoding': True, 'name': 'sigv4', 'signingName': 's3', 'signingRegion': 'eu-west-3'}]}}}
[ 2025-04-08 13:40:45,950 ] botocore.hooks - DEBUG - Event request-created.s3.ListObjects: calling handler <bound method RequestSigner.handler of <botocore.signers.RequestSigner object at 0x000001C14A132C80>>
[ 2025-04-08 13:40:45,950 ] botocore.hooks - DEBUG - Event choose-signer.s3.ListObjects: calling handler <function set_operation_specific_signer at 0x000001C137F905E0>
[ 2025-04-08 13:40:45,950 ] botocore.hooks - DEBUG - Event before-sign.s3.ListObjects: calling handler <function remove_arn_from_signing_path at 0x000001C137F928C0>
[ 2025-04-08 13:40:45,950 ] botocore.hooks - DEBUG - Event before-sign.s3.ListObjects: calling handler <function _set_extra_headers_for_unsigned_request at 0x000001C137F92EF0>
[ 2025-04-08 13:40:45,950 ] botocore.hooks - DEBUG - Event before-sign.s3.ListObjects: calling handler <bound method S3ExpressIdentityResolver.resolve_s3express_identity of <botocore.utils.S3ExpressIdentityResolver object at 0x000001C14A18AFB0>>
[ 2025-04-08 13:40:45,951 ] botocore.auth - DEBUG - Calculating signature using v4 auth.
[ 2025-04-08 13:40:45,951 ] botocore.auth - DEBUG - CanonicalRequest:
GET
/
encoding-type=url&prefix=model.pkl
host:credits33456.s3.eu-west-3.amazonaws.com
x-amz-content-sha256:e3b0c44298fc1c149afbf4c8996fb92427ae41e4649b934ca495991b7852b855
x-amz-date:20250408T114045Z

host;x-amz-content-sha256;x-amz-date
e3b0c44298fc1c149afbf4c8996fb92427ae41e4649b934ca495991b7852b855
[ 2025-04-08 13:40:45,951 ] botocore.auth - DEBUG - StringToSign:
AWS4-HMAC-SHA256
20250408T114045Z
20250408/eu-west-3/s3/aws4_request
4299d75aa8044477755da5c1206d165c7adf156901de5b56630e84d0eb311043
[ 2025-04-08 13:40:45,952 ] botocore.auth - DEBUG - Signature:
c156d100ef503e5d6943b5b3cf3f002d4a1367885292e202f80b24f3e0fba4d7
[ 2025-04-08 13:40:45,952 ] botocore.hooks - DEBUG - Event request-created.s3.ListObjects: calling handler <bound method UserAgentString.rebuild_and_replace_user_agent_handler of <botocore.useragent.UserAgentString object at 0x000001C14A18A950>>
[ 2025-04-08 13:40:45,952 ] botocore.hooks - DEBUG - Event request-created.s3.ListObjects: calling handler <function add_retry_headers at 0x000001C137F92710>
[ 2025-04-08 13:40:45,952 ] botocore.endpoint - DEBUG - Sending http request: <AWSPreparedRequest stream_output=False, method=GET, url=https://credits33456.s3.eu-west-3.amazonaws.com/?prefix=model.pkl&encoding-type=url, headers={'User-Agent': b'Boto3/1.37.13 md/Botocore#1.37.13 ua/2.1 os/windows#10 md/arch#amd64 lang/python#3.10.2 md/pyimpl#CPython m/C cfg/retry-mode#legacy Botocore/1.37.13 Resource', 'X-Amz-Date': b'20250408T114045Z', 'X-Amz-Content-SHA256': b'e3b0c44298fc1c149afbf4c8996fb92427ae41e4649b934ca495991b7852b855', 'Authorization': b'AWS4-HMAC-SHA256 Credential=AKIAWMFUPRGL7UNOU257/20250408/eu-west-3/s3/aws4_request, SignedHeaders=host;x-amz-content-sha256;x-amz-date, Signature=c156d100ef503e5d6943b5b3cf3f002d4a1367885292e202f80b24f3e0fba4d7', 'amz-sdk-invocation-id': b'84623cea-4044-459c-bc00-0a1ab3109b99', 'amz-sdk-request': b'attempt=1'}>
[ 2025-04-08 13:40:45,954 ] botocore.httpsession - DEBUG - Certificate path: C:\Users\shuda\Predicting-credit-risk\venv2\lib\site-packages\certifi\cacert.pem
[ 2025-04-08 13:40:45,955 ] urllib3.connectionpool - DEBUG - Starting new HTTPS connection (1): credits33456.s3.eu-west-3.amazonaws.com:443
[ 2025-04-08 13:40:46,096 ] urllib3.connectionpool - DEBUG - https://credits33456.s3.eu-west-3.amazonaws.com:443 "GET /?prefix=model.pkl&encoding-type=url HTTP/1.1" 200 None
[ 2025-04-08 13:40:46,096 ] botocore.hooks - DEBUG - Event before-parse.s3.ListObjects: calling handler <function _handle_200_error at 0x000001C137F92C20>
[ 2025-04-08 13:40:46,098 ] botocore.hooks - DEBUG - Event before-parse.s3.ListObjects: calling handler <function handle_expires_header at 0x000001C137F92A70>
[ 2025-04-08 13:40:46,098 ] botocore.parsers - DEBUG - Response headers: {'x-amz-id-2': '1IETJdOOWqox8IyhqQvweSIcQ6ZkG7Oa1YDDLxZDAPgqTWmKkI+lhAuiEJ2yoWS+NFuv+OOe4Ww=', 'x-amz-request-id': 'MECNNNYE379KPV5M', 'Date': 'Tue, 08 Apr 2025 11:40:47 GMT', 'x-amz-bucket-region': 'eu-west-3', 'Content-Type': 'application/xml', 'Transfer-Encoding': 'chunked', 'Server': 'AmazonS3'}
[ 2025-04-08 13:40:46,098 ] botocore.parsers - DEBUG - Response body:
b'<?xml version="1.0" encoding="UTF-8"?>\n<ListBucketResult xmlns="http://s3.amazonaws.com/doc/2006-03-01/"><Name>credits33456</Name><Prefix>model.pkl</Prefix><Marker></Marker><MaxKeys>1000</MaxKeys><EncodingType>url</EncodingType><IsTruncated>false</IsTruncated><Contents><Key>model.pkl</Key><LastModified>2025-04-08T09:53:22.000Z</LastModified><ETag>&quot;998ae1a84fdd9f06ebc44c1039886702&quot;</ETag><ChecksumAlgorithm>CRC32</ChecksumAlgorithm><ChecksumType>FULL_OBJECT</ChecksumType><Size>6933593</Size><Owner><ID>972028935ff922de9f68972a4df98f3edc9f9b224244f7cd02bf94e634659904</ID></Owner><StorageClass>STANDARD</StorageClass></Contents></ListBucketResult>'
[ 2025-04-08 13:40:46,102 ] botocore.hooks - DEBUG - Event needs-retry.s3.ListObjects: calling handler <function _update_status_code at 0x000001C137F92D40>
[ 2025-04-08 13:40:46,102 ] botocore.hooks - DEBUG - Event needs-retry.s3.ListObjects: calling handler <botocore.retryhandler.RetryHandler object at 0x000001C14A18AE90>
[ 2025-04-08 13:40:46,102 ] botocore.retryhandler - DEBUG - No retry needed.
[ 2025-04-08 13:40:46,102 ] botocore.hooks - DEBUG - Event needs-retry.s3.ListObjects: calling handler <bound method S3RegionRedirectorv2.redirect_from_error of <botocore.utils.S3RegionRedirectorv2 object at 0x000001C14A18AF50>>
[ 2025-04-08 13:40:46,103 ] botocore.hooks - DEBUG - Event after-call.s3.ListObjects: calling handler <function decode_list_object at 0x000001C137F91C60>
[ 2025-04-08 13:40:46,103 ] boto3.resources.factory - DEBUG - Loading s3:ObjectSummary
[ 2025-04-08 13:40:46,103 ] boto3.resources.model - DEBUG - Renaming ObjectSummary attribute key
[ 2025-04-08 13:40:46,104 ] botocore.hooks - DEBUG - Event creating-resource-class.s3.ObjectSummary: calling handler <function lazy_call.<locals>._handler at 0x000001C149628AF0>
[ 2025-04-08 13:40:46,104 ] root - INFO - Exited the get_file_object method of S3Operations class
[ 2025-04-08 13:40:46,105 ] root - INFO - Entered the read_object method of S3Operations class
[ 2025-04-08 13:40:46,105 ] root - INFO - Exited the read_object method of S3Operations class
[ 2025-04-08 13:40:46,105 ] boto3.resources.action - DEBUG - Calling s3:get_object with {'Bucket': 'credits33456', 'Key': 'model.pkl'}
[ 2025-04-08 13:40:46,105 ] botocore.hooks - DEBUG - Event before-parameter-build.s3.GetObject: calling handler <function sse_md5 at 0x000001C137F909D0>
[ 2025-04-08 13:40:46,105 ] botocore.hooks - DEBUG - Event before-parameter-build.s3.GetObject: calling handler <function validate_bucket_name at 0x000001C137F90940>
[ 2025-04-08 13:40:46,105 ] botocore.hooks - DEBUG - Event before-parameter-build.s3.GetObject: calling handler <function remove_bucket_from_url_paths_from_model at 0x000001C137F927A0>
[ 2025-04-08 13:40:46,105 ] botocore.hooks - DEBUG - Event before-parameter-build.s3.GetObject: calling handler <bound method S3RegionRedirectorv2.annotate_request_context of <botocore.utils.S3RegionRedirectorv2 object at 0x000001C14A18AF50>>
[ 2025-04-08 13:40:46,106 ] botocore.hooks - DEBUG - Event before-parameter-build.s3.GetObject: calling handler <bound method ClientCreator._inject_s3_input_parameters of <botocore.client.ClientCreator object at 0x000001C149595C90>>
[ 2025-04-08 13:40:46,106 ] botocore.hooks - DEBUG - Event before-parameter-build.s3.GetObject: calling handler <function generate_idempotent_uuid at 0x000001C137F90790>
[ 2025-04-08 13:40:46,106 ] botocore.hooks - DEBUG - Event before-parameter-build.s3.GetObject: calling handler <function _handle_request_validation_mode_member at 0x000001C137F92E60>
[ 2025-04-08 13:40:46,106 ] botocore.hooks - DEBUG - Event before-endpoint-resolution.s3: calling handler <function customize_endpoint_resolver_builtins at 0x000001C137F92950>
[ 2025-04-08 13:40:46,106 ] botocore.hooks - DEBUG - Event before-endpoint-resolution.s3: calling handler <bound method S3RegionRedirectorv2.redirect_from_cache of <botocore.utils.S3RegionRedirectorv2 object at 0x000001C14A18AF50>>
[ 2025-04-08 13:40:46,106 ] botocore.regions - DEBUG - Calling endpoint provider with parameters: {'Bucket': 'credits33456', 'Region': 'eu-west-3', 'UseFIPS': False, 'UseDualStack': False, 'ForcePathStyle': False, 'Accelerate': False, 'UseGlobalEndpoint': False, 'Key': 'model.pkl', 'DisableMultiRegionAccessPoints': False, 'UseArnRegion': True}
[ 2025-04-08 13:40:46,107 ] botocore.regions - DEBUG - Endpoint provider result: https://credits33456.s3.eu-west-3.amazonaws.com
[ 2025-04-08 13:40:46,107 ] botocore.regions - DEBUG - Selecting from endpoint provider's list of auth schemes: "sigv4". User selected auth scheme is: "None"
[ 2025-04-08 13:40:46,107 ] botocore.regions - DEBUG - Selected auth type "v4" as "v4" with signing context params: {'region': 'eu-west-3', 'signing_name': 's3', 'disableDoubleEncoding': True}
[ 2025-04-08 13:40:46,108 ] botocore.hooks - DEBUG - Event before-call.s3.GetObject: calling handler <function add_expect_header at 0x000001C137F90CA0>
[ 2025-04-08 13:40:46,108 ] botocore.hooks - DEBUG - Event before-call.s3.GetObject: calling handler <bound method S3ExpressIdentityResolver.apply_signing_cache_key of <botocore.utils.S3ExpressIdentityResolver object at 0x000001C14A18AFB0>>
[ 2025-04-08 13:40:46,108 ] botocore.hooks - DEBUG - Event before-call.s3.GetObject: calling handler <function add_recursion_detection_header at 0x000001C137F903A0>
[ 2025-04-08 13:40:46,108 ] botocore.hooks - DEBUG - Event before-call.s3.GetObject: calling handler <function add_query_compatibility_header at 0x000001C137F92DD0>
[ 2025-04-08 13:40:46,108 ] botocore.hooks - DEBUG - Event before-call.s3.GetObject: calling handler <function inject_api_version_header_if_needed at 0x000001C137F91FC0>
[ 2025-04-08 13:40:46,108 ] botocore.endpoint - DEBUG - Making request for OperationModel(name=GetObject) with params: {'url_path': '/model.pkl', 'query_string': {}, 'method': 'GET', 'headers': {'x-amz-checksum-mode': 'ENABLED', 'User-Agent': 'Boto3/1.37.13 md/Botocore#1.37.13 ua/2.1 os/windows#10 md/arch#amd64 lang/python#3.10.2 md/pyimpl#CPython cfg/retry-mode#legacy Botocore/1.37.13 Resource'}, 'body': b'', 'auth_path': '/credits33456/model.pkl', 'url': 'https://credits33456.s3.eu-west-3.amazonaws.com/model.pkl', 'context': {'client_region': 'eu-west-3', 'client_config': <botocore.config.Config object at 0x000001C14A132C50>, 'has_streaming_input': False, 'auth_type': 'v4', 'unsigned_payload': None, 's3_redirect': {'redirected': False, 'bucket': 'credits33456', 'params': {'Bucket': 'credits33456', 'Key': 'model.pkl', 'ChecksumMode': 'ENABLED'}}, 'input_params': {'Bucket': 'credits33456', 'Key': 'model.pkl'}, 'signing': {'region': 'eu-west-3', 'signing_name': 's3', 'disableDoubleEncoding': True}, 'endpoint_properties': {'authSchemes': [{'disableDoubleEncoding': True, 'name': 'sigv4', 'signingName': 's3', 'signingRegion': 'eu-west-3'}]}, 'checksum': {'response_algorithms': ['crc32', 'sha1', 'sha256']}}}
[ 2025-04-08 13:40:46,109 ] botocore.hooks - DEBUG - Event request-created.s3.GetObject: calling handler <bound method RequestSigner.handler of <botocore.signers.RequestSigner object at 0x000001C14A132C80>>
[ 2025-04-08 13:40:46,109 ] botocore.hooks - DEBUG - Event choose-signer.s3.GetObject: calling handler <function set_operation_specific_signer at 0x000001C137F905E0>
[ 2025-04-08 13:40:46,109 ] botocore.hooks - DEBUG - Event before-sign.s3.GetObject: calling handler <function remove_arn_from_signing_path at 0x000001C137F928C0>
[ 2025-04-08 13:40:46,109 ] botocore.hooks - DEBUG - Event before-sign.s3.GetObject: calling handler <function _set_extra_headers_for_unsigned_request at 0x000001C137F92EF0>
[ 2025-04-08 13:40:46,109 ] botocore.hooks - DEBUG - Event before-sign.s3.GetObject: calling handler <bound method S3ExpressIdentityResolver.resolve_s3express_identity of <botocore.utils.S3ExpressIdentityResolver object at 0x000001C14A18AFB0>>
[ 2025-04-08 13:40:46,109 ] botocore.auth - DEBUG - Calculating signature using v4 auth.
[ 2025-04-08 13:40:46,109 ] botocore.auth - DEBUG - CanonicalRequest:
GET
/model.pkl

host:credits33456.s3.eu-west-3.amazonaws.com
x-amz-checksum-mode:ENABLED
x-amz-content-sha256:e3b0c44298fc1c149afbf4c8996fb92427ae41e4649b934ca495991b7852b855
x-amz-date:20250408T114046Z

host;x-amz-checksum-mode;x-amz-content-sha256;x-amz-date
e3b0c44298fc1c149afbf4c8996fb92427ae41e4649b934ca495991b7852b855
[ 2025-04-08 13:40:46,110 ] botocore.auth - DEBUG - StringToSign:
AWS4-HMAC-SHA256
20250408T114046Z
20250408/eu-west-3/s3/aws4_request
8c0f05bf93bca21426239f466a65659524ef8b466c700d23a3cac90f912bbf04
[ 2025-04-08 13:40:46,110 ] botocore.auth - DEBUG - Signature:
fad8e6ad8fc0209e999618720be574ca43959f9e19c81bb6d54ff60a12712117
[ 2025-04-08 13:40:46,110 ] botocore.hooks - DEBUG - Event request-created.s3.GetObject: calling handler <bound method UserAgentString.rebuild_and_replace_user_agent_handler of <botocore.useragent.UserAgentString object at 0x000001C14A18A950>>
[ 2025-04-08 13:40:46,110 ] botocore.hooks - DEBUG - Event request-created.s3.GetObject: calling handler <function add_retry_headers at 0x000001C137F92710>
[ 2025-04-08 13:40:46,110 ] botocore.endpoint - DEBUG - Sending http request: <AWSPreparedRequest stream_output=True, method=GET, url=https://credits33456.s3.eu-west-3.amazonaws.com/model.pkl, headers={'x-amz-checksum-mode': b'ENABLED', 'User-Agent': b'Boto3/1.37.13 md/Botocore#1.37.13 ua/2.1 os/windows#10 md/arch#amd64 lang/python#3.10.2 md/pyimpl#CPython cfg/retry-mode#legacy Botocore/1.37.13 Resource', 'X-Amz-Date': b'20250408T114046Z', 'X-Amz-Content-SHA256': b'e3b0c44298fc1c149afbf4c8996fb92427ae41e4649b934ca495991b7852b855', 'Authorization': b'AWS4-HMAC-SHA256 Credential=AKIAWMFUPRGL7UNOU257/20250408/eu-west-3/s3/aws4_request, SignedHeaders=host;x-amz-checksum-mode;x-amz-content-sha256;x-amz-date, Signature=fad8e6ad8fc0209e999618720be574ca43959f9e19c81bb6d54ff60a12712117', 'amz-sdk-invocation-id': b'0b44436e-643a-40a2-82a8-6070902b89e0', 'amz-sdk-request': b'attempt=1'}>
[ 2025-04-08 13:40:46,111 ] botocore.httpsession - DEBUG - Certificate path: C:\Users\shuda\Predicting-credit-risk\venv2\lib\site-packages\certifi\cacert.pem
[ 2025-04-08 13:40:46,197 ] urllib3.connectionpool - DEBUG - https://credits33456.s3.eu-west-3.amazonaws.com:443 "GET /model.pkl HTTP/1.1" 200 6933593
[ 2025-04-08 13:40:46,198 ] botocore.hooks - DEBUG - Event before-parse.s3.GetObject: calling handler <function _handle_200_error at 0x000001C137F92C20>
[ 2025-04-08 13:40:46,198 ] botocore.hooks - DEBUG - Event before-parse.s3.GetObject: calling handler <function handle_expires_header at 0x000001C137F92A70>
[ 2025-04-08 13:40:46,198 ] botocore.parsers - DEBUG - Response headers: {'x-amz-id-2': 'aXFJFz5RJBBUFPY0tCV2gYdldOFDpO/w0ELXEEyLmE0/+xF/po9iKiWBV/mBHoeLgGg/eB+YyqA=', 'x-amz-request-id': 'MECMK65NC325404A', 'Date': 'Tue, 08 Apr 2025 11:40:47 GMT', 'Last-Modified': 'Tue, 08 Apr 2025 09:53:22 GMT', 'ETag': '"998ae1a84fdd9f06ebc44c1039886702"', 'x-amz-checksum-crc32': 'lUdWLg==', 'x-amz-checksum-type': 'FULL_OBJECT', 'x-amz-server-side-encryption': 'AES256', 'Accept-Ranges': 'bytes', 'Content-Type': 'binary/octet-stream', 'Content-Length': '6933593', 'Server': 'AmazonS3'}
[ 2025-04-08 13:40:46,198 ] botocore.parsers - DEBUG - Response body:
<botocore.httpchecksum.StreamingChecksumBody object at 0x000001C14A2579D0>
[ 2025-04-08 13:40:46,199 ] botocore.hooks - DEBUG - Event needs-retry.s3.GetObject: calling handler <function _update_status_code at 0x000001C137F92D40>
[ 2025-04-08 13:40:46,200 ] botocore.hooks - DEBUG - Event needs-retry.s3.GetObject: calling handler <botocore.retryhandler.RetryHandler object at 0x000001C14A18AE90>
[ 2025-04-08 13:40:46,200 ] botocore.retryhandler - DEBUG - No retry needed.
[ 2025-04-08 13:40:46,200 ] botocore.hooks - DEBUG - Event needs-retry.s3.GetObject: calling handler <bound method S3RegionRedirectorv2.redirect_from_error of <botocore.utils.S3RegionRedirectorv2 object at 0x000001C14A18AF50>>
[ 2025-04-08 13:40:46,200 ] boto3.resources.action - DEBUG - Response: {'ResponseMetadata': {'RequestId': 'MECMK65NC325404A', 'HostId': 'aXFJFz5RJBBUFPY0tCV2gYdldOFDpO/w0ELXEEyLmE0/+xF/po9iKiWBV/mBHoeLgGg/eB+YyqA=', 'HTTPStatusCode': 200, 'HTTPHeaders': {'x-amz-id-2': 'aXFJFz5RJBBUFPY0tCV2gYdldOFDpO/w0ELXEEyLmE0/+xF/po9iKiWBV/mBHoeLgGg/eB+YyqA=', 'x-amz-request-id': 'MECMK65NC325404A', 'date': 'Tue, 08 Apr 2025 11:40:47 GMT', 'last-modified': 'Tue, 08 Apr 2025 09:53:22 GMT', 'etag': '"998ae1a84fdd9f06ebc44c1039886702"', 'x-amz-checksum-crc32': 'lUdWLg==', 'x-amz-checksum-type': 'FULL_OBJECT', 'x-amz-server-side-encryption': 'AES256', 'accept-ranges': 'bytes', 'content-type': 'binary/octet-stream', 'content-length': '6933593', 'server': 'AmazonS3'}, 'ChecksumAlgorithm': 'crc32', 'RetryAttempts': 0}, 'AcceptRanges': 'bytes', 'LastModified': datetime.datetime(2025, 4, 8, 9, 53, 22, tzinfo=tzutc()), 'ContentLength': 6933593, 'ETag': '"998ae1a84fdd9f06ebc44c1039886702"', 'ChecksumCRC32': 'lUdWLg==', 'ChecksumType': 'FULL_OBJECT', 'ContentType': 'binary/octet-stream', 'ServerSideEncryption': 'AES256', 'Metadata': {}, 'Body': <botocore.httpchecksum.StreamingChecksumBody object at 0x000001C14A2579D0>}
[ 2025-04-08 13:40:47,037 ] root - INFO - Exited the load_model method of S3Operations class
[ 2025-04-08 13:40:47,038 ] root - INFO - Entered predict method of RiskModel class
[ 2025-04-08 13:40:47,038 ] root - INFO - Using the trained model to get predictions
[ 2025-04-08 13:40:47,078 ] root - INFO - Used the trained model to get predictions
