[ 2025-04-08 12:53:24,349 ] asyncio - DEBUG - Using proactor: IocpProactor
[ 2025-04-08 12:58:33,436 ] python_multipart.multipart - DEBUG - Calling on_field_start with no data
[ 2025-04-08 12:58:33,440 ] python_multipart.multipart - DEBUG - Calling on_field_name with data[0:10]
[ 2025-04-08 12:58:33,440 ] python_multipart.multipart - DEBUG - Calling on_field_data with data[11:13]
[ 2025-04-08 12:58:33,440 ] python_multipart.multipart - DEBUG - Calling on_field_end with no data
[ 2025-04-08 12:58:33,441 ] python_multipart.multipart - DEBUG - Calling on_field_start with no data
[ 2025-04-08 12:58:33,442 ] python_multipart.multipart - DEBUG - Calling on_field_name with data[14:27]
[ 2025-04-08 12:58:33,442 ] python_multipart.multipart - DEBUG - Calling on_field_data with data[28:30]
[ 2025-04-08 12:58:33,442 ] python_multipart.multipart - DEBUG - Calling on_field_end with no data
[ 2025-04-08 12:58:33,442 ] python_multipart.multipart - DEBUG - Calling on_field_start with no data
[ 2025-04-08 12:58:33,442 ] python_multipart.multipart - DEBUG - Calling on_field_name with data[31:52]
[ 2025-04-08 12:58:33,442 ] python_multipart.multipart - DEBUG - Calling on_field_data with data[53:57]
[ 2025-04-08 12:58:33,442 ] python_multipart.multipart - DEBUG - Calling on_field_end with no data
[ 2025-04-08 12:58:33,442 ] python_multipart.multipart - DEBUG - Calling on_field_start with no data
[ 2025-04-08 12:58:33,442 ] python_multipart.multipart - DEBUG - Calling on_field_name with data[58:75]
[ 2025-04-08 12:58:33,442 ] python_multipart.multipart - DEBUG - Calling on_field_data with data[76:77]
[ 2025-04-08 12:58:33,443 ] python_multipart.multipart - DEBUG - Calling on_field_end with no data
[ 2025-04-08 12:58:33,443 ] python_multipart.multipart - DEBUG - Calling on_field_start with no data
[ 2025-04-08 12:58:33,443 ] python_multipart.multipart - DEBUG - Calling on_field_name with data[78:89]
[ 2025-04-08 12:58:33,443 ] python_multipart.multipart - DEBUG - Calling on_field_data with data[90:98]
[ 2025-04-08 12:58:33,443 ] python_multipart.multipart - DEBUG - Calling on_field_end with no data
[ 2025-04-08 12:58:33,443 ] python_multipart.multipart - DEBUG - Calling on_field_start with no data
[ 2025-04-08 12:58:33,443 ] python_multipart.multipart - DEBUG - Calling on_field_name with data[99:108]
[ 2025-04-08 12:58:33,443 ] python_multipart.multipart - DEBUG - Calling on_field_data with data[109:110]
[ 2025-04-08 12:58:33,443 ] python_multipart.multipart - DEBUG - Calling on_field_end with no data
[ 2025-04-08 12:58:33,443 ] python_multipart.multipart - DEBUG - Calling on_field_start with no data
[ 2025-04-08 12:58:33,444 ] python_multipart.multipart - DEBUG - Calling on_field_name with data[111:121]
[ 2025-04-08 12:58:33,444 ] python_multipart.multipart - DEBUG - Calling on_field_data with data[122:123]
[ 2025-04-08 12:58:33,444 ] python_multipart.multipart - DEBUG - Calling on_field_end with no data
[ 2025-04-08 12:58:33,444 ] python_multipart.multipart - DEBUG - Calling on_field_start with no data
[ 2025-04-08 12:58:33,444 ] python_multipart.multipart - DEBUG - Calling on_field_name with data[124:137]
[ 2025-04-08 12:58:33,444 ] python_multipart.multipart - DEBUG - Calling on_field_data with data[138:142]
[ 2025-04-08 12:58:33,444 ] python_multipart.multipart - DEBUG - Calling on_field_end with no data
[ 2025-04-08 12:58:33,444 ] python_multipart.multipart - DEBUG - Calling on_field_start with no data
[ 2025-04-08 12:58:33,444 ] python_multipart.multipart - DEBUG - Calling on_field_name with data[143:162]
[ 2025-04-08 12:58:33,444 ] python_multipart.multipart - DEBUG - Calling on_field_data with data[163:167]
[ 2025-04-08 12:58:33,444 ] python_multipart.multipart - DEBUG - Calling on_field_end with no data
[ 2025-04-08 12:58:33,444 ] python_multipart.multipart - DEBUG - Calling on_field_start with no data
[ 2025-04-08 12:58:33,444 ] python_multipart.multipart - DEBUG - Calling on_field_name with data[168:193]
[ 2025-04-08 12:58:33,444 ] python_multipart.multipart - DEBUG - Calling on_field_data with data[194:197]
[ 2025-04-08 12:58:33,444 ] python_multipart.multipart - DEBUG - Calling on_field_end with no data
[ 2025-04-08 12:58:33,444 ] python_multipart.multipart - DEBUG - Calling on_field_start with no data
[ 2025-04-08 12:58:33,444 ] python_multipart.multipart - DEBUG - Calling on_field_name with data[198:224]
[ 2025-04-08 12:58:33,444 ] python_multipart.multipart - DEBUG - Calling on_field_data with data[225:226]
[ 2025-04-08 12:58:33,444 ] python_multipart.multipart - DEBUG - Calling on_field_end with no data
[ 2025-04-08 12:58:33,445 ] python_multipart.multipart - DEBUG - Calling on_end with no data
[ 2025-04-08 12:58:33,470 ] root - INFO - Entered get_credt_data_as_dict method as creditData class
[ 2025-04-08 12:58:33,470 ] root - INFO - Created credt data dict
[ 2025-04-08 12:58:33,470 ] root - INFO - Exited get_credt_data_as_dict method as credtdata class
[ 2025-04-08 12:58:33,475 ] root - INFO - Entered predict method of USvisaClassifier class
[ 2025-04-08 12:58:33,508 ] botocore.hooks - DEBUG - Changing event name from creating-client-class.iot-data to creating-client-class.iot-data-plane
[ 2025-04-08 12:58:33,514 ] botocore.hooks - DEBUG - Changing event name from before-call.apigateway to before-call.api-gateway
[ 2025-04-08 12:58:33,515 ] botocore.hooks - DEBUG - Changing event name from request-created.machinelearning.Predict to request-created.machine-learning.Predict
[ 2025-04-08 12:58:33,516 ] botocore.hooks - DEBUG - Changing event name from before-parameter-build.autoscaling.CreateLaunchConfiguration to before-parameter-build.auto-scaling.CreateLaunchConfiguration
[ 2025-04-08 12:58:33,516 ] botocore.hooks - DEBUG - Changing event name from before-parameter-build.route53 to before-parameter-build.route-53
[ 2025-04-08 12:58:33,517 ] botocore.hooks - DEBUG - Changing event name from request-created.cloudsearchdomain.Search to request-created.cloudsearch-domain.Search
[ 2025-04-08 12:58:33,521 ] botocore.hooks - DEBUG - Changing event name from docs.*.autoscaling.CreateLaunchConfiguration.complete-section to docs.*.auto-scaling.CreateLaunchConfiguration.complete-section
[ 2025-04-08 12:58:33,525 ] botocore.hooks - DEBUG - Changing event name from before-parameter-build.logs.CreateExportTask to before-parameter-build.cloudwatch-logs.CreateExportTask
[ 2025-04-08 12:58:33,525 ] botocore.hooks - DEBUG - Changing event name from docs.*.logs.CreateExportTask.complete-section to docs.*.cloudwatch-logs.CreateExportTask.complete-section
[ 2025-04-08 12:58:33,525 ] botocore.hooks - DEBUG - Changing event name from before-parameter-build.cloudsearchdomain.Search to before-parameter-build.cloudsearch-domain.Search
[ 2025-04-08 12:58:33,526 ] botocore.hooks - DEBUG - Changing event name from docs.*.cloudsearchdomain.Search.complete-section to docs.*.cloudsearch-domain.Search.complete-section
[ 2025-04-08 12:58:34,127 ] botocore.loaders - DEBUG - Loading JSON file: C:\Users\shuda\Predicting-credit-risk\venv2\lib\site-packages\boto3\data\s3\2006-03-01\resources-1.json
[ 2025-04-08 12:58:34,153 ] botocore.loaders - DEBUG - Loading JSON file: C:\Users\shuda\Predicting-credit-risk\venv2\lib\site-packages\botocore\data\endpoints.json
[ 2025-04-08 12:58:34,913 ] botocore.loaders - DEBUG - Loading JSON file: C:\Users\shuda\Predicting-credit-risk\venv2\lib\site-packages\botocore\data\sdk-default-configuration.json
[ 2025-04-08 12:58:34,914 ] botocore.hooks - DEBUG - Event choose-service-name: calling handler <function handle_service_name_alias at 0x000002890505AEF0>
[ 2025-04-08 12:58:35,100 ] botocore.loaders - DEBUG - Loading JSON file: C:\Users\shuda\Predicting-credit-risk\venv2\lib\site-packages\botocore\data\s3\2006-03-01\service-2.json.gz
[ 2025-04-08 12:58:35,112 ] botocore.loaders - DEBUG - Loading JSON file: C:\Users\shuda\Predicting-credit-risk\venv2\lib\site-packages\botocore\data\s3\2006-03-01\service-2.sdk-extras.json
[ 2025-04-08 12:58:35,307 ] botocore.loaders - DEBUG - Loading JSON file: C:\Users\shuda\Predicting-credit-risk\venv2\lib\site-packages\botocore\data\s3\2006-03-01\endpoint-rule-set-1.json.gz
[ 2025-04-08 12:58:35,317 ] botocore.loaders - DEBUG - Loading JSON file: C:\Users\shuda\Predicting-credit-risk\venv2\lib\site-packages\botocore\data\partitions.json
[ 2025-04-08 12:58:35,319 ] botocore.hooks - DEBUG - Event creating-client-class.s3: calling handler <function add_generate_presigned_post at 0x0000028904FE1360>
[ 2025-04-08 12:58:35,319 ] botocore.hooks - DEBUG - Event creating-client-class.s3: calling handler <function lazy_call.<locals>._handler at 0x00000289167D76D0>
[ 2025-04-08 12:58:35,335 ] botocore.hooks - DEBUG - Event creating-client-class.s3: calling handler <function add_generate_presigned_url at 0x0000028904FE1120>
[ 2025-04-08 12:58:35,336 ] botocore.configprovider - DEBUG - Looking for endpoint for s3 via: environment_service
[ 2025-04-08 12:58:35,336 ] botocore.configprovider - DEBUG - Looking for endpoint for s3 via: environment_global
[ 2025-04-08 12:58:35,336 ] botocore.configprovider - DEBUG - Looking for endpoint for s3 via: config_service
[ 2025-04-08 12:58:35,336 ] botocore.configprovider - DEBUG - Looking for endpoint for s3 via: config_global
[ 2025-04-08 12:58:35,336 ] botocore.configprovider - DEBUG - No configured endpoint found.
[ 2025-04-08 12:58:35,338 ] botocore.endpoint - DEBUG - Setting s3 timeout as (60, 60)
[ 2025-04-08 12:58:35,377 ] botocore.loaders - DEBUG - Loading JSON file: C:\Users\shuda\Predicting-credit-risk\venv2\lib\site-packages\botocore\data\_retry.json
[ 2025-04-08 12:58:35,377 ] botocore.client - DEBUG - Registering retry handlers for service: s3
[ 2025-04-08 12:58:35,377 ] botocore.utils - DEBUG - Registering S3 region redirector handler
[ 2025-04-08 12:58:35,378 ] botocore.utils - DEBUG - Registering S3Express Identity Resolver
[ 2025-04-08 12:58:35,379 ] boto3.resources.factory - DEBUG - Loading s3:s3
[ 2025-04-08 12:58:35,381 ] botocore.hooks - DEBUG - Event choose-service-name: calling handler <function handle_service_name_alias at 0x000002890505AEF0>
[ 2025-04-08 12:58:35,384 ] botocore.hooks - DEBUG - Event creating-client-class.s3: calling handler <function add_generate_presigned_post at 0x0000028904FE1360>
[ 2025-04-08 12:58:35,384 ] botocore.hooks - DEBUG - Event creating-client-class.s3: calling handler <function lazy_call.<locals>._handler at 0x00000289167D76D0>
[ 2025-04-08 12:58:35,384 ] botocore.hooks - DEBUG - Event creating-client-class.s3: calling handler <function add_generate_presigned_url at 0x0000028904FE1120>
[ 2025-04-08 12:58:35,384 ] botocore.configprovider - DEBUG - Looking for endpoint for s3 via: environment_service
[ 2025-04-08 12:58:35,385 ] botocore.configprovider - DEBUG - Looking for endpoint for s3 via: environment_global
[ 2025-04-08 12:58:35,385 ] botocore.configprovider - DEBUG - Looking for endpoint for s3 via: config_service
[ 2025-04-08 12:58:35,385 ] botocore.configprovider - DEBUG - Looking for endpoint for s3 via: config_global
[ 2025-04-08 12:58:35,385 ] botocore.configprovider - DEBUG - No configured endpoint found.
[ 2025-04-08 12:58:35,386 ] botocore.endpoint - DEBUG - Setting s3 timeout as (60, 60)
[ 2025-04-08 12:58:35,389 ] botocore.client - DEBUG - Registering retry handlers for service: s3
[ 2025-04-08 12:58:35,389 ] botocore.utils - DEBUG - Registering S3 region redirector handler
[ 2025-04-08 12:58:35,389 ] botocore.utils - DEBUG - Registering S3Express Identity Resolver
[ 2025-04-08 12:58:35,390 ] root - INFO - Entered the load_model method of S3Operations class
[ 2025-04-08 12:58:35,390 ] root - INFO - Entered the get_file_object method of S3Operations class
[ 2025-04-08 12:58:35,390 ] root - INFO - Entered the get_bucket method of S3Operations class
[ 2025-04-08 12:58:35,390 ] boto3.resources.factory - DEBUG - Loading s3:Bucket
[ 2025-04-08 12:58:35,390 ] boto3.resources.model - DEBUG - Renaming Bucket attribute name
[ 2025-04-08 12:58:35,391 ] botocore.hooks - DEBUG - Event creating-resource-class.s3.Bucket: calling handler <function lazy_call.<locals>._handler at 0x00000289167F8A60>
[ 2025-04-08 12:58:35,391 ] root - INFO - Exited the get_bucket method of S3Operations class
[ 2025-04-08 12:58:35,543 ] botocore.loaders - DEBUG - Loading JSON file: C:\Users\shuda\Predicting-credit-risk\venv2\lib\site-packages\botocore\data\s3\2006-03-01\paginators-1.json
[ 2025-04-08 12:58:35,544 ] botocore.loaders - DEBUG - Loading JSON file: C:\Users\shuda\Predicting-credit-risk\venv2\lib\site-packages\botocore\data\s3\2006-03-01\paginators-1.sdk-extras.json
[ 2025-04-08 12:58:35,544 ] boto3.resources.collection - DEBUG - Calling paginated s3:list_objects with {'Bucket': 'credits33456', 'Prefix': 'model.pkl'}
[ 2025-04-08 12:58:35,545 ] botocore.hooks - DEBUG - Event before-parameter-build.s3.ListObjects: calling handler <function set_list_objects_encoding_type_url at 0x0000028905071C60>
[ 2025-04-08 12:58:35,545 ] botocore.hooks - DEBUG - Event before-parameter-build.s3.ListObjects: calling handler <function validate_bucket_name at 0x00000289050709D0>
[ 2025-04-08 12:58:35,545 ] botocore.hooks - DEBUG - Event before-parameter-build.s3.ListObjects: calling handler <function remove_bucket_from_url_paths_from_model at 0x0000028905072830>
[ 2025-04-08 12:58:35,545 ] botocore.hooks - DEBUG - Event before-parameter-build.s3.ListObjects: calling handler <bound method S3RegionRedirectorv2.annotate_request_context of <botocore.utils.S3RegionRedirectorv2 object at 0x0000028917356BC0>>
[ 2025-04-08 12:58:35,545 ] botocore.hooks - DEBUG - Event before-parameter-build.s3.ListObjects: calling handler <bound method ClientCreator._inject_s3_input_parameters of <botocore.client.ClientCreator object at 0x0000028916765C00>>
[ 2025-04-08 12:58:35,545 ] botocore.hooks - DEBUG - Event before-parameter-build.s3.ListObjects: calling handler <function generate_idempotent_uuid at 0x0000028905070820>
[ 2025-04-08 12:58:35,545 ] botocore.hooks - DEBUG - Event before-parameter-build.s3.ListObjects: calling handler <function _handle_request_validation_mode_member at 0x0000028905072EF0>
[ 2025-04-08 12:58:35,545 ] botocore.hooks - DEBUG - Event before-endpoint-resolution.s3: calling handler <function customize_endpoint_resolver_builtins at 0x00000289050729E0>
[ 2025-04-08 12:58:35,545 ] botocore.hooks - DEBUG - Event before-endpoint-resolution.s3: calling handler <bound method S3RegionRedirectorv2.redirect_from_cache of <botocore.utils.S3RegionRedirectorv2 object at 0x0000028917356BC0>>
[ 2025-04-08 12:58:35,549 ] botocore.regions - DEBUG - Calling endpoint provider with parameters: {'Bucket': 'credits33456', 'Region': 'eu-west-3', 'UseFIPS': False, 'UseDualStack': False, 'ForcePathStyle': False, 'Accelerate': False, 'UseGlobalEndpoint': False, 'Prefix': 'model.pkl', 'DisableMultiRegionAccessPoints': False, 'UseArnRegion': True}
[ 2025-04-08 12:58:35,550 ] botocore.regions - DEBUG - Endpoint provider result: https://credits33456.s3.eu-west-3.amazonaws.com
[ 2025-04-08 12:58:35,550 ] botocore.regions - DEBUG - Selecting from endpoint provider's list of auth schemes: "sigv4". User selected auth scheme is: "None"
[ 2025-04-08 12:58:35,550 ] botocore.regions - DEBUG - Selected auth type "v4" as "v4" with signing context params: {'region': 'eu-west-3', 'signing_name': 's3', 'disableDoubleEncoding': True}
[ 2025-04-08 12:58:35,550 ] botocore.hooks - DEBUG - Event before-call.s3.ListObjects: calling handler <function add_expect_header at 0x0000028905070D30>
[ 2025-04-08 12:58:35,551 ] botocore.hooks - DEBUG - Event before-call.s3.ListObjects: calling handler <bound method S3ExpressIdentityResolver.apply_signing_cache_key of <botocore.utils.S3ExpressIdentityResolver object at 0x0000028917356C20>>
[ 2025-04-08 12:58:35,551 ] botocore.hooks - DEBUG - Event before-call.s3.ListObjects: calling handler <function add_recursion_detection_header at 0x0000028905070430>
[ 2025-04-08 12:58:35,551 ] botocore.hooks - DEBUG - Event before-call.s3.ListObjects: calling handler <function add_query_compatibility_header at 0x0000028905072E60>
[ 2025-04-08 12:58:35,551 ] botocore.hooks - DEBUG - Event before-call.s3.ListObjects: calling handler <function inject_api_version_header_if_needed at 0x0000028905072050>
[ 2025-04-08 12:58:35,551 ] botocore.endpoint - DEBUG - Making request for OperationModel(name=ListObjects) with params: {'url_path': '', 'query_string': {'prefix': 'model.pkl', 'encoding-type': 'url'}, 'method': 'GET', 'headers': {'User-Agent': 'Boto3/1.37.13 md/Botocore#1.37.13 ua/2.1 os/windows#10 md/arch#amd64 lang/python#3.10.2 md/pyimpl#CPython m/C cfg/retry-mode#legacy Botocore/1.37.13 Resource'}, 'body': b'', 'auth_path': '/credits33456/', 'url': 'https://credits33456.s3.eu-west-3.amazonaws.com/?prefix=model.pkl&encoding-type=url', 'context': {'client_region': 'eu-west-3', 'client_config': <botocore.config.Config object at 0x00000289172FE8C0>, 'has_streaming_input': False, 'auth_type': 'v4', 'unsigned_payload': None, 'encoding_type_auto_set': True, 's3_redirect': {'redirected': False, 'bucket': 'credits33456', 'params': {'Bucket': 'credits33456', 'Prefix': 'model.pkl', 'EncodingType': 'url'}}, 'input_params': {'Bucket': 'credits33456', 'Prefix': 'model.pkl'}, 'signing': {'region': 'eu-west-3', 'signing_name': 's3', 'disableDoubleEncoding': True}, 'endpoint_properties': {'authSchemes': [{'disableDoubleEncoding': True, 'name': 'sigv4', 'signingName': 's3', 'signingRegion': 'eu-west-3'}]}}}
[ 2025-04-08 12:58:35,552 ] botocore.hooks - DEBUG - Event request-created.s3.ListObjects: calling handler <bound method RequestSigner.handler of <botocore.signers.RequestSigner object at 0x00000289172FE8F0>>
[ 2025-04-08 12:58:35,552 ] botocore.hooks - DEBUG - Event choose-signer.s3.ListObjects: calling handler <function set_operation_specific_signer at 0x0000028905070670>
[ 2025-04-08 12:58:35,553 ] botocore.hooks - DEBUG - Event before-sign.s3.ListObjects: calling handler <function remove_arn_from_signing_path at 0x0000028905072950>
[ 2025-04-08 12:58:35,553 ] botocore.hooks - DEBUG - Event before-sign.s3.ListObjects: calling handler <function _set_extra_headers_for_unsigned_request at 0x0000028905072F80>
[ 2025-04-08 12:58:35,553 ] botocore.hooks - DEBUG - Event before-sign.s3.ListObjects: calling handler <bound method S3ExpressIdentityResolver.resolve_s3express_identity of <botocore.utils.S3ExpressIdentityResolver object at 0x0000028917356C20>>
[ 2025-04-08 12:58:35,553 ] botocore.auth - DEBUG - Calculating signature using v4 auth.
[ 2025-04-08 12:58:35,553 ] botocore.auth - DEBUG - CanonicalRequest:
GET
/
encoding-type=url&prefix=model.pkl
host:credits33456.s3.eu-west-3.amazonaws.com
x-amz-content-sha256:e3b0c44298fc1c149afbf4c8996fb92427ae41e4649b934ca495991b7852b855
x-amz-date:20250408T105835Z

host;x-amz-content-sha256;x-amz-date
e3b0c44298fc1c149afbf4c8996fb92427ae41e4649b934ca495991b7852b855
[ 2025-04-08 12:58:35,554 ] botocore.auth - DEBUG - StringToSign:
AWS4-HMAC-SHA256
20250408T105835Z
20250408/eu-west-3/s3/aws4_request
4f1864a7dee340dc7ef114508a57a16ed7cdf237203c79d7761e18bbd61a0e7b
[ 2025-04-08 12:58:35,554 ] botocore.auth - DEBUG - Signature:
57a490af0d0d0eb71d4406e0175c4b156339f566c76408ca87e13da45b225ddd
[ 2025-04-08 12:58:35,554 ] botocore.hooks - DEBUG - Event request-created.s3.ListObjects: calling handler <bound method UserAgentString.rebuild_and_replace_user_agent_handler of <botocore.useragent.UserAgentString object at 0x00000289173565C0>>
[ 2025-04-08 12:58:35,556 ] botocore.hooks - DEBUG - Event request-created.s3.ListObjects: calling handler <function add_retry_headers at 0x00000289050727A0>
[ 2025-04-08 12:58:35,556 ] botocore.endpoint - DEBUG - Sending http request: <AWSPreparedRequest stream_output=False, method=GET, url=https://credits33456.s3.eu-west-3.amazonaws.com/?prefix=model.pkl&encoding-type=url, headers={'User-Agent': b'Boto3/1.37.13 md/Botocore#1.37.13 ua/2.1 os/windows#10 md/arch#amd64 lang/python#3.10.2 md/pyimpl#CPython m/C cfg/retry-mode#legacy Botocore/1.37.13 Resource', 'X-Amz-Date': b'20250408T105835Z', 'X-Amz-Content-SHA256': b'e3b0c44298fc1c149afbf4c8996fb92427ae41e4649b934ca495991b7852b855', 'Authorization': b'AWS4-HMAC-SHA256 Credential=AKIAWMFUPRGL7UNOU257/20250408/eu-west-3/s3/aws4_request, SignedHeaders=host;x-amz-content-sha256;x-amz-date, Signature=57a490af0d0d0eb71d4406e0175c4b156339f566c76408ca87e13da45b225ddd', 'amz-sdk-invocation-id': b'fd9ce06e-1324-401a-866b-98f3ef42b895', 'amz-sdk-request': b'attempt=1'}>
[ 2025-04-08 12:58:35,556 ] botocore.httpsession - DEBUG - Certificate path: C:\Users\shuda\Predicting-credit-risk\venv2\lib\site-packages\certifi\cacert.pem
[ 2025-04-08 12:58:35,556 ] urllib3.connectionpool - DEBUG - Starting new HTTPS connection (1): credits33456.s3.eu-west-3.amazonaws.com:443
[ 2025-04-08 12:58:35,658 ] urllib3.connectionpool - DEBUG - https://credits33456.s3.eu-west-3.amazonaws.com:443 "GET /?prefix=model.pkl&encoding-type=url HTTP/1.1" 200 None
[ 2025-04-08 12:58:35,663 ] botocore.hooks - DEBUG - Event before-parse.s3.ListObjects: calling handler <function _handle_200_error at 0x0000028905072CB0>
[ 2025-04-08 12:58:35,666 ] botocore.hooks - DEBUG - Event before-parse.s3.ListObjects: calling handler <function handle_expires_header at 0x0000028905072B00>
[ 2025-04-08 12:58:35,666 ] botocore.parsers - DEBUG - Response headers: {'x-amz-id-2': '9tm6F6UD49iyLZWswlFFzJyc6ZU61vnVaWy8OZ0651kPMt6Qqh7L7375Tjqnc58EaWlrnzQuF6Q=', 'x-amz-request-id': 'DF9KVKYAY6T4HSWN', 'Date': 'Tue, 08 Apr 2025 10:58:36 GMT', 'x-amz-bucket-region': 'eu-west-3', 'Content-Type': 'application/xml', 'Transfer-Encoding': 'chunked', 'Server': 'AmazonS3'}
[ 2025-04-08 12:58:35,667 ] botocore.parsers - DEBUG - Response body:
b'<?xml version="1.0" encoding="UTF-8"?>\n<ListBucketResult xmlns="http://s3.amazonaws.com/doc/2006-03-01/"><Name>credits33456</Name><Prefix>model.pkl</Prefix><Marker></Marker><MaxKeys>1000</MaxKeys><EncodingType>url</EncodingType><IsTruncated>false</IsTruncated><Contents><Key>model.pkl</Key><LastModified>2025-04-08T09:53:22.000Z</LastModified><ETag>&quot;998ae1a84fdd9f06ebc44c1039886702&quot;</ETag><ChecksumAlgorithm>CRC32</ChecksumAlgorithm><ChecksumType>FULL_OBJECT</ChecksumType><Size>6933593</Size><Owner><ID>972028935ff922de9f68972a4df98f3edc9f9b224244f7cd02bf94e634659904</ID></Owner><StorageClass>STANDARD</StorageClass></Contents></ListBucketResult>'
[ 2025-04-08 12:58:35,670 ] botocore.hooks - DEBUG - Event needs-retry.s3.ListObjects: calling handler <function _update_status_code at 0x0000028905072DD0>
[ 2025-04-08 12:58:35,670 ] botocore.hooks - DEBUG - Event needs-retry.s3.ListObjects: calling handler <botocore.retryhandler.RetryHandler object at 0x0000028917356B00>
[ 2025-04-08 12:58:35,670 ] botocore.retryhandler - DEBUG - No retry needed.
[ 2025-04-08 12:58:35,670 ] botocore.hooks - DEBUG - Event needs-retry.s3.ListObjects: calling handler <bound method S3RegionRedirectorv2.redirect_from_error of <botocore.utils.S3RegionRedirectorv2 object at 0x0000028917356BC0>>
[ 2025-04-08 12:58:35,670 ] botocore.hooks - DEBUG - Event after-call.s3.ListObjects: calling handler <function decode_list_object at 0x0000028905071CF0>
[ 2025-04-08 12:58:35,670 ] boto3.resources.factory - DEBUG - Loading s3:ObjectSummary
[ 2025-04-08 12:58:35,670 ] boto3.resources.model - DEBUG - Renaming ObjectSummary attribute key
[ 2025-04-08 12:58:35,672 ] botocore.hooks - DEBUG - Event creating-resource-class.s3.ObjectSummary: calling handler <function lazy_call.<locals>._handler at 0x00000289167F8B80>
[ 2025-04-08 12:58:35,672 ] root - INFO - Exited the get_file_object method of S3Operations class
[ 2025-04-08 12:58:35,672 ] root - INFO - Entered the read_object method of S3Operations class
[ 2025-04-08 12:58:35,672 ] root - INFO - Exited the read_object method of S3Operations class
[ 2025-04-08 12:58:35,673 ] boto3.resources.action - DEBUG - Calling s3:get_object with {'Bucket': 'credits33456', 'Key': 'model.pkl'}
[ 2025-04-08 12:58:35,673 ] botocore.hooks - DEBUG - Event before-parameter-build.s3.GetObject: calling handler <function sse_md5 at 0x0000028905070A60>
[ 2025-04-08 12:58:35,673 ] botocore.hooks - DEBUG - Event before-parameter-build.s3.GetObject: calling handler <function validate_bucket_name at 0x00000289050709D0>
[ 2025-04-08 12:58:35,673 ] botocore.hooks - DEBUG - Event before-parameter-build.s3.GetObject: calling handler <function remove_bucket_from_url_paths_from_model at 0x0000028905072830>
[ 2025-04-08 12:58:35,673 ] botocore.hooks - DEBUG - Event before-parameter-build.s3.GetObject: calling handler <bound method S3RegionRedirectorv2.annotate_request_context of <botocore.utils.S3RegionRedirectorv2 object at 0x0000028917356BC0>>
[ 2025-04-08 12:58:35,673 ] botocore.hooks - DEBUG - Event before-parameter-build.s3.GetObject: calling handler <bound method ClientCreator._inject_s3_input_parameters of <botocore.client.ClientCreator object at 0x0000028916765C00>>
[ 2025-04-08 12:58:35,673 ] botocore.hooks - DEBUG - Event before-parameter-build.s3.GetObject: calling handler <function generate_idempotent_uuid at 0x0000028905070820>
[ 2025-04-08 12:58:35,673 ] botocore.hooks - DEBUG - Event before-parameter-build.s3.GetObject: calling handler <function _handle_request_validation_mode_member at 0x0000028905072EF0>
[ 2025-04-08 12:58:35,673 ] botocore.hooks - DEBUG - Event before-endpoint-resolution.s3: calling handler <function customize_endpoint_resolver_builtins at 0x00000289050729E0>
[ 2025-04-08 12:58:35,674 ] botocore.hooks - DEBUG - Event before-endpoint-resolution.s3: calling handler <bound method S3RegionRedirectorv2.redirect_from_cache of <botocore.utils.S3RegionRedirectorv2 object at 0x0000028917356BC0>>
[ 2025-04-08 12:58:35,674 ] botocore.regions - DEBUG - Calling endpoint provider with parameters: {'Bucket': 'credits33456', 'Region': 'eu-west-3', 'UseFIPS': False, 'UseDualStack': False, 'ForcePathStyle': False, 'Accelerate': False, 'UseGlobalEndpoint': False, 'Key': 'model.pkl', 'DisableMultiRegionAccessPoints': False, 'UseArnRegion': True}
[ 2025-04-08 12:58:35,674 ] botocore.regions - DEBUG - Endpoint provider result: https://credits33456.s3.eu-west-3.amazonaws.com
[ 2025-04-08 12:58:35,674 ] botocore.regions - DEBUG - Selecting from endpoint provider's list of auth schemes: "sigv4". User selected auth scheme is: "None"
[ 2025-04-08 12:58:35,674 ] botocore.regions - DEBUG - Selected auth type "v4" as "v4" with signing context params: {'region': 'eu-west-3', 'signing_name': 's3', 'disableDoubleEncoding': True}
[ 2025-04-08 12:58:35,675 ] botocore.hooks - DEBUG - Event before-call.s3.GetObject: calling handler <function add_expect_header at 0x0000028905070D30>
[ 2025-04-08 12:58:35,675 ] botocore.hooks - DEBUG - Event before-call.s3.GetObject: calling handler <bound method S3ExpressIdentityResolver.apply_signing_cache_key of <botocore.utils.S3ExpressIdentityResolver object at 0x0000028917356C20>>
[ 2025-04-08 12:58:35,675 ] botocore.hooks - DEBUG - Event before-call.s3.GetObject: calling handler <function add_recursion_detection_header at 0x0000028905070430>
[ 2025-04-08 12:58:35,675 ] botocore.hooks - DEBUG - Event before-call.s3.GetObject: calling handler <function add_query_compatibility_header at 0x0000028905072E60>
[ 2025-04-08 12:58:35,675 ] botocore.hooks - DEBUG - Event before-call.s3.GetObject: calling handler <function inject_api_version_header_if_needed at 0x0000028905072050>
[ 2025-04-08 12:58:35,675 ] botocore.endpoint - DEBUG - Making request for OperationModel(name=GetObject) with params: {'url_path': '/model.pkl', 'query_string': {}, 'method': 'GET', 'headers': {'x-amz-checksum-mode': 'ENABLED', 'User-Agent': 'Boto3/1.37.13 md/Botocore#1.37.13 ua/2.1 os/windows#10 md/arch#amd64 lang/python#3.10.2 md/pyimpl#CPython cfg/retry-mode#legacy Botocore/1.37.13 Resource'}, 'body': b'', 'auth_path': '/credits33456/model.pkl', 'url': 'https://credits33456.s3.eu-west-3.amazonaws.com/model.pkl', 'context': {'client_region': 'eu-west-3', 'client_config': <botocore.config.Config object at 0x00000289172FE8C0>, 'has_streaming_input': False, 'auth_type': 'v4', 'unsigned_payload': None, 's3_redirect': {'redirected': False, 'bucket': 'credits33456', 'params': {'Bucket': 'credits33456', 'Key': 'model.pkl', 'ChecksumMode': 'ENABLED'}}, 'input_params': {'Bucket': 'credits33456', 'Key': 'model.pkl'}, 'signing': {'region': 'eu-west-3', 'signing_name': 's3', 'disableDoubleEncoding': True}, 'endpoint_properties': {'authSchemes': [{'disableDoubleEncoding': True, 'name': 'sigv4', 'signingName': 's3', 'signingRegion': 'eu-west-3'}]}, 'checksum': {'response_algorithms': ['crc32', 'sha1', 'sha256']}}}
[ 2025-04-08 12:58:35,676 ] botocore.hooks - DEBUG - Event request-created.s3.GetObject: calling handler <bound method RequestSigner.handler of <botocore.signers.RequestSigner object at 0x00000289172FE8F0>>
[ 2025-04-08 12:58:35,676 ] botocore.hooks - DEBUG - Event choose-signer.s3.GetObject: calling handler <function set_operation_specific_signer at 0x0000028905070670>
[ 2025-04-08 12:58:35,676 ] botocore.hooks - DEBUG - Event before-sign.s3.GetObject: calling handler <function remove_arn_from_signing_path at 0x0000028905072950>
[ 2025-04-08 12:58:35,676 ] botocore.hooks - DEBUG - Event before-sign.s3.GetObject: calling handler <function _set_extra_headers_for_unsigned_request at 0x0000028905072F80>
[ 2025-04-08 12:58:35,676 ] botocore.hooks - DEBUG - Event before-sign.s3.GetObject: calling handler <bound method S3ExpressIdentityResolver.resolve_s3express_identity of <botocore.utils.S3ExpressIdentityResolver object at 0x0000028917356C20>>
[ 2025-04-08 12:58:35,677 ] botocore.auth - DEBUG - Calculating signature using v4 auth.
[ 2025-04-08 12:58:35,677 ] botocore.auth - DEBUG - CanonicalRequest:
GET
/model.pkl

host:credits33456.s3.eu-west-3.amazonaws.com
x-amz-checksum-mode:ENABLED
x-amz-content-sha256:e3b0c44298fc1c149afbf4c8996fb92427ae41e4649b934ca495991b7852b855
x-amz-date:20250408T105835Z

host;x-amz-checksum-mode;x-amz-content-sha256;x-amz-date
e3b0c44298fc1c149afbf4c8996fb92427ae41e4649b934ca495991b7852b855
[ 2025-04-08 12:58:35,677 ] botocore.auth - DEBUG - StringToSign:
AWS4-HMAC-SHA256
20250408T105835Z
20250408/eu-west-3/s3/aws4_request
091631c5719e4a30dd83c99403a537e013a2c85b20a1d9394d86235fe56fcd71
[ 2025-04-08 12:58:35,677 ] botocore.auth - DEBUG - Signature:
8a934c727bd12c2e86cecee3a991267258907a565c00412a7032923e9a39b56b
[ 2025-04-08 12:58:35,677 ] botocore.hooks - DEBUG - Event request-created.s3.GetObject: calling handler <bound method UserAgentString.rebuild_and_replace_user_agent_handler of <botocore.useragent.UserAgentString object at 0x00000289173565C0>>
[ 2025-04-08 12:58:35,677 ] botocore.hooks - DEBUG - Event request-created.s3.GetObject: calling handler <function add_retry_headers at 0x00000289050727A0>
[ 2025-04-08 12:58:35,677 ] botocore.endpoint - DEBUG - Sending http request: <AWSPreparedRequest stream_output=True, method=GET, url=https://credits33456.s3.eu-west-3.amazonaws.com/model.pkl, headers={'x-amz-checksum-mode': b'ENABLED', 'User-Agent': b'Boto3/1.37.13 md/Botocore#1.37.13 ua/2.1 os/windows#10 md/arch#amd64 lang/python#3.10.2 md/pyimpl#CPython cfg/retry-mode#legacy Botocore/1.37.13 Resource', 'X-Amz-Date': b'20250408T105835Z', 'X-Amz-Content-SHA256': b'e3b0c44298fc1c149afbf4c8996fb92427ae41e4649b934ca495991b7852b855', 'Authorization': b'AWS4-HMAC-SHA256 Credential=AKIAWMFUPRGL7UNOU257/20250408/eu-west-3/s3/aws4_request, SignedHeaders=host;x-amz-checksum-mode;x-amz-content-sha256;x-amz-date, Signature=8a934c727bd12c2e86cecee3a991267258907a565c00412a7032923e9a39b56b', 'amz-sdk-invocation-id': b'6e7fa05c-3e8b-4925-9beb-8c27d4229a1d', 'amz-sdk-request': b'attempt=1'}>
[ 2025-04-08 12:58:35,678 ] botocore.httpsession - DEBUG - Certificate path: C:\Users\shuda\Predicting-credit-risk\venv2\lib\site-packages\certifi\cacert.pem
[ 2025-04-08 12:58:35,751 ] urllib3.connectionpool - DEBUG - https://credits33456.s3.eu-west-3.amazonaws.com:443 "GET /model.pkl HTTP/1.1" 200 6933593
[ 2025-04-08 12:58:35,751 ] botocore.hooks - DEBUG - Event before-parse.s3.GetObject: calling handler <function _handle_200_error at 0x0000028905072CB0>
[ 2025-04-08 12:58:35,751 ] botocore.hooks - DEBUG - Event before-parse.s3.GetObject: calling handler <function handle_expires_header at 0x0000028905072B00>
[ 2025-04-08 12:58:35,752 ] botocore.parsers - DEBUG - Response headers: {'x-amz-id-2': '/D0cvDQNHUv0DX61Wt7FBPabgPSXbCvVguIhHf6dfzlpgtsBKV1XaInqiJcVaRWmoDCQJXqgjPU=', 'x-amz-request-id': 'DF9JXZ2C27VE2J2J', 'Date': 'Tue, 08 Apr 2025 10:58:36 GMT', 'Last-Modified': 'Tue, 08 Apr 2025 09:53:22 GMT', 'ETag': '"998ae1a84fdd9f06ebc44c1039886702"', 'x-amz-checksum-crc32': 'lUdWLg==', 'x-amz-checksum-type': 'FULL_OBJECT', 'x-amz-server-side-encryption': 'AES256', 'Accept-Ranges': 'bytes', 'Content-Type': 'binary/octet-stream', 'Content-Length': '6933593', 'Server': 'AmazonS3'}
[ 2025-04-08 12:58:35,752 ] botocore.parsers - DEBUG - Response body:
<botocore.httpchecksum.StreamingChecksumBody object at 0x0000028917423640>
[ 2025-04-08 12:58:35,752 ] botocore.hooks - DEBUG - Event needs-retry.s3.GetObject: calling handler <function _update_status_code at 0x0000028905072DD0>
[ 2025-04-08 12:58:35,754 ] botocore.hooks - DEBUG - Event needs-retry.s3.GetObject: calling handler <botocore.retryhandler.RetryHandler object at 0x0000028917356B00>
[ 2025-04-08 12:58:35,754 ] botocore.retryhandler - DEBUG - No retry needed.
[ 2025-04-08 12:58:35,754 ] botocore.hooks - DEBUG - Event needs-retry.s3.GetObject: calling handler <bound method S3RegionRedirectorv2.redirect_from_error of <botocore.utils.S3RegionRedirectorv2 object at 0x0000028917356BC0>>
[ 2025-04-08 12:58:35,754 ] boto3.resources.action - DEBUG - Response: {'ResponseMetadata': {'RequestId': 'DF9JXZ2C27VE2J2J', 'HostId': '/D0cvDQNHUv0DX61Wt7FBPabgPSXbCvVguIhHf6dfzlpgtsBKV1XaInqiJcVaRWmoDCQJXqgjPU=', 'HTTPStatusCode': 200, 'HTTPHeaders': {'x-amz-id-2': '/D0cvDQNHUv0DX61Wt7FBPabgPSXbCvVguIhHf6dfzlpgtsBKV1XaInqiJcVaRWmoDCQJXqgjPU=', 'x-amz-request-id': 'DF9JXZ2C27VE2J2J', 'date': 'Tue, 08 Apr 2025 10:58:36 GMT', 'last-modified': 'Tue, 08 Apr 2025 09:53:22 GMT', 'etag': '"998ae1a84fdd9f06ebc44c1039886702"', 'x-amz-checksum-crc32': 'lUdWLg==', 'x-amz-checksum-type': 'FULL_OBJECT', 'x-amz-server-side-encryption': 'AES256', 'accept-ranges': 'bytes', 'content-type': 'binary/octet-stream', 'content-length': '6933593', 'server': 'AmazonS3'}, 'ChecksumAlgorithm': 'crc32', 'RetryAttempts': 0}, 'AcceptRanges': 'bytes', 'LastModified': datetime.datetime(2025, 4, 8, 9, 53, 22, tzinfo=tzutc()), 'ContentLength': 6933593, 'ETag': '"998ae1a84fdd9f06ebc44c1039886702"', 'ChecksumCRC32': 'lUdWLg==', 'ChecksumType': 'FULL_OBJECT', 'ContentType': 'binary/octet-stream', 'ServerSideEncryption': 'AES256', 'Metadata': {}, 'Body': <botocore.httpchecksum.StreamingChecksumBody object at 0x0000028917423640>}
[ 2025-04-08 12:58:36,310 ] root - INFO - Exited the load_model method of S3Operations class
[ 2025-04-08 12:58:36,311 ] root - INFO - Entered predict method of RiskModel class
[ 2025-04-08 12:58:36,311 ] root - INFO - Using the trained model to get predictions
