[ 2025-04-08 13:23:06,960 ] asyncio - DEBUG - Using proactor: IocpProactor
[ 2025-04-08 13:25:55,167 ] python_multipart.multipart - DEBUG - Calling on_field_start with no data
[ 2025-04-08 13:25:55,172 ] python_multipart.multipart - DEBUG - Calling on_field_name with data[0:10]
[ 2025-04-08 13:25:55,172 ] python_multipart.multipart - DEBUG - Calling on_field_data with data[11:13]
[ 2025-04-08 13:25:55,172 ] python_multipart.multipart - DEBUG - Calling on_field_end with no data
[ 2025-04-08 13:25:55,172 ] python_multipart.multipart - DEBUG - Calling on_field_start with no data
[ 2025-04-08 13:25:55,173 ] python_multipart.multipart - DEBUG - Calling on_field_name with data[14:27]
[ 2025-04-08 13:25:55,173 ] python_multipart.multipart - DEBUG - Calling on_field_data with data[28:29]
[ 2025-04-08 13:25:55,173 ] python_multipart.multipart - DEBUG - Calling on_field_end with no data
[ 2025-04-08 13:25:55,173 ] python_multipart.multipart - DEBUG - Calling on_field_start with no data
[ 2025-04-08 13:25:55,173 ] python_multipart.multipart - DEBUG - Calling on_field_name with data[30:51]
[ 2025-04-08 13:25:55,173 ] python_multipart.multipart - DEBUG - Calling on_field_data with data[52:56]
[ 2025-04-08 13:25:55,173 ] python_multipart.multipart - DEBUG - Calling on_field_end with no data
[ 2025-04-08 13:25:55,174 ] python_multipart.multipart - DEBUG - Calling on_field_start with no data
[ 2025-04-08 13:25:55,174 ] python_multipart.multipart - DEBUG - Calling on_field_name with data[57:74]
[ 2025-04-08 13:25:55,174 ] python_multipart.multipart - DEBUG - Calling on_field_data with data[75:76]
[ 2025-04-08 13:25:55,174 ] python_multipart.multipart - DEBUG - Calling on_field_end with no data
[ 2025-04-08 13:25:55,174 ] python_multipart.multipart - DEBUG - Calling on_field_start with no data
[ 2025-04-08 13:25:55,174 ] python_multipart.multipart - DEBUG - Calling on_field_name with data[77:88]
[ 2025-04-08 13:25:55,174 ] python_multipart.multipart - DEBUG - Calling on_field_data with data[89:97]
[ 2025-04-08 13:25:55,174 ] python_multipart.multipart - DEBUG - Calling on_field_end with no data
[ 2025-04-08 13:25:55,174 ] python_multipart.multipart - DEBUG - Calling on_field_start with no data
[ 2025-04-08 13:25:55,174 ] python_multipart.multipart - DEBUG - Calling on_field_name with data[98:107]
[ 2025-04-08 13:25:55,174 ] python_multipart.multipart - DEBUG - Calling on_field_data with data[108:112]
[ 2025-04-08 13:25:55,174 ] python_multipart.multipart - DEBUG - Calling on_field_end with no data
[ 2025-04-08 13:25:55,174 ] python_multipart.multipart - DEBUG - Calling on_field_start with no data
[ 2025-04-08 13:25:55,174 ] python_multipart.multipart - DEBUG - Calling on_field_name with data[113:123]
[ 2025-04-08 13:25:55,174 ] python_multipart.multipart - DEBUG - Calling on_field_data with data[124:125]
[ 2025-04-08 13:25:55,175 ] python_multipart.multipart - DEBUG - Calling on_field_end with no data
[ 2025-04-08 13:25:55,175 ] python_multipart.multipart - DEBUG - Calling on_field_start with no data
[ 2025-04-08 13:25:55,175 ] python_multipart.multipart - DEBUG - Calling on_field_name with data[126:139]
[ 2025-04-08 13:25:55,175 ] python_multipart.multipart - DEBUG - Calling on_field_data with data[140:141]
[ 2025-04-08 13:25:55,175 ] python_multipart.multipart - DEBUG - Calling on_field_end with no data
[ 2025-04-08 13:25:55,175 ] python_multipart.multipart - DEBUG - Calling on_field_start with no data
[ 2025-04-08 13:25:55,175 ] python_multipart.multipart - DEBUG - Calling on_field_name with data[142:161]
[ 2025-04-08 13:25:55,175 ] python_multipart.multipart - DEBUG - Calling on_field_data with data[162:166]
[ 2025-04-08 13:25:55,175 ] python_multipart.multipart - DEBUG - Calling on_field_end with no data
[ 2025-04-08 13:25:55,175 ] python_multipart.multipart - DEBUG - Calling on_field_start with no data
[ 2025-04-08 13:25:55,175 ] python_multipart.multipart - DEBUG - Calling on_field_name with data[167:192]
[ 2025-04-08 13:25:55,175 ] python_multipart.multipart - DEBUG - Calling on_field_data with data[193:196]
[ 2025-04-08 13:25:55,175 ] python_multipart.multipart - DEBUG - Calling on_field_end with no data
[ 2025-04-08 13:25:55,175 ] python_multipart.multipart - DEBUG - Calling on_field_start with no data
[ 2025-04-08 13:25:55,175 ] python_multipart.multipart - DEBUG - Calling on_field_name with data[197:223]
[ 2025-04-08 13:25:55,175 ] python_multipart.multipart - DEBUG - Calling on_field_data with data[224:225]
[ 2025-04-08 13:25:55,176 ] python_multipart.multipart - DEBUG - Calling on_field_end with no data
[ 2025-04-08 13:25:55,176 ] python_multipart.multipart - DEBUG - Calling on_end with no data
[ 2025-04-08 13:25:55,187 ] root - INFO - Entered get_credt_data_as_dict method as creditData class
[ 2025-04-08 13:25:55,187 ] root - INFO - Created credt data dict
[ 2025-04-08 13:25:55,187 ] root - INFO - Exited get_credt_data_as_dict method as credtdata class
[ 2025-04-08 13:25:55,189 ] root - INFO - Entered predict method of USvisaClassifier class
[ 2025-04-08 13:25:55,219 ] botocore.hooks - DEBUG - Changing event name from creating-client-class.iot-data to creating-client-class.iot-data-plane
[ 2025-04-08 13:25:55,224 ] botocore.hooks - DEBUG - Changing event name from before-call.apigateway to before-call.api-gateway
[ 2025-04-08 13:25:55,225 ] botocore.hooks - DEBUG - Changing event name from request-created.machinelearning.Predict to request-created.machine-learning.Predict
[ 2025-04-08 13:25:55,226 ] botocore.hooks - DEBUG - Changing event name from before-parameter-build.autoscaling.CreateLaunchConfiguration to before-parameter-build.auto-scaling.CreateLaunchConfiguration
[ 2025-04-08 13:25:55,226 ] botocore.hooks - DEBUG - Changing event name from before-parameter-build.route53 to before-parameter-build.route-53
[ 2025-04-08 13:25:55,227 ] botocore.hooks - DEBUG - Changing event name from request-created.cloudsearchdomain.Search to request-created.cloudsearch-domain.Search
[ 2025-04-08 13:25:55,229 ] botocore.hooks - DEBUG - Changing event name from docs.*.autoscaling.CreateLaunchConfiguration.complete-section to docs.*.auto-scaling.CreateLaunchConfiguration.complete-section
[ 2025-04-08 13:25:55,233 ] botocore.hooks - DEBUG - Changing event name from before-parameter-build.logs.CreateExportTask to before-parameter-build.cloudwatch-logs.CreateExportTask
[ 2025-04-08 13:25:55,234 ] botocore.hooks - DEBUG - Changing event name from docs.*.logs.CreateExportTask.complete-section to docs.*.cloudwatch-logs.CreateExportTask.complete-section
[ 2025-04-08 13:25:55,234 ] botocore.hooks - DEBUG - Changing event name from before-parameter-build.cloudsearchdomain.Search to before-parameter-build.cloudsearch-domain.Search
[ 2025-04-08 13:25:55,234 ] botocore.hooks - DEBUG - Changing event name from docs.*.cloudsearchdomain.Search.complete-section to docs.*.cloudsearch-domain.Search.complete-section
[ 2025-04-08 13:25:55,797 ] botocore.loaders - DEBUG - Loading JSON file: C:\Users\shuda\Predicting-credit-risk\venv2\lib\site-packages\boto3\data\s3\2006-03-01\resources-1.json
[ 2025-04-08 13:25:55,811 ] botocore.loaders - DEBUG - Loading JSON file: C:\Users\shuda\Predicting-credit-risk\venv2\lib\site-packages\botocore\data\endpoints.json
[ 2025-04-08 13:25:56,120 ] botocore.loaders - DEBUG - Loading JSON file: C:\Users\shuda\Predicting-credit-risk\venv2\lib\site-packages\botocore\data\sdk-default-configuration.json
[ 2025-04-08 13:25:56,121 ] botocore.hooks - DEBUG - Event choose-service-name: calling handler <function handle_service_name_alias at 0x0000026A1C90AE60>
[ 2025-04-08 13:25:56,316 ] botocore.loaders - DEBUG - Loading JSON file: C:\Users\shuda\Predicting-credit-risk\venv2\lib\site-packages\botocore\data\s3\2006-03-01\service-2.json.gz
[ 2025-04-08 13:25:56,325 ] botocore.loaders - DEBUG - Loading JSON file: C:\Users\shuda\Predicting-credit-risk\venv2\lib\site-packages\botocore\data\s3\2006-03-01\service-2.sdk-extras.json
[ 2025-04-08 13:25:56,499 ] botocore.loaders - DEBUG - Loading JSON file: C:\Users\shuda\Predicting-credit-risk\venv2\lib\site-packages\botocore\data\s3\2006-03-01\endpoint-rule-set-1.json.gz
[ 2025-04-08 13:25:56,503 ] botocore.loaders - DEBUG - Loading JSON file: C:\Users\shuda\Predicting-credit-risk\venv2\lib\site-packages\botocore\data\partitions.json
[ 2025-04-08 13:25:56,507 ] botocore.hooks - DEBUG - Event creating-client-class.s3: calling handler <function add_generate_presigned_post at 0x0000026A1C8912D0>
[ 2025-04-08 13:25:56,508 ] botocore.hooks - DEBUG - Event creating-client-class.s3: calling handler <function lazy_call.<locals>._handler at 0x0000026A2DF0F010>
[ 2025-04-08 13:25:56,512 ] botocore.hooks - DEBUG - Event creating-client-class.s3: calling handler <function add_generate_presigned_url at 0x0000026A1C891090>
[ 2025-04-08 13:25:56,513 ] botocore.configprovider - DEBUG - Looking for endpoint for s3 via: environment_service
[ 2025-04-08 13:25:56,513 ] botocore.configprovider - DEBUG - Looking for endpoint for s3 via: environment_global
[ 2025-04-08 13:25:56,513 ] botocore.configprovider - DEBUG - Looking for endpoint for s3 via: config_service
[ 2025-04-08 13:25:56,513 ] botocore.configprovider - DEBUG - Looking for endpoint for s3 via: config_global
[ 2025-04-08 13:25:56,513 ] botocore.configprovider - DEBUG - No configured endpoint found.
[ 2025-04-08 13:25:56,515 ] botocore.endpoint - DEBUG - Setting s3 timeout as (60, 60)
[ 2025-04-08 13:25:56,550 ] botocore.loaders - DEBUG - Loading JSON file: C:\Users\shuda\Predicting-credit-risk\venv2\lib\site-packages\botocore\data\_retry.json
[ 2025-04-08 13:25:56,550 ] botocore.client - DEBUG - Registering retry handlers for service: s3
[ 2025-04-08 13:25:56,550 ] botocore.utils - DEBUG - Registering S3 region redirector handler
[ 2025-04-08 13:25:56,552 ] botocore.utils - DEBUG - Registering S3Express Identity Resolver
[ 2025-04-08 13:25:56,553 ] boto3.resources.factory - DEBUG - Loading s3:s3
[ 2025-04-08 13:25:56,554 ] botocore.hooks - DEBUG - Event choose-service-name: calling handler <function handle_service_name_alias at 0x0000026A1C90AE60>
[ 2025-04-08 13:25:56,557 ] botocore.hooks - DEBUG - Event creating-client-class.s3: calling handler <function add_generate_presigned_post at 0x0000026A1C8912D0>
[ 2025-04-08 13:25:56,558 ] botocore.hooks - DEBUG - Event creating-client-class.s3: calling handler <function lazy_call.<locals>._handler at 0x0000026A2DF0F010>
[ 2025-04-08 13:25:56,558 ] botocore.hooks - DEBUG - Event creating-client-class.s3: calling handler <function add_generate_presigned_url at 0x0000026A1C891090>
[ 2025-04-08 13:25:56,558 ] botocore.configprovider - DEBUG - Looking for endpoint for s3 via: environment_service
[ 2025-04-08 13:25:56,558 ] botocore.configprovider - DEBUG - Looking for endpoint for s3 via: environment_global
[ 2025-04-08 13:25:56,558 ] botocore.configprovider - DEBUG - Looking for endpoint for s3 via: config_service
[ 2025-04-08 13:25:56,558 ] botocore.configprovider - DEBUG - Looking for endpoint for s3 via: config_global
[ 2025-04-08 13:25:56,558 ] botocore.configprovider - DEBUG - No configured endpoint found.
[ 2025-04-08 13:25:56,560 ] botocore.endpoint - DEBUG - Setting s3 timeout as (60, 60)
[ 2025-04-08 13:25:56,562 ] botocore.client - DEBUG - Registering retry handlers for service: s3
[ 2025-04-08 13:25:56,562 ] botocore.utils - DEBUG - Registering S3 region redirector handler
[ 2025-04-08 13:25:56,562 ] botocore.utils - DEBUG - Registering S3Express Identity Resolver
[ 2025-04-08 13:25:56,562 ] root - INFO - Entered the load_model method of S3Operations class
[ 2025-04-08 13:25:56,562 ] root - INFO - Entered the get_file_object method of S3Operations class
[ 2025-04-08 13:25:56,563 ] root - INFO - Entered the get_bucket method of S3Operations class
[ 2025-04-08 13:25:56,563 ] boto3.resources.factory - DEBUG - Loading s3:Bucket
[ 2025-04-08 13:25:56,563 ] boto3.resources.model - DEBUG - Renaming Bucket attribute name
[ 2025-04-08 13:25:56,563 ] botocore.hooks - DEBUG - Event creating-resource-class.s3.Bucket: calling handler <function lazy_call.<locals>._handler at 0x0000026A2DF0F760>
[ 2025-04-08 13:25:56,563 ] root - INFO - Exited the get_bucket method of S3Operations class
[ 2025-04-08 13:25:56,661 ] botocore.loaders - DEBUG - Loading JSON file: C:\Users\shuda\Predicting-credit-risk\venv2\lib\site-packages\botocore\data\s3\2006-03-01\paginators-1.json
[ 2025-04-08 13:25:56,661 ] botocore.loaders - DEBUG - Loading JSON file: C:\Users\shuda\Predicting-credit-risk\venv2\lib\site-packages\botocore\data\s3\2006-03-01\paginators-1.sdk-extras.json
[ 2025-04-08 13:25:56,661 ] boto3.resources.collection - DEBUG - Calling paginated s3:list_objects with {'Bucket': 'credits33456', 'Prefix': 'model.pkl'}
[ 2025-04-08 13:25:56,663 ] botocore.hooks - DEBUG - Event before-parameter-build.s3.ListObjects: calling handler <function set_list_objects_encoding_type_url at 0x0000026A1C921BD0>
[ 2025-04-08 13:25:56,663 ] botocore.hooks - DEBUG - Event before-parameter-build.s3.ListObjects: calling handler <function validate_bucket_name at 0x0000026A1C920940>
[ 2025-04-08 13:25:56,663 ] botocore.hooks - DEBUG - Event before-parameter-build.s3.ListObjects: calling handler <function remove_bucket_from_url_paths_from_model at 0x0000026A1C9227A0>
[ 2025-04-08 13:25:56,663 ] botocore.hooks - DEBUG - Event before-parameter-build.s3.ListObjects: calling handler <bound method S3RegionRedirectorv2.annotate_request_context of <botocore.utils.S3RegionRedirectorv2 object at 0x0000026A2EAAA8F0>>
[ 2025-04-08 13:25:56,663 ] botocore.hooks - DEBUG - Event before-parameter-build.s3.ListObjects: calling handler <bound method ClientCreator._inject_s3_input_parameters of <botocore.client.ClientCreator object at 0x0000026A2DF134F0>>
[ 2025-04-08 13:25:56,663 ] botocore.hooks - DEBUG - Event before-parameter-build.s3.ListObjects: calling handler <function generate_idempotent_uuid at 0x0000026A1C920790>
[ 2025-04-08 13:25:56,663 ] botocore.hooks - DEBUG - Event before-parameter-build.s3.ListObjects: calling handler <function _handle_request_validation_mode_member at 0x0000026A1C922E60>
[ 2025-04-08 13:25:56,663 ] botocore.hooks - DEBUG - Event before-endpoint-resolution.s3: calling handler <function customize_endpoint_resolver_builtins at 0x0000026A1C922950>
[ 2025-04-08 13:25:56,663 ] botocore.hooks - DEBUG - Event before-endpoint-resolution.s3: calling handler <bound method S3RegionRedirectorv2.redirect_from_cache of <botocore.utils.S3RegionRedirectorv2 object at 0x0000026A2EAAA8F0>>
[ 2025-04-08 13:25:56,663 ] botocore.regions - DEBUG - Calling endpoint provider with parameters: {'Bucket': 'credits33456', 'Region': 'eu-west-3', 'UseFIPS': False, 'UseDualStack': False, 'ForcePathStyle': False, 'Accelerate': False, 'UseGlobalEndpoint': False, 'Prefix': 'model.pkl', 'DisableMultiRegionAccessPoints': False, 'UseArnRegion': True}
[ 2025-04-08 13:25:56,664 ] botocore.regions - DEBUG - Endpoint provider result: https://credits33456.s3.eu-west-3.amazonaws.com
[ 2025-04-08 13:25:56,664 ] botocore.regions - DEBUG - Selecting from endpoint provider's list of auth schemes: "sigv4". User selected auth scheme is: "None"
[ 2025-04-08 13:25:56,664 ] botocore.regions - DEBUG - Selected auth type "v4" as "v4" with signing context params: {'region': 'eu-west-3', 'signing_name': 's3', 'disableDoubleEncoding': True}
[ 2025-04-08 13:25:56,664 ] botocore.hooks - DEBUG - Event before-call.s3.ListObjects: calling handler <function add_expect_header at 0x0000026A1C920CA0>
[ 2025-04-08 13:25:56,664 ] botocore.hooks - DEBUG - Event before-call.s3.ListObjects: calling handler <bound method S3ExpressIdentityResolver.apply_signing_cache_key of <botocore.utils.S3ExpressIdentityResolver object at 0x0000026A2EAAA950>>
[ 2025-04-08 13:25:56,664 ] botocore.hooks - DEBUG - Event before-call.s3.ListObjects: calling handler <function add_recursion_detection_header at 0x0000026A1C9203A0>
[ 2025-04-08 13:25:56,664 ] botocore.hooks - DEBUG - Event before-call.s3.ListObjects: calling handler <function add_query_compatibility_header at 0x0000026A1C922DD0>
[ 2025-04-08 13:25:56,664 ] botocore.hooks - DEBUG - Event before-call.s3.ListObjects: calling handler <function inject_api_version_header_if_needed at 0x0000026A1C921FC0>
[ 2025-04-08 13:25:56,665 ] botocore.endpoint - DEBUG - Making request for OperationModel(name=ListObjects) with params: {'url_path': '', 'query_string': {'prefix': 'model.pkl', 'encoding-type': 'url'}, 'method': 'GET', 'headers': {'User-Agent': 'Boto3/1.37.13 md/Botocore#1.37.13 ua/2.1 os/windows#10 md/arch#amd64 lang/python#3.10.2 md/pyimpl#CPython m/C cfg/retry-mode#legacy Botocore/1.37.13 Resource'}, 'body': b'', 'auth_path': '/credits33456/', 'url': 'https://credits33456.s3.eu-west-3.amazonaws.com/?prefix=model.pkl&encoding-type=url', 'context': {'client_region': 'eu-west-3', 'client_config': <botocore.config.Config object at 0x0000026A2EA4A5F0>, 'has_streaming_input': False, 'auth_type': 'v4', 'unsigned_payload': None, 'encoding_type_auto_set': True, 's3_redirect': {'redirected': False, 'bucket': 'credits33456', 'params': {'Bucket': 'credits33456', 'Prefix': 'model.pkl', 'EncodingType': 'url'}}, 'input_params': {'Bucket': 'credits33456', 'Prefix': 'model.pkl'}, 'signing': {'region': 'eu-west-3', 'signing_name': 's3', 'disableDoubleEncoding': True}, 'endpoint_properties': {'authSchemes': [{'disableDoubleEncoding': True, 'name': 'sigv4', 'signingName': 's3', 'signingRegion': 'eu-west-3'}]}}}
[ 2025-04-08 13:25:56,665 ] botocore.hooks - DEBUG - Event request-created.s3.ListObjects: calling handler <bound method RequestSigner.handler of <botocore.signers.RequestSigner object at 0x0000026A2EA4A620>>
[ 2025-04-08 13:25:56,665 ] botocore.hooks - DEBUG - Event choose-signer.s3.ListObjects: calling handler <function set_operation_specific_signer at 0x0000026A1C9205E0>
[ 2025-04-08 13:25:56,665 ] botocore.hooks - DEBUG - Event before-sign.s3.ListObjects: calling handler <function remove_arn_from_signing_path at 0x0000026A1C9228C0>
[ 2025-04-08 13:25:56,665 ] botocore.hooks - DEBUG - Event before-sign.s3.ListObjects: calling handler <function _set_extra_headers_for_unsigned_request at 0x0000026A1C922EF0>
[ 2025-04-08 13:25:56,665 ] botocore.hooks - DEBUG - Event before-sign.s3.ListObjects: calling handler <bound method S3ExpressIdentityResolver.resolve_s3express_identity of <botocore.utils.S3ExpressIdentityResolver object at 0x0000026A2EAAA950>>
[ 2025-04-08 13:25:56,665 ] botocore.auth - DEBUG - Calculating signature using v4 auth.
[ 2025-04-08 13:25:56,665 ] botocore.auth - DEBUG - CanonicalRequest:
GET
/
encoding-type=url&prefix=model.pkl
host:credits33456.s3.eu-west-3.amazonaws.com
x-amz-content-sha256:e3b0c44298fc1c149afbf4c8996fb92427ae41e4649b934ca495991b7852b855
x-amz-date:20250408T112556Z

host;x-amz-content-sha256;x-amz-date
e3b0c44298fc1c149afbf4c8996fb92427ae41e4649b934ca495991b7852b855
[ 2025-04-08 13:25:56,666 ] botocore.auth - DEBUG - StringToSign:
AWS4-HMAC-SHA256
20250408T112556Z
20250408/eu-west-3/s3/aws4_request
ac97627607a72360f16001515b199b2f13a6f4509cf31f1441d37a4f4569fa01
[ 2025-04-08 13:25:56,666 ] botocore.auth - DEBUG - Signature:
4e200a264d5e75b23115acb8e97e0927c8da9f91a7af2474a1f24c9b935ae37b
[ 2025-04-08 13:25:56,666 ] botocore.hooks - DEBUG - Event request-created.s3.ListObjects: calling handler <bound method UserAgentString.rebuild_and_replace_user_agent_handler of <botocore.useragent.UserAgentString object at 0x0000026A2EAAA2F0>>
[ 2025-04-08 13:25:56,667 ] botocore.hooks - DEBUG - Event request-created.s3.ListObjects: calling handler <function add_retry_headers at 0x0000026A1C922710>
[ 2025-04-08 13:25:56,667 ] botocore.endpoint - DEBUG - Sending http request: <AWSPreparedRequest stream_output=False, method=GET, url=https://credits33456.s3.eu-west-3.amazonaws.com/?prefix=model.pkl&encoding-type=url, headers={'User-Agent': b'Boto3/1.37.13 md/Botocore#1.37.13 ua/2.1 os/windows#10 md/arch#amd64 lang/python#3.10.2 md/pyimpl#CPython m/C cfg/retry-mode#legacy Botocore/1.37.13 Resource', 'X-Amz-Date': b'20250408T112556Z', 'X-Amz-Content-SHA256': b'e3b0c44298fc1c149afbf4c8996fb92427ae41e4649b934ca495991b7852b855', 'Authorization': b'AWS4-HMAC-SHA256 Credential=AKIAWMFUPRGL7UNOU257/20250408/eu-west-3/s3/aws4_request, SignedHeaders=host;x-amz-content-sha256;x-amz-date, Signature=4e200a264d5e75b23115acb8e97e0927c8da9f91a7af2474a1f24c9b935ae37b', 'amz-sdk-invocation-id': b'c463f782-c51b-450c-a94c-65c58897a48e', 'amz-sdk-request': b'attempt=1'}>
[ 2025-04-08 13:25:56,667 ] botocore.httpsession - DEBUG - Certificate path: C:\Users\shuda\Predicting-credit-risk\venv2\lib\site-packages\certifi\cacert.pem
[ 2025-04-08 13:25:56,667 ] urllib3.connectionpool - DEBUG - Starting new HTTPS connection (1): credits33456.s3.eu-west-3.amazonaws.com:443
[ 2025-04-08 13:25:56,782 ] urllib3.connectionpool - DEBUG - https://credits33456.s3.eu-west-3.amazonaws.com:443 "GET /?prefix=model.pkl&encoding-type=url HTTP/1.1" 200 None
[ 2025-04-08 13:25:56,783 ] botocore.hooks - DEBUG - Event before-parse.s3.ListObjects: calling handler <function _handle_200_error at 0x0000026A1C922C20>
[ 2025-04-08 13:25:56,786 ] botocore.hooks - DEBUG - Event before-parse.s3.ListObjects: calling handler <function handle_expires_header at 0x0000026A1C922A70>
[ 2025-04-08 13:25:56,786 ] botocore.parsers - DEBUG - Response headers: {'x-amz-id-2': 'Fx2IZvQmPtZXsISlKM7wfA4Vnp7VyOlJGcFoDkw46KMdAjmPYejgSbteuvLSjkPy5/D7HBXONGnUXMIls8dbNnkhrnu1smKG', 'x-amz-request-id': 'TDB77KKGYVE23VF5', 'Date': 'Tue, 08 Apr 2025 11:25:57 GMT', 'x-amz-bucket-region': 'eu-west-3', 'Content-Type': 'application/xml', 'Transfer-Encoding': 'chunked', 'Server': 'AmazonS3'}
[ 2025-04-08 13:25:56,787 ] botocore.parsers - DEBUG - Response body:
b'<?xml version="1.0" encoding="UTF-8"?>\n<ListBucketResult xmlns="http://s3.amazonaws.com/doc/2006-03-01/"><Name>credits33456</Name><Prefix>model.pkl</Prefix><Marker></Marker><MaxKeys>1000</MaxKeys><EncodingType>url</EncodingType><IsTruncated>false</IsTruncated><Contents><Key>model.pkl</Key><LastModified>2025-04-08T09:53:22.000Z</LastModified><ETag>&quot;998ae1a84fdd9f06ebc44c1039886702&quot;</ETag><ChecksumAlgorithm>CRC32</ChecksumAlgorithm><ChecksumType>FULL_OBJECT</ChecksumType><Size>6933593</Size><Owner><ID>972028935ff922de9f68972a4df98f3edc9f9b224244f7cd02bf94e634659904</ID></Owner><StorageClass>STANDARD</StorageClass></Contents></ListBucketResult>'
[ 2025-04-08 13:25:56,789 ] botocore.hooks - DEBUG - Event needs-retry.s3.ListObjects: calling handler <function _update_status_code at 0x0000026A1C922D40>
[ 2025-04-08 13:25:56,789 ] botocore.hooks - DEBUG - Event needs-retry.s3.ListObjects: calling handler <botocore.retryhandler.RetryHandler object at 0x0000026A2EAAA830>
[ 2025-04-08 13:25:56,789 ] botocore.retryhandler - DEBUG - No retry needed.
[ 2025-04-08 13:25:56,789 ] botocore.hooks - DEBUG - Event needs-retry.s3.ListObjects: calling handler <bound method S3RegionRedirectorv2.redirect_from_error of <botocore.utils.S3RegionRedirectorv2 object at 0x0000026A2EAAA8F0>>
[ 2025-04-08 13:25:56,789 ] botocore.hooks - DEBUG - Event after-call.s3.ListObjects: calling handler <function decode_list_object at 0x0000026A1C921C60>
[ 2025-04-08 13:25:56,789 ] boto3.resources.factory - DEBUG - Loading s3:ObjectSummary
[ 2025-04-08 13:25:56,790 ] boto3.resources.model - DEBUG - Renaming ObjectSummary attribute key
[ 2025-04-08 13:25:56,790 ] botocore.hooks - DEBUG - Event creating-resource-class.s3.ObjectSummary: calling handler <function lazy_call.<locals>._handler at 0x0000026A2DF0F910>
[ 2025-04-08 13:25:56,790 ] root - INFO - Exited the get_file_object method of S3Operations class
[ 2025-04-08 13:25:56,791 ] root - INFO - Entered the read_object method of S3Operations class
[ 2025-04-08 13:25:56,791 ] root - INFO - Exited the read_object method of S3Operations class
[ 2025-04-08 13:25:56,791 ] boto3.resources.action - DEBUG - Calling s3:get_object with {'Bucket': 'credits33456', 'Key': 'model.pkl'}
[ 2025-04-08 13:25:56,791 ] botocore.hooks - DEBUG - Event before-parameter-build.s3.GetObject: calling handler <function sse_md5 at 0x0000026A1C9209D0>
[ 2025-04-08 13:25:56,791 ] botocore.hooks - DEBUG - Event before-parameter-build.s3.GetObject: calling handler <function validate_bucket_name at 0x0000026A1C920940>
[ 2025-04-08 13:25:56,791 ] botocore.hooks - DEBUG - Event before-parameter-build.s3.GetObject: calling handler <function remove_bucket_from_url_paths_from_model at 0x0000026A1C9227A0>
[ 2025-04-08 13:25:56,791 ] botocore.hooks - DEBUG - Event before-parameter-build.s3.GetObject: calling handler <bound method S3RegionRedirectorv2.annotate_request_context of <botocore.utils.S3RegionRedirectorv2 object at 0x0000026A2EAAA8F0>>
[ 2025-04-08 13:25:56,791 ] botocore.hooks - DEBUG - Event before-parameter-build.s3.GetObject: calling handler <bound method ClientCreator._inject_s3_input_parameters of <botocore.client.ClientCreator object at 0x0000026A2DF134F0>>
[ 2025-04-08 13:25:56,791 ] botocore.hooks - DEBUG - Event before-parameter-build.s3.GetObject: calling handler <function generate_idempotent_uuid at 0x0000026A1C920790>
[ 2025-04-08 13:25:56,791 ] botocore.hooks - DEBUG - Event before-parameter-build.s3.GetObject: calling handler <function _handle_request_validation_mode_member at 0x0000026A1C922E60>
[ 2025-04-08 13:25:56,791 ] botocore.hooks - DEBUG - Event before-endpoint-resolution.s3: calling handler <function customize_endpoint_resolver_builtins at 0x0000026A1C922950>
[ 2025-04-08 13:25:56,791 ] botocore.hooks - DEBUG - Event before-endpoint-resolution.s3: calling handler <bound method S3RegionRedirectorv2.redirect_from_cache of <botocore.utils.S3RegionRedirectorv2 object at 0x0000026A2EAAA8F0>>
[ 2025-04-08 13:25:56,791 ] botocore.regions - DEBUG - Calling endpoint provider with parameters: {'Bucket': 'credits33456', 'Region': 'eu-west-3', 'UseFIPS': False, 'UseDualStack': False, 'ForcePathStyle': False, 'Accelerate': False, 'UseGlobalEndpoint': False, 'Key': 'model.pkl', 'DisableMultiRegionAccessPoints': False, 'UseArnRegion': True}
[ 2025-04-08 13:25:56,792 ] botocore.regions - DEBUG - Endpoint provider result: https://credits33456.s3.eu-west-3.amazonaws.com
[ 2025-04-08 13:25:56,792 ] botocore.regions - DEBUG - Selecting from endpoint provider's list of auth schemes: "sigv4". User selected auth scheme is: "None"
[ 2025-04-08 13:25:56,792 ] botocore.regions - DEBUG - Selected auth type "v4" as "v4" with signing context params: {'region': 'eu-west-3', 'signing_name': 's3', 'disableDoubleEncoding': True}
[ 2025-04-08 13:25:56,792 ] botocore.hooks - DEBUG - Event before-call.s3.GetObject: calling handler <function add_expect_header at 0x0000026A1C920CA0>
[ 2025-04-08 13:25:56,792 ] botocore.hooks - DEBUG - Event before-call.s3.GetObject: calling handler <bound method S3ExpressIdentityResolver.apply_signing_cache_key of <botocore.utils.S3ExpressIdentityResolver object at 0x0000026A2EAAA950>>
[ 2025-04-08 13:25:56,792 ] botocore.hooks - DEBUG - Event before-call.s3.GetObject: calling handler <function add_recursion_detection_header at 0x0000026A1C9203A0>
[ 2025-04-08 13:25:56,792 ] botocore.hooks - DEBUG - Event before-call.s3.GetObject: calling handler <function add_query_compatibility_header at 0x0000026A1C922DD0>
[ 2025-04-08 13:25:56,792 ] botocore.hooks - DEBUG - Event before-call.s3.GetObject: calling handler <function inject_api_version_header_if_needed at 0x0000026A1C921FC0>
[ 2025-04-08 13:25:56,792 ] botocore.endpoint - DEBUG - Making request for OperationModel(name=GetObject) with params: {'url_path': '/model.pkl', 'query_string': {}, 'method': 'GET', 'headers': {'x-amz-checksum-mode': 'ENABLED', 'User-Agent': 'Boto3/1.37.13 md/Botocore#1.37.13 ua/2.1 os/windows#10 md/arch#amd64 lang/python#3.10.2 md/pyimpl#CPython cfg/retry-mode#legacy Botocore/1.37.13 Resource'}, 'body': b'', 'auth_path': '/credits33456/model.pkl', 'url': 'https://credits33456.s3.eu-west-3.amazonaws.com/model.pkl', 'context': {'client_region': 'eu-west-3', 'client_config': <botocore.config.Config object at 0x0000026A2EA4A5F0>, 'has_streaming_input': False, 'auth_type': 'v4', 'unsigned_payload': None, 's3_redirect': {'redirected': False, 'bucket': 'credits33456', 'params': {'Bucket': 'credits33456', 'Key': 'model.pkl', 'ChecksumMode': 'ENABLED'}}, 'input_params': {'Bucket': 'credits33456', 'Key': 'model.pkl'}, 'signing': {'region': 'eu-west-3', 'signing_name': 's3', 'disableDoubleEncoding': True}, 'endpoint_properties': {'authSchemes': [{'disableDoubleEncoding': True, 'name': 'sigv4', 'signingName': 's3', 'signingRegion': 'eu-west-3'}]}, 'checksum': {'response_algorithms': ['crc32', 'sha1', 'sha256']}}}
[ 2025-04-08 13:25:56,794 ] botocore.hooks - DEBUG - Event request-created.s3.GetObject: calling handler <bound method RequestSigner.handler of <botocore.signers.RequestSigner object at 0x0000026A2EA4A620>>
[ 2025-04-08 13:25:56,794 ] botocore.hooks - DEBUG - Event choose-signer.s3.GetObject: calling handler <function set_operation_specific_signer at 0x0000026A1C9205E0>
[ 2025-04-08 13:25:56,794 ] botocore.hooks - DEBUG - Event before-sign.s3.GetObject: calling handler <function remove_arn_from_signing_path at 0x0000026A1C9228C0>
[ 2025-04-08 13:25:56,794 ] botocore.hooks - DEBUG - Event before-sign.s3.GetObject: calling handler <function _set_extra_headers_for_unsigned_request at 0x0000026A1C922EF0>
[ 2025-04-08 13:25:56,794 ] botocore.hooks - DEBUG - Event before-sign.s3.GetObject: calling handler <bound method S3ExpressIdentityResolver.resolve_s3express_identity of <botocore.utils.S3ExpressIdentityResolver object at 0x0000026A2EAAA950>>
[ 2025-04-08 13:25:56,794 ] botocore.auth - DEBUG - Calculating signature using v4 auth.
[ 2025-04-08 13:25:56,794 ] botocore.auth - DEBUG - CanonicalRequest:
GET
/model.pkl

host:credits33456.s3.eu-west-3.amazonaws.com
x-amz-checksum-mode:ENABLED
x-amz-content-sha256:e3b0c44298fc1c149afbf4c8996fb92427ae41e4649b934ca495991b7852b855
x-amz-date:20250408T112556Z

host;x-amz-checksum-mode;x-amz-content-sha256;x-amz-date
e3b0c44298fc1c149afbf4c8996fb92427ae41e4649b934ca495991b7852b855
[ 2025-04-08 13:25:56,794 ] botocore.auth - DEBUG - StringToSign:
AWS4-HMAC-SHA256
20250408T112556Z
20250408/eu-west-3/s3/aws4_request
3f8f190a48619333131a82d214fae7cfca9d84a98e8ce900a316020202e4c8fb
[ 2025-04-08 13:25:56,794 ] botocore.auth - DEBUG - Signature:
c34637db95bdde5d859ca55793a29d7972f39442b75cfa066c2e8cc08d404538
[ 2025-04-08 13:25:56,794 ] botocore.hooks - DEBUG - Event request-created.s3.GetObject: calling handler <bound method UserAgentString.rebuild_and_replace_user_agent_handler of <botocore.useragent.UserAgentString object at 0x0000026A2EAAA2F0>>
[ 2025-04-08 13:25:56,795 ] botocore.hooks - DEBUG - Event request-created.s3.GetObject: calling handler <function add_retry_headers at 0x0000026A1C922710>
[ 2025-04-08 13:25:56,795 ] botocore.endpoint - DEBUG - Sending http request: <AWSPreparedRequest stream_output=True, method=GET, url=https://credits33456.s3.eu-west-3.amazonaws.com/model.pkl, headers={'x-amz-checksum-mode': b'ENABLED', 'User-Agent': b'Boto3/1.37.13 md/Botocore#1.37.13 ua/2.1 os/windows#10 md/arch#amd64 lang/python#3.10.2 md/pyimpl#CPython cfg/retry-mode#legacy Botocore/1.37.13 Resource', 'X-Amz-Date': b'20250408T112556Z', 'X-Amz-Content-SHA256': b'e3b0c44298fc1c149afbf4c8996fb92427ae41e4649b934ca495991b7852b855', 'Authorization': b'AWS4-HMAC-SHA256 Credential=AKIAWMFUPRGL7UNOU257/20250408/eu-west-3/s3/aws4_request, SignedHeaders=host;x-amz-checksum-mode;x-amz-content-sha256;x-amz-date, Signature=c34637db95bdde5d859ca55793a29d7972f39442b75cfa066c2e8cc08d404538', 'amz-sdk-invocation-id': b'51a07505-2d55-43e3-b380-4c625106d290', 'amz-sdk-request': b'attempt=1'}>
[ 2025-04-08 13:25:56,795 ] botocore.httpsession - DEBUG - Certificate path: C:\Users\shuda\Predicting-credit-risk\venv2\lib\site-packages\certifi\cacert.pem
[ 2025-04-08 13:25:56,891 ] urllib3.connectionpool - DEBUG - https://credits33456.s3.eu-west-3.amazonaws.com:443 "GET /model.pkl HTTP/1.1" 200 6933593
[ 2025-04-08 13:25:56,892 ] botocore.hooks - DEBUG - Event before-parse.s3.GetObject: calling handler <function _handle_200_error at 0x0000026A1C922C20>
[ 2025-04-08 13:25:56,892 ] botocore.hooks - DEBUG - Event before-parse.s3.GetObject: calling handler <function handle_expires_header at 0x0000026A1C922A70>
[ 2025-04-08 13:25:56,892 ] botocore.parsers - DEBUG - Response headers: {'x-amz-id-2': 'xLkPXh1uW3VaN5fz0et0LGbHd/wVBUZa+FarJs+6ZJicNExmbR+7tUPHv/v8AwZn60aaRWffgijX/Acl9VR3YlrTWQINxi6z', 'x-amz-request-id': 'TDBDGB2GD2P33P8V', 'Date': 'Tue, 08 Apr 2025 11:25:57 GMT', 'Last-Modified': 'Tue, 08 Apr 2025 09:53:22 GMT', 'ETag': '"998ae1a84fdd9f06ebc44c1039886702"', 'x-amz-checksum-crc32': 'lUdWLg==', 'x-amz-checksum-type': 'FULL_OBJECT', 'x-amz-server-side-encryption': 'AES256', 'Accept-Ranges': 'bytes', 'Content-Type': 'binary/octet-stream', 'Content-Length': '6933593', 'Server': 'AmazonS3'}
[ 2025-04-08 13:25:56,892 ] botocore.parsers - DEBUG - Response body:
<botocore.httpchecksum.StreamingChecksumBody object at 0x0000026A2EB1A350>
[ 2025-04-08 13:25:56,893 ] botocore.hooks - DEBUG - Event needs-retry.s3.GetObject: calling handler <function _update_status_code at 0x0000026A1C922D40>
[ 2025-04-08 13:25:56,893 ] botocore.hooks - DEBUG - Event needs-retry.s3.GetObject: calling handler <botocore.retryhandler.RetryHandler object at 0x0000026A2EAAA830>
[ 2025-04-08 13:25:56,893 ] botocore.retryhandler - DEBUG - No retry needed.
[ 2025-04-08 13:25:56,893 ] botocore.hooks - DEBUG - Event needs-retry.s3.GetObject: calling handler <bound method S3RegionRedirectorv2.redirect_from_error of <botocore.utils.S3RegionRedirectorv2 object at 0x0000026A2EAAA8F0>>
[ 2025-04-08 13:25:56,893 ] boto3.resources.action - DEBUG - Response: {'ResponseMetadata': {'RequestId': 'TDBDGB2GD2P33P8V', 'HostId': 'xLkPXh1uW3VaN5fz0et0LGbHd/wVBUZa+FarJs+6ZJicNExmbR+7tUPHv/v8AwZn60aaRWffgijX/Acl9VR3YlrTWQINxi6z', 'HTTPStatusCode': 200, 'HTTPHeaders': {'x-amz-id-2': 'xLkPXh1uW3VaN5fz0et0LGbHd/wVBUZa+FarJs+6ZJicNExmbR+7tUPHv/v8AwZn60aaRWffgijX/Acl9VR3YlrTWQINxi6z', 'x-amz-request-id': 'TDBDGB2GD2P33P8V', 'date': 'Tue, 08 Apr 2025 11:25:57 GMT', 'last-modified': 'Tue, 08 Apr 2025 09:53:22 GMT', 'etag': '"998ae1a84fdd9f06ebc44c1039886702"', 'x-amz-checksum-crc32': 'lUdWLg==', 'x-amz-checksum-type': 'FULL_OBJECT', 'x-amz-server-side-encryption': 'AES256', 'accept-ranges': 'bytes', 'content-type': 'binary/octet-stream', 'content-length': '6933593', 'server': 'AmazonS3'}, 'ChecksumAlgorithm': 'crc32', 'RetryAttempts': 0}, 'AcceptRanges': 'bytes', 'LastModified': datetime.datetime(2025, 4, 8, 9, 53, 22, tzinfo=tzutc()), 'ContentLength': 6933593, 'ETag': '"998ae1a84fdd9f06ebc44c1039886702"', 'ChecksumCRC32': 'lUdWLg==', 'ChecksumType': 'FULL_OBJECT', 'ContentType': 'binary/octet-stream', 'ServerSideEncryption': 'AES256', 'Metadata': {}, 'Body': <botocore.httpchecksum.StreamingChecksumBody object at 0x0000026A2EB1A350>}
[ 2025-04-08 13:25:58,103 ] root - INFO - Exited the load_model method of S3Operations class
[ 2025-04-08 13:25:58,104 ] root - INFO - Entered predict method of RiskModel class
[ 2025-04-08 13:25:58,104 ] root - INFO - Using the trained model to get predictions
