[ 2025-04-12 13:18:43,497 ] asyncio - DEBUG - Using proactor: IocpProactor
[ 2025-04-12 13:19:24,713 ] python_multipart.multipart - DEBUG - Calling on_field_start with no data
[ 2025-04-12 13:19:24,716 ] python_multipart.multipart - DEBUG - Calling on_field_name with data[0:10]
[ 2025-04-12 13:19:24,716 ] python_multipart.multipart - DEBUG - Calling on_field_data with data[11:13]
[ 2025-04-12 13:19:24,716 ] python_multipart.multipart - DEBUG - Calling on_field_end with no data
[ 2025-04-12 13:19:24,716 ] python_multipart.multipart - DEBUG - Calling on_field_start with no data
[ 2025-04-12 13:19:24,717 ] python_multipart.multipart - DEBUG - Calling on_field_name with data[14:27]
[ 2025-04-12 13:19:24,717 ] python_multipart.multipart - DEBUG - Calling on_field_data with data[28:31]
[ 2025-04-12 13:19:24,717 ] python_multipart.multipart - DEBUG - Calling on_field_end with no data
[ 2025-04-12 13:19:24,717 ] python_multipart.multipart - DEBUG - Calling on_field_start with no data
[ 2025-04-12 13:19:24,717 ] python_multipart.multipart - DEBUG - Calling on_field_name with data[32:53]
[ 2025-04-12 13:19:24,717 ] python_multipart.multipart - DEBUG - Calling on_field_data with data[54:58]
[ 2025-04-12 13:19:24,717 ] python_multipart.multipart - DEBUG - Calling on_field_end with no data
[ 2025-04-12 13:19:24,717 ] python_multipart.multipart - DEBUG - Calling on_field_start with no data
[ 2025-04-12 13:19:24,717 ] python_multipart.multipart - DEBUG - Calling on_field_name with data[59:76]
[ 2025-04-12 13:19:24,718 ] python_multipart.multipart - DEBUG - Calling on_field_data with data[77:78]
[ 2025-04-12 13:19:24,718 ] python_multipart.multipart - DEBUG - Calling on_field_end with no data
[ 2025-04-12 13:19:24,718 ] python_multipart.multipart - DEBUG - Calling on_field_start with no data
[ 2025-04-12 13:19:24,718 ] python_multipart.multipart - DEBUG - Calling on_field_name with data[79:90]
[ 2025-04-12 13:19:24,718 ] python_multipart.multipart - DEBUG - Calling on_field_data with data[91:99]
[ 2025-04-12 13:19:24,718 ] python_multipart.multipart - DEBUG - Calling on_field_end with no data
[ 2025-04-12 13:19:24,718 ] python_multipart.multipart - DEBUG - Calling on_field_start with no data
[ 2025-04-12 13:19:24,718 ] python_multipart.multipart - DEBUG - Calling on_field_name with data[100:109]
[ 2025-04-12 13:19:24,719 ] python_multipart.multipart - DEBUG - Calling on_field_data with data[110:112]
[ 2025-04-12 13:19:24,719 ] python_multipart.multipart - DEBUG - Calling on_field_end with no data
[ 2025-04-12 13:19:24,719 ] python_multipart.multipart - DEBUG - Calling on_field_start with no data
[ 2025-04-12 13:19:24,719 ] python_multipart.multipart - DEBUG - Calling on_field_name with data[113:123]
[ 2025-04-12 13:19:24,719 ] python_multipart.multipart - DEBUG - Calling on_field_data with data[124:125]
[ 2025-04-12 13:19:24,719 ] python_multipart.multipart - DEBUG - Calling on_field_end with no data
[ 2025-04-12 13:19:24,719 ] python_multipart.multipart - DEBUG - Calling on_field_start with no data
[ 2025-04-12 13:19:24,719 ] python_multipart.multipart - DEBUG - Calling on_field_name with data[126:139]
[ 2025-04-12 13:19:24,719 ] python_multipart.multipart - DEBUG - Calling on_field_data with data[140:144]
[ 2025-04-12 13:19:24,719 ] python_multipart.multipart - DEBUG - Calling on_field_end with no data
[ 2025-04-12 13:19:24,719 ] python_multipart.multipart - DEBUG - Calling on_field_start with no data
[ 2025-04-12 13:19:24,719 ] python_multipart.multipart - DEBUG - Calling on_field_name with data[145:164]
[ 2025-04-12 13:19:24,720 ] python_multipart.multipart - DEBUG - Calling on_field_data with data[165:169]
[ 2025-04-12 13:19:24,720 ] python_multipart.multipart - DEBUG - Calling on_field_end with no data
[ 2025-04-12 13:19:24,720 ] python_multipart.multipart - DEBUG - Calling on_field_start with no data
[ 2025-04-12 13:19:24,720 ] python_multipart.multipart - DEBUG - Calling on_field_name with data[170:195]
[ 2025-04-12 13:19:24,720 ] python_multipart.multipart - DEBUG - Calling on_field_data with data[196:199]
[ 2025-04-12 13:19:24,720 ] python_multipart.multipart - DEBUG - Calling on_field_end with no data
[ 2025-04-12 13:19:24,720 ] python_multipart.multipart - DEBUG - Calling on_field_start with no data
[ 2025-04-12 13:19:24,720 ] python_multipart.multipart - DEBUG - Calling on_field_name with data[200:226]
[ 2025-04-12 13:19:24,720 ] python_multipart.multipart - DEBUG - Calling on_field_data with data[227:228]
[ 2025-04-12 13:19:24,721 ] python_multipart.multipart - DEBUG - Calling on_field_end with no data
[ 2025-04-12 13:19:24,721 ] python_multipart.multipart - DEBUG - Calling on_end with no data
[ 2025-04-12 13:19:24,731 ] root - INFO - Entered get_credt_data_as_dict method as creditData class
[ 2025-04-12 13:19:24,731 ] root - INFO - Created credt data dict
[ 2025-04-12 13:19:24,731 ] root - INFO - Exited get_credt_data_as_dict method as credtdata class
[ 2025-04-12 13:19:24,768 ] root - INFO - Entered predict method of Classifier class
[ 2025-04-12 13:19:24,782 ] botocore.hooks - DEBUG - Changing event name from creating-client-class.iot-data to creating-client-class.iot-data-plane
[ 2025-04-12 13:19:24,785 ] botocore.hooks - DEBUG - Changing event name from before-call.apigateway to before-call.api-gateway
[ 2025-04-12 13:19:24,785 ] botocore.hooks - DEBUG - Changing event name from request-created.machinelearning.Predict to request-created.machine-learning.Predict
[ 2025-04-12 13:19:24,787 ] botocore.hooks - DEBUG - Changing event name from before-parameter-build.autoscaling.CreateLaunchConfiguration to before-parameter-build.auto-scaling.CreateLaunchConfiguration
[ 2025-04-12 13:19:24,787 ] botocore.hooks - DEBUG - Changing event name from before-parameter-build.route53 to before-parameter-build.route-53
[ 2025-04-12 13:19:24,788 ] botocore.hooks - DEBUG - Changing event name from request-created.cloudsearchdomain.Search to request-created.cloudsearch-domain.Search
[ 2025-04-12 13:19:24,790 ] botocore.hooks - DEBUG - Changing event name from docs.*.autoscaling.CreateLaunchConfiguration.complete-section to docs.*.auto-scaling.CreateLaunchConfiguration.complete-section
[ 2025-04-12 13:19:24,793 ] botocore.hooks - DEBUG - Changing event name from before-parameter-build.logs.CreateExportTask to before-parameter-build.cloudwatch-logs.CreateExportTask
[ 2025-04-12 13:19:24,794 ] botocore.hooks - DEBUG - Changing event name from docs.*.logs.CreateExportTask.complete-section to docs.*.cloudwatch-logs.CreateExportTask.complete-section
[ 2025-04-12 13:19:24,794 ] botocore.hooks - DEBUG - Changing event name from before-parameter-build.cloudsearchdomain.Search to before-parameter-build.cloudsearch-domain.Search
[ 2025-04-12 13:19:24,794 ] botocore.hooks - DEBUG - Changing event name from docs.*.cloudsearchdomain.Search.complete-section to docs.*.cloudsearch-domain.Search.complete-section
[ 2025-04-12 13:19:25,838 ] botocore.loaders - DEBUG - Loading JSON file: C:\Users\shuda\Predicting-credit-risk\venv2\lib\site-packages\boto3\data\s3\2006-03-01\resources-1.json
[ 2025-04-12 13:19:25,846 ] botocore.loaders - DEBUG - Loading JSON file: C:\Users\shuda\Predicting-credit-risk\venv2\lib\site-packages\botocore\data\endpoints.json
[ 2025-04-12 13:19:26,053 ] botocore.loaders - DEBUG - Loading JSON file: C:\Users\shuda\Predicting-credit-risk\venv2\lib\site-packages\botocore\data\sdk-default-configuration.json
[ 2025-04-12 13:19:26,054 ] botocore.hooks - DEBUG - Event choose-service-name: calling handler <function handle_service_name_alias at 0x000001D1B7DA6EF0>
[ 2025-04-12 13:19:26,275 ] botocore.loaders - DEBUG - Loading JSON file: C:\Users\shuda\Predicting-credit-risk\venv2\lib\site-packages\botocore\data\s3\2006-03-01\service-2.json.gz
[ 2025-04-12 13:19:26,292 ] botocore.loaders - DEBUG - Loading JSON file: C:\Users\shuda\Predicting-credit-risk\venv2\lib\site-packages\botocore\data\s3\2006-03-01\service-2.sdk-extras.json
[ 2025-04-12 13:19:26,472 ] botocore.loaders - DEBUG - Loading JSON file: C:\Users\shuda\Predicting-credit-risk\venv2\lib\site-packages\botocore\data\s3\2006-03-01\endpoint-rule-set-1.json.gz
[ 2025-04-12 13:19:26,479 ] botocore.loaders - DEBUG - Loading JSON file: C:\Users\shuda\Predicting-credit-risk\venv2\lib\site-packages\botocore\data\partitions.json
[ 2025-04-12 13:19:26,481 ] botocore.hooks - DEBUG - Event creating-client-class.s3: calling handler <function add_generate_presigned_post at 0x000001D1B7D31360>
[ 2025-04-12 13:19:26,481 ] botocore.hooks - DEBUG - Event creating-client-class.s3: calling handler <function lazy_call.<locals>._handler at 0x000001D1C942F6D0>
[ 2025-04-12 13:19:26,490 ] botocore.hooks - DEBUG - Event creating-client-class.s3: calling handler <function add_generate_presigned_url at 0x000001D1B7D31120>
[ 2025-04-12 13:19:26,490 ] botocore.configprovider - DEBUG - Looking for endpoint for s3 via: environment_service
[ 2025-04-12 13:19:26,491 ] botocore.configprovider - DEBUG - Looking for endpoint for s3 via: environment_global
[ 2025-04-12 13:19:26,491 ] botocore.configprovider - DEBUG - Looking for endpoint for s3 via: config_service
[ 2025-04-12 13:19:26,491 ] botocore.configprovider - DEBUG - Looking for endpoint for s3 via: config_global
[ 2025-04-12 13:19:26,491 ] botocore.configprovider - DEBUG - No configured endpoint found.
[ 2025-04-12 13:19:26,494 ] botocore.endpoint - DEBUG - Setting s3 timeout as (60, 60)
[ 2025-04-12 13:19:26,521 ] botocore.loaders - DEBUG - Loading JSON file: C:\Users\shuda\Predicting-credit-risk\venv2\lib\site-packages\botocore\data\_retry.json
[ 2025-04-12 13:19:26,521 ] botocore.client - DEBUG - Registering retry handlers for service: s3
[ 2025-04-12 13:19:26,522 ] botocore.utils - DEBUG - Registering S3 region redirector handler
[ 2025-04-12 13:19:26,522 ] botocore.utils - DEBUG - Registering S3Express Identity Resolver
[ 2025-04-12 13:19:26,523 ] boto3.resources.factory - DEBUG - Loading s3:s3
[ 2025-04-12 13:19:26,524 ] botocore.hooks - DEBUG - Event choose-service-name: calling handler <function handle_service_name_alias at 0x000001D1B7DA6EF0>
[ 2025-04-12 13:19:26,527 ] botocore.hooks - DEBUG - Event creating-client-class.s3: calling handler <function add_generate_presigned_post at 0x000001D1B7D31360>
[ 2025-04-12 13:19:26,527 ] botocore.hooks - DEBUG - Event creating-client-class.s3: calling handler <function lazy_call.<locals>._handler at 0x000001D1C942F6D0>
[ 2025-04-12 13:19:26,527 ] botocore.hooks - DEBUG - Event creating-client-class.s3: calling handler <function add_generate_presigned_url at 0x000001D1B7D31120>
[ 2025-04-12 13:19:26,527 ] botocore.configprovider - DEBUG - Looking for endpoint for s3 via: environment_service
[ 2025-04-12 13:19:26,527 ] botocore.configprovider - DEBUG - Looking for endpoint for s3 via: environment_global
[ 2025-04-12 13:19:26,527 ] botocore.configprovider - DEBUG - Looking for endpoint for s3 via: config_service
[ 2025-04-12 13:19:26,527 ] botocore.configprovider - DEBUG - Looking for endpoint for s3 via: config_global
[ 2025-04-12 13:19:26,527 ] botocore.configprovider - DEBUG - No configured endpoint found.
[ 2025-04-12 13:19:26,528 ] botocore.endpoint - DEBUG - Setting s3 timeout as (60, 60)
[ 2025-04-12 13:19:26,531 ] botocore.client - DEBUG - Registering retry handlers for service: s3
[ 2025-04-12 13:19:26,531 ] botocore.utils - DEBUG - Registering S3 region redirector handler
[ 2025-04-12 13:19:26,531 ] botocore.utils - DEBUG - Registering S3Express Identity Resolver
[ 2025-04-12 13:19:26,532 ] root - INFO - Entered the load_model method of S3Operations class
[ 2025-04-12 13:19:26,532 ] root - INFO - Entered the get_file_object method of S3Operations class
[ 2025-04-12 13:19:26,532 ] root - INFO - Entered the get_bucket method of S3Operations class
[ 2025-04-12 13:19:26,532 ] boto3.resources.factory - DEBUG - Loading s3:Bucket
[ 2025-04-12 13:19:26,532 ] boto3.resources.model - DEBUG - Renaming Bucket attribute name
[ 2025-04-12 13:19:26,533 ] botocore.hooks - DEBUG - Event creating-resource-class.s3.Bucket: calling handler <function lazy_call.<locals>._handler at 0x000001D1C9458A60>
[ 2025-04-12 13:19:26,533 ] root - INFO - Exited the get_bucket method of S3Operations class
[ 2025-04-12 13:19:26,882 ] botocore.loaders - DEBUG - Loading JSON file: C:\Users\shuda\Predicting-credit-risk\venv2\lib\site-packages\botocore\data\s3\2006-03-01\paginators-1.json
[ 2025-04-12 13:19:26,963 ] botocore.loaders - DEBUG - Loading JSON file: C:\Users\shuda\Predicting-credit-risk\venv2\lib\site-packages\botocore\data\s3\2006-03-01\paginators-1.sdk-extras.json
[ 2025-04-12 13:19:26,963 ] boto3.resources.collection - DEBUG - Calling paginated s3:list_objects with {'Bucket': 'credits33456', 'Prefix': 'model.pkl'}
[ 2025-04-12 13:19:26,965 ] botocore.hooks - DEBUG - Event before-parameter-build.s3.ListObjects: calling handler <function set_list_objects_encoding_type_url at 0x000001D1B7DC1C60>
[ 2025-04-12 13:19:26,965 ] botocore.hooks - DEBUG - Event before-parameter-build.s3.ListObjects: calling handler <function validate_bucket_name at 0x000001D1B7DC09D0>
[ 2025-04-12 13:19:26,966 ] botocore.hooks - DEBUG - Event before-parameter-build.s3.ListObjects: calling handler <function remove_bucket_from_url_paths_from_model at 0x000001D1B7DC2830>
[ 2025-04-12 13:19:26,966 ] botocore.hooks - DEBUG - Event before-parameter-build.s3.ListObjects: calling handler <bound method S3RegionRedirectorv2.annotate_request_context of <botocore.utils.S3RegionRedirectorv2 object at 0x000001D1C9FBAE60>>
[ 2025-04-12 13:19:26,966 ] botocore.hooks - DEBUG - Event before-parameter-build.s3.ListObjects: calling handler <bound method ClientCreator._inject_s3_input_parameters of <botocore.client.ClientCreator object at 0x000001D1C9433280>>
[ 2025-04-12 13:19:26,966 ] botocore.hooks - DEBUG - Event before-parameter-build.s3.ListObjects: calling handler <function generate_idempotent_uuid at 0x000001D1B7DC0820>
[ 2025-04-12 13:19:26,966 ] botocore.hooks - DEBUG - Event before-parameter-build.s3.ListObjects: calling handler <function _handle_request_validation_mode_member at 0x000001D1B7DC2EF0>
[ 2025-04-12 13:19:26,966 ] botocore.hooks - DEBUG - Event before-endpoint-resolution.s3: calling handler <function customize_endpoint_resolver_builtins at 0x000001D1B7DC29E0>
[ 2025-04-12 13:19:26,966 ] botocore.hooks - DEBUG - Event before-endpoint-resolution.s3: calling handler <bound method S3RegionRedirectorv2.redirect_from_cache of <botocore.utils.S3RegionRedirectorv2 object at 0x000001D1C9FBAE60>>
[ 2025-04-12 13:19:26,967 ] botocore.regions - DEBUG - Calling endpoint provider with parameters: {'Bucket': 'credits33456', 'Region': 'eu-west-3', 'UseFIPS': False, 'UseDualStack': False, 'ForcePathStyle': False, 'Accelerate': False, 'UseGlobalEndpoint': False, 'Prefix': 'model.pkl', 'DisableMultiRegionAccessPoints': False, 'UseArnRegion': True}
[ 2025-04-12 13:19:26,969 ] botocore.regions - DEBUG - Endpoint provider result: https://credits33456.s3.eu-west-3.amazonaws.com
[ 2025-04-12 13:19:26,969 ] botocore.regions - DEBUG - Selecting from endpoint provider's list of auth schemes: "sigv4". User selected auth scheme is: "None"
[ 2025-04-12 13:19:26,969 ] botocore.regions - DEBUG - Selected auth type "v4" as "v4" with signing context params: {'region': 'eu-west-3', 'signing_name': 's3', 'disableDoubleEncoding': True}
[ 2025-04-12 13:19:26,970 ] botocore.hooks - DEBUG - Event before-call.s3.ListObjects: calling handler <function add_expect_header at 0x000001D1B7DC0D30>
[ 2025-04-12 13:19:26,970 ] botocore.hooks - DEBUG - Event before-call.s3.ListObjects: calling handler <bound method S3ExpressIdentityResolver.apply_signing_cache_key of <botocore.utils.S3ExpressIdentityResolver object at 0x000001D1C9FBAEC0>>
[ 2025-04-12 13:19:26,970 ] botocore.hooks - DEBUG - Event before-call.s3.ListObjects: calling handler <function add_recursion_detection_header at 0x000001D1B7DC0430>
[ 2025-04-12 13:19:26,970 ] botocore.hooks - DEBUG - Event before-call.s3.ListObjects: calling handler <function add_query_compatibility_header at 0x000001D1B7DC2E60>
[ 2025-04-12 13:19:26,971 ] botocore.hooks - DEBUG - Event before-call.s3.ListObjects: calling handler <function inject_api_version_header_if_needed at 0x000001D1B7DC2050>
[ 2025-04-12 13:19:26,971 ] botocore.endpoint - DEBUG - Making request for OperationModel(name=ListObjects) with params: {'url_path': '', 'query_string': {'prefix': 'model.pkl', 'encoding-type': 'url'}, 'method': 'GET', 'headers': {'User-Agent': 'Boto3/1.37.13 md/Botocore#1.37.13 ua/2.1 os/windows#10 md/arch#amd64 lang/python#3.10.2 md/pyimpl#CPython m/C cfg/retry-mode#legacy Botocore/1.37.13 Resource'}, 'body': b'', 'auth_path': '/credits33456/', 'url': 'https://credits33456.s3.eu-west-3.amazonaws.com/?prefix=model.pkl&encoding-type=url', 'context': {'client_region': 'eu-west-3', 'client_config': <botocore.config.Config object at 0x000001D1C9F62B60>, 'has_streaming_input': False, 'auth_type': 'v4', 'unsigned_payload': None, 'encoding_type_auto_set': True, 's3_redirect': {'redirected': False, 'bucket': 'credits33456', 'params': {'Bucket': 'credits33456', 'Prefix': 'model.pkl', 'EncodingType': 'url'}}, 'input_params': {'Bucket': 'credits33456', 'Prefix': 'model.pkl'}, 'signing': {'region': 'eu-west-3', 'signing_name': 's3', 'disableDoubleEncoding': True}, 'endpoint_properties': {'authSchemes': [{'disableDoubleEncoding': True, 'name': 'sigv4', 'signingName': 's3', 'signingRegion': 'eu-west-3'}]}}}
[ 2025-04-12 13:19:26,971 ] botocore.hooks - DEBUG - Event request-created.s3.ListObjects: calling handler <bound method RequestSigner.handler of <botocore.signers.RequestSigner object at 0x000001D1C9F62B90>>
[ 2025-04-12 13:19:26,972 ] botocore.hooks - DEBUG - Event choose-signer.s3.ListObjects: calling handler <function set_operation_specific_signer at 0x000001D1B7DC0670>
[ 2025-04-12 13:19:26,972 ] botocore.hooks - DEBUG - Event before-sign.s3.ListObjects: calling handler <function remove_arn_from_signing_path at 0x000001D1B7DC2950>
[ 2025-04-12 13:19:26,972 ] botocore.hooks - DEBUG - Event before-sign.s3.ListObjects: calling handler <function _set_extra_headers_for_unsigned_request at 0x000001D1B7DC2F80>
[ 2025-04-12 13:19:26,972 ] botocore.hooks - DEBUG - Event before-sign.s3.ListObjects: calling handler <bound method S3ExpressIdentityResolver.resolve_s3express_identity of <botocore.utils.S3ExpressIdentityResolver object at 0x000001D1C9FBAEC0>>
[ 2025-04-12 13:19:26,973 ] botocore.auth - DEBUG - Calculating signature using v4 auth.
[ 2025-04-12 13:19:26,973 ] botocore.auth - DEBUG - CanonicalRequest:
GET
/
encoding-type=url&prefix=model.pkl
host:credits33456.s3.eu-west-3.amazonaws.com
x-amz-content-sha256:e3b0c44298fc1c149afbf4c8996fb92427ae41e4649b934ca495991b7852b855
x-amz-date:20250412T111926Z

host;x-amz-content-sha256;x-amz-date
e3b0c44298fc1c149afbf4c8996fb92427ae41e4649b934ca495991b7852b855
[ 2025-04-12 13:19:27,041 ] botocore.auth - DEBUG - StringToSign:
AWS4-HMAC-SHA256
20250412T111926Z
20250412/eu-west-3/s3/aws4_request
448519d91431c1f24d3b47968cf592b3c626f0eccea38c4e888813c6c51f0ef6
[ 2025-04-12 13:19:27,089 ] botocore.auth - DEBUG - Signature:
81c5da733a250bab7394ee9428de52cbadef0d19b8cea33c84f8cd0cc4c355e7
[ 2025-04-12 13:19:27,089 ] botocore.hooks - DEBUG - Event request-created.s3.ListObjects: calling handler <bound method UserAgentString.rebuild_and_replace_user_agent_handler of <botocore.useragent.UserAgentString object at 0x000001D1C9FBA860>>
[ 2025-04-12 13:19:27,090 ] botocore.hooks - DEBUG - Event request-created.s3.ListObjects: calling handler <function add_retry_headers at 0x000001D1B7DC27A0>
[ 2025-04-12 13:19:27,090 ] botocore.endpoint - DEBUG - Sending http request: <AWSPreparedRequest stream_output=False, method=GET, url=https://credits33456.s3.eu-west-3.amazonaws.com/?prefix=model.pkl&encoding-type=url, headers={'User-Agent': b'Boto3/1.37.13 md/Botocore#1.37.13 ua/2.1 os/windows#10 md/arch#amd64 lang/python#3.10.2 md/pyimpl#CPython m/C cfg/retry-mode#legacy Botocore/1.37.13 Resource', 'X-Amz-Date': b'20250412T111926Z', 'X-Amz-Content-SHA256': b'e3b0c44298fc1c149afbf4c8996fb92427ae41e4649b934ca495991b7852b855', 'Authorization': b'AWS4-HMAC-SHA256 Credential=AKIAWMFUPRGLT5WWG3WB/20250412/eu-west-3/s3/aws4_request, SignedHeaders=host;x-amz-content-sha256;x-amz-date, Signature=81c5da733a250bab7394ee9428de52cbadef0d19b8cea33c84f8cd0cc4c355e7', 'amz-sdk-invocation-id': b'36100052-a9ae-48ae-895f-01299db1cd91', 'amz-sdk-request': b'attempt=1'}>
[ 2025-04-12 13:19:27,091 ] botocore.httpsession - DEBUG - Certificate path: C:\Users\shuda\Predicting-credit-risk\venv2\lib\site-packages\certifi\cacert.pem
[ 2025-04-12 13:19:27,092 ] urllib3.connectionpool - DEBUG - Starting new HTTPS connection (1): credits33456.s3.eu-west-3.amazonaws.com:443
[ 2025-04-12 13:19:29,403 ] urllib3.connectionpool - DEBUG - https://credits33456.s3.eu-west-3.amazonaws.com:443 "GET /?prefix=model.pkl&encoding-type=url HTTP/1.1" 200 None
[ 2025-04-12 13:19:29,403 ] botocore.hooks - DEBUG - Event before-parse.s3.ListObjects: calling handler <function _handle_200_error at 0x000001D1B7DC2CB0>
[ 2025-04-12 13:19:29,405 ] botocore.hooks - DEBUG - Event before-parse.s3.ListObjects: calling handler <function handle_expires_header at 0x000001D1B7DC2B00>
[ 2025-04-12 13:19:29,405 ] botocore.parsers - DEBUG - Response headers: {'x-amz-id-2': '3/QvL5DvpA+eTizoorGK960KCE5ixPMecncogEex6OuZV11AFyzZ+fVYQZYX29Og6wd46ioqD3TRLK8iJi6osy5cnjEMyJVu', 'x-amz-request-id': 'DP2R1MVPX1HMNEMW', 'Date': 'Sat, 12 Apr 2025 11:19:30 GMT', 'x-amz-bucket-region': 'eu-west-3', 'Content-Type': 'application/xml', 'Transfer-Encoding': 'chunked', 'Server': 'AmazonS3'}
[ 2025-04-12 13:19:29,405 ] botocore.parsers - DEBUG - Response body:
b'<?xml version="1.0" encoding="UTF-8"?>\n<ListBucketResult xmlns="http://s3.amazonaws.com/doc/2006-03-01/"><Name>credits33456</Name><Prefix>model.pkl</Prefix><Marker></Marker><MaxKeys>1000</MaxKeys><EncodingType>url</EncodingType><IsTruncated>false</IsTruncated><Contents><Key>model.pkl</Key><LastModified>2025-04-08T09:53:22.000Z</LastModified><ETag>&quot;998ae1a84fdd9f06ebc44c1039886702&quot;</ETag><ChecksumAlgorithm>CRC32</ChecksumAlgorithm><ChecksumType>FULL_OBJECT</ChecksumType><Size>6933593</Size><Owner><ID>972028935ff922de9f68972a4df98f3edc9f9b224244f7cd02bf94e634659904</ID></Owner><StorageClass>STANDARD</StorageClass></Contents></ListBucketResult>'
[ 2025-04-12 13:19:29,406 ] botocore.hooks - DEBUG - Event needs-retry.s3.ListObjects: calling handler <function _update_status_code at 0x000001D1B7DC2DD0>
[ 2025-04-12 13:19:29,406 ] botocore.hooks - DEBUG - Event needs-retry.s3.ListObjects: calling handler <botocore.retryhandler.RetryHandler object at 0x000001D1C9FBADA0>
[ 2025-04-12 13:19:29,406 ] botocore.retryhandler - DEBUG - No retry needed.
[ 2025-04-12 13:19:29,406 ] botocore.hooks - DEBUG - Event needs-retry.s3.ListObjects: calling handler <bound method S3RegionRedirectorv2.redirect_from_error of <botocore.utils.S3RegionRedirectorv2 object at 0x000001D1C9FBAE60>>
[ 2025-04-12 13:19:29,406 ] botocore.hooks - DEBUG - Event after-call.s3.ListObjects: calling handler <function decode_list_object at 0x000001D1B7DC1CF0>
[ 2025-04-12 13:19:29,406 ] boto3.resources.factory - DEBUG - Loading s3:ObjectSummary
[ 2025-04-12 13:19:29,406 ] boto3.resources.model - DEBUG - Renaming ObjectSummary attribute key
[ 2025-04-12 13:19:29,407 ] botocore.hooks - DEBUG - Event creating-resource-class.s3.ObjectSummary: calling handler <function lazy_call.<locals>._handler at 0x000001D1C9458B80>
[ 2025-04-12 13:19:29,407 ] root - INFO - Exited the get_file_object method of S3Operations class
[ 2025-04-12 13:19:29,407 ] root - INFO - Entered the read_object method of S3Operations class
[ 2025-04-12 13:19:29,407 ] root - INFO - Exited the read_object method of S3Operations class
[ 2025-04-12 13:19:29,407 ] boto3.resources.action - DEBUG - Calling s3:get_object with {'Bucket': 'credits33456', 'Key': 'model.pkl'}
[ 2025-04-12 13:19:29,407 ] botocore.hooks - DEBUG - Event before-parameter-build.s3.GetObject: calling handler <function sse_md5 at 0x000001D1B7DC0A60>
[ 2025-04-12 13:19:29,407 ] botocore.hooks - DEBUG - Event before-parameter-build.s3.GetObject: calling handler <function validate_bucket_name at 0x000001D1B7DC09D0>
[ 2025-04-12 13:19:29,408 ] botocore.hooks - DEBUG - Event before-parameter-build.s3.GetObject: calling handler <function remove_bucket_from_url_paths_from_model at 0x000001D1B7DC2830>
[ 2025-04-12 13:19:29,408 ] botocore.hooks - DEBUG - Event before-parameter-build.s3.GetObject: calling handler <bound method S3RegionRedirectorv2.annotate_request_context of <botocore.utils.S3RegionRedirectorv2 object at 0x000001D1C9FBAE60>>
[ 2025-04-12 13:19:29,408 ] botocore.hooks - DEBUG - Event before-parameter-build.s3.GetObject: calling handler <bound method ClientCreator._inject_s3_input_parameters of <botocore.client.ClientCreator object at 0x000001D1C9433280>>
[ 2025-04-12 13:19:29,408 ] botocore.hooks - DEBUG - Event before-parameter-build.s3.GetObject: calling handler <function generate_idempotent_uuid at 0x000001D1B7DC0820>
[ 2025-04-12 13:19:29,408 ] botocore.hooks - DEBUG - Event before-parameter-build.s3.GetObject: calling handler <function _handle_request_validation_mode_member at 0x000001D1B7DC2EF0>
[ 2025-04-12 13:19:29,408 ] botocore.hooks - DEBUG - Event before-endpoint-resolution.s3: calling handler <function customize_endpoint_resolver_builtins at 0x000001D1B7DC29E0>
[ 2025-04-12 13:19:29,408 ] botocore.hooks - DEBUG - Event before-endpoint-resolution.s3: calling handler <bound method S3RegionRedirectorv2.redirect_from_cache of <botocore.utils.S3RegionRedirectorv2 object at 0x000001D1C9FBAE60>>
[ 2025-04-12 13:19:29,408 ] botocore.regions - DEBUG - Calling endpoint provider with parameters: {'Bucket': 'credits33456', 'Region': 'eu-west-3', 'UseFIPS': False, 'UseDualStack': False, 'ForcePathStyle': False, 'Accelerate': False, 'UseGlobalEndpoint': False, 'Key': 'model.pkl', 'DisableMultiRegionAccessPoints': False, 'UseArnRegion': True}
[ 2025-04-12 13:19:29,409 ] botocore.regions - DEBUG - Endpoint provider result: https://credits33456.s3.eu-west-3.amazonaws.com
[ 2025-04-12 13:19:29,409 ] botocore.regions - DEBUG - Selecting from endpoint provider's list of auth schemes: "sigv4". User selected auth scheme is: "None"
[ 2025-04-12 13:19:29,409 ] botocore.regions - DEBUG - Selected auth type "v4" as "v4" with signing context params: {'region': 'eu-west-3', 'signing_name': 's3', 'disableDoubleEncoding': True}
[ 2025-04-12 13:19:29,409 ] botocore.hooks - DEBUG - Event before-call.s3.GetObject: calling handler <function add_expect_header at 0x000001D1B7DC0D30>
[ 2025-04-12 13:19:29,409 ] botocore.hooks - DEBUG - Event before-call.s3.GetObject: calling handler <bound method S3ExpressIdentityResolver.apply_signing_cache_key of <botocore.utils.S3ExpressIdentityResolver object at 0x000001D1C9FBAEC0>>
[ 2025-04-12 13:19:29,409 ] botocore.hooks - DEBUG - Event before-call.s3.GetObject: calling handler <function add_recursion_detection_header at 0x000001D1B7DC0430>
[ 2025-04-12 13:19:29,409 ] botocore.hooks - DEBUG - Event before-call.s3.GetObject: calling handler <function add_query_compatibility_header at 0x000001D1B7DC2E60>
[ 2025-04-12 13:19:29,409 ] botocore.hooks - DEBUG - Event before-call.s3.GetObject: calling handler <function inject_api_version_header_if_needed at 0x000001D1B7DC2050>
[ 2025-04-12 13:19:29,409 ] botocore.endpoint - DEBUG - Making request for OperationModel(name=GetObject) with params: {'url_path': '/model.pkl', 'query_string': {}, 'method': 'GET', 'headers': {'x-amz-checksum-mode': 'ENABLED', 'User-Agent': 'Boto3/1.37.13 md/Botocore#1.37.13 ua/2.1 os/windows#10 md/arch#amd64 lang/python#3.10.2 md/pyimpl#CPython cfg/retry-mode#legacy Botocore/1.37.13 Resource'}, 'body': b'', 'auth_path': '/credits33456/model.pkl', 'url': 'https://credits33456.s3.eu-west-3.amazonaws.com/model.pkl', 'context': {'client_region': 'eu-west-3', 'client_config': <botocore.config.Config object at 0x000001D1C9F62B60>, 'has_streaming_input': False, 'auth_type': 'v4', 'unsigned_payload': None, 's3_redirect': {'redirected': False, 'bucket': 'credits33456', 'params': {'Bucket': 'credits33456', 'Key': 'model.pkl', 'ChecksumMode': 'ENABLED'}}, 'input_params': {'Bucket': 'credits33456', 'Key': 'model.pkl'}, 'signing': {'region': 'eu-west-3', 'signing_name': 's3', 'disableDoubleEncoding': True}, 'endpoint_properties': {'authSchemes': [{'disableDoubleEncoding': True, 'name': 'sigv4', 'signingName': 's3', 'signingRegion': 'eu-west-3'}]}, 'checksum': {'response_algorithms': ['crc32', 'sha1', 'sha256']}}}
[ 2025-04-12 13:19:29,411 ] botocore.hooks - DEBUG - Event request-created.s3.GetObject: calling handler <bound method RequestSigner.handler of <botocore.signers.RequestSigner object at 0x000001D1C9F62B90>>
[ 2025-04-12 13:19:29,411 ] botocore.hooks - DEBUG - Event choose-signer.s3.GetObject: calling handler <function set_operation_specific_signer at 0x000001D1B7DC0670>
[ 2025-04-12 13:19:29,411 ] botocore.hooks - DEBUG - Event before-sign.s3.GetObject: calling handler <function remove_arn_from_signing_path at 0x000001D1B7DC2950>
[ 2025-04-12 13:19:29,411 ] botocore.hooks - DEBUG - Event before-sign.s3.GetObject: calling handler <function _set_extra_headers_for_unsigned_request at 0x000001D1B7DC2F80>
[ 2025-04-12 13:19:29,411 ] botocore.hooks - DEBUG - Event before-sign.s3.GetObject: calling handler <bound method S3ExpressIdentityResolver.resolve_s3express_identity of <botocore.utils.S3ExpressIdentityResolver object at 0x000001D1C9FBAEC0>>
[ 2025-04-12 13:19:29,411 ] botocore.auth - DEBUG - Calculating signature using v4 auth.
[ 2025-04-12 13:19:29,411 ] botocore.auth - DEBUG - CanonicalRequest:
GET
/model.pkl

host:credits33456.s3.eu-west-3.amazonaws.com
x-amz-checksum-mode:ENABLED
x-amz-content-sha256:e3b0c44298fc1c149afbf4c8996fb92427ae41e4649b934ca495991b7852b855
x-amz-date:20250412T111929Z

host;x-amz-checksum-mode;x-amz-content-sha256;x-amz-date
e3b0c44298fc1c149afbf4c8996fb92427ae41e4649b934ca495991b7852b855
[ 2025-04-12 13:19:29,411 ] botocore.auth - DEBUG - StringToSign:
AWS4-HMAC-SHA256
20250412T111929Z
20250412/eu-west-3/s3/aws4_request
35b17bcf3d9283b23fba7fc8faebdc5903bee34bf85d6c15204343d508829d22
[ 2025-04-12 13:19:29,411 ] botocore.auth - DEBUG - Signature:
feca4b07715addd230b2ff6bd3a8780832e6cc805e1697790ef692e98a3817ed
[ 2025-04-12 13:19:29,411 ] botocore.hooks - DEBUG - Event request-created.s3.GetObject: calling handler <bound method UserAgentString.rebuild_and_replace_user_agent_handler of <botocore.useragent.UserAgentString object at 0x000001D1C9FBA860>>
[ 2025-04-12 13:19:29,412 ] botocore.hooks - DEBUG - Event request-created.s3.GetObject: calling handler <function add_retry_headers at 0x000001D1B7DC27A0>
[ 2025-04-12 13:19:29,412 ] botocore.endpoint - DEBUG - Sending http request: <AWSPreparedRequest stream_output=True, method=GET, url=https://credits33456.s3.eu-west-3.amazonaws.com/model.pkl, headers={'x-amz-checksum-mode': b'ENABLED', 'User-Agent': b'Boto3/1.37.13 md/Botocore#1.37.13 ua/2.1 os/windows#10 md/arch#amd64 lang/python#3.10.2 md/pyimpl#CPython cfg/retry-mode#legacy Botocore/1.37.13 Resource', 'X-Amz-Date': b'20250412T111929Z', 'X-Amz-Content-SHA256': b'e3b0c44298fc1c149afbf4c8996fb92427ae41e4649b934ca495991b7852b855', 'Authorization': b'AWS4-HMAC-SHA256 Credential=AKIAWMFUPRGLT5WWG3WB/20250412/eu-west-3/s3/aws4_request, SignedHeaders=host;x-amz-checksum-mode;x-amz-content-sha256;x-amz-date, Signature=feca4b07715addd230b2ff6bd3a8780832e6cc805e1697790ef692e98a3817ed', 'amz-sdk-invocation-id': b'12437858-92c8-495b-adc5-dd9a945b1e4e', 'amz-sdk-request': b'attempt=1'}>
[ 2025-04-12 13:19:29,412 ] botocore.httpsession - DEBUG - Certificate path: C:\Users\shuda\Predicting-credit-risk\venv2\lib\site-packages\certifi\cacert.pem
[ 2025-04-12 13:19:29,548 ] urllib3.connectionpool - DEBUG - https://credits33456.s3.eu-west-3.amazonaws.com:443 "GET /model.pkl HTTP/1.1" 200 6933593
[ 2025-04-12 13:19:29,548 ] botocore.hooks - DEBUG - Event before-parse.s3.GetObject: calling handler <function _handle_200_error at 0x000001D1B7DC2CB0>
[ 2025-04-12 13:19:29,549 ] botocore.hooks - DEBUG - Event before-parse.s3.GetObject: calling handler <function handle_expires_header at 0x000001D1B7DC2B00>
[ 2025-04-12 13:19:29,549 ] botocore.parsers - DEBUG - Response headers: {'x-amz-id-2': 'ZRNQmzZ7CKGdcWC/5UaxcnPMZDLggBwyPEI5A0w1n4hb9WuCtxlYlPOt9EPwT8sY4jpakRO892yQytC+eqrPtirTigiLENaC', 'x-amz-request-id': 'DP2PJG7SEYWJ9G6Z', 'Date': 'Sat, 12 Apr 2025 11:19:30 GMT', 'Last-Modified': 'Tue, 08 Apr 2025 09:53:22 GMT', 'ETag': '"998ae1a84fdd9f06ebc44c1039886702"', 'x-amz-checksum-crc32': 'lUdWLg==', 'x-amz-checksum-type': 'FULL_OBJECT', 'x-amz-server-side-encryption': 'AES256', 'Accept-Ranges': 'bytes', 'Content-Type': 'binary/octet-stream', 'Content-Length': '6933593', 'Server': 'AmazonS3'}
[ 2025-04-12 13:19:29,549 ] botocore.parsers - DEBUG - Response body:
<botocore.httpchecksum.StreamingChecksumBody object at 0x000001D1CA0878E0>
[ 2025-04-12 13:19:29,550 ] botocore.hooks - DEBUG - Event needs-retry.s3.GetObject: calling handler <function _update_status_code at 0x000001D1B7DC2DD0>
[ 2025-04-12 13:19:29,550 ] botocore.hooks - DEBUG - Event needs-retry.s3.GetObject: calling handler <botocore.retryhandler.RetryHandler object at 0x000001D1C9FBADA0>
[ 2025-04-12 13:19:29,550 ] botocore.retryhandler - DEBUG - No retry needed.
[ 2025-04-12 13:19:29,550 ] botocore.hooks - DEBUG - Event needs-retry.s3.GetObject: calling handler <bound method S3RegionRedirectorv2.redirect_from_error of <botocore.utils.S3RegionRedirectorv2 object at 0x000001D1C9FBAE60>>
[ 2025-04-12 13:19:29,550 ] boto3.resources.action - DEBUG - Response: {'ResponseMetadata': {'RequestId': 'DP2PJG7SEYWJ9G6Z', 'HostId': 'ZRNQmzZ7CKGdcWC/5UaxcnPMZDLggBwyPEI5A0w1n4hb9WuCtxlYlPOt9EPwT8sY4jpakRO892yQytC+eqrPtirTigiLENaC', 'HTTPStatusCode': 200, 'HTTPHeaders': {'x-amz-id-2': 'ZRNQmzZ7CKGdcWC/5UaxcnPMZDLggBwyPEI5A0w1n4hb9WuCtxlYlPOt9EPwT8sY4jpakRO892yQytC+eqrPtirTigiLENaC', 'x-amz-request-id': 'DP2PJG7SEYWJ9G6Z', 'date': 'Sat, 12 Apr 2025 11:19:30 GMT', 'last-modified': 'Tue, 08 Apr 2025 09:53:22 GMT', 'etag': '"998ae1a84fdd9f06ebc44c1039886702"', 'x-amz-checksum-crc32': 'lUdWLg==', 'x-amz-checksum-type': 'FULL_OBJECT', 'x-amz-server-side-encryption': 'AES256', 'accept-ranges': 'bytes', 'content-type': 'binary/octet-stream', 'content-length': '6933593', 'server': 'AmazonS3'}, 'ChecksumAlgorithm': 'crc32', 'RetryAttempts': 0}, 'AcceptRanges': 'bytes', 'LastModified': datetime.datetime(2025, 4, 8, 9, 53, 22, tzinfo=tzutc()), 'ContentLength': 6933593, 'ETag': '"998ae1a84fdd9f06ebc44c1039886702"', 'ChecksumCRC32': 'lUdWLg==', 'ChecksumType': 'FULL_OBJECT', 'ContentType': 'binary/octet-stream', 'ServerSideEncryption': 'AES256', 'Metadata': {}, 'Body': <botocore.httpchecksum.StreamingChecksumBody object at 0x000001D1CA0878E0>}
[ 2025-04-12 13:19:31,178 ] root - INFO - Exited the load_model method of S3Operations class
[ 2025-04-12 13:19:31,179 ] root - INFO - Entered predict method of RiskModel class
[ 2025-04-12 13:19:31,179 ] root - INFO - Using the trained model to get predictions
[ 2025-04-12 13:19:31,217 ] root - INFO - Used the trained model to get predictions
