[ 2025-04-21 12:50:10,934 ] asyncio - DEBUG - Using proactor: IocpProactor
[ 2025-04-21 12:51:10,886 ] python_multipart.multipart - DEBUG - Calling on_field_start with no data
[ 2025-04-21 12:51:10,886 ] python_multipart.multipart - DEBUG - Calling on_field_name with data[0:10]
[ 2025-04-21 12:51:10,886 ] python_multipart.multipart - DEBUG - Calling on_field_data with data[11:12]
[ 2025-04-21 12:51:10,886 ] python_multipart.multipart - DEBUG - Calling on_field_end with no data
[ 2025-04-21 12:51:10,886 ] python_multipart.multipart - DEBUG - Calling on_field_start with no data
[ 2025-04-21 12:51:10,887 ] python_multipart.multipart - DEBUG - Calling on_field_name with data[13:26]
[ 2025-04-21 12:51:10,887 ] python_multipart.multipart - DEBUG - Calling on_field_data with data[27:28]
[ 2025-04-21 12:51:10,887 ] python_multipart.multipart - DEBUG - Calling on_field_end with no data
[ 2025-04-21 12:51:10,887 ] python_multipart.multipart - DEBUG - Calling on_field_start with no data
[ 2025-04-21 12:51:10,887 ] python_multipart.multipart - DEBUG - Calling on_field_name with data[29:50]
[ 2025-04-21 12:51:10,887 ] python_multipart.multipart - DEBUG - Calling on_field_data with data[51:55]
[ 2025-04-21 12:51:10,887 ] python_multipart.multipart - DEBUG - Calling on_field_end with no data
[ 2025-04-21 12:51:10,887 ] python_multipart.multipart - DEBUG - Calling on_field_start with no data
[ 2025-04-21 12:51:10,887 ] python_multipart.multipart - DEBUG - Calling on_field_name with data[56:73]
[ 2025-04-21 12:51:10,887 ] python_multipart.multipart - DEBUG - Calling on_field_data with data[74:75]
[ 2025-04-21 12:51:10,887 ] python_multipart.multipart - DEBUG - Calling on_field_end with no data
[ 2025-04-21 12:51:10,887 ] python_multipart.multipart - DEBUG - Calling on_field_start with no data
[ 2025-04-21 12:51:10,887 ] python_multipart.multipart - DEBUG - Calling on_field_name with data[76:87]
[ 2025-04-21 12:51:10,887 ] python_multipart.multipart - DEBUG - Calling on_field_data with data[88:97]
[ 2025-04-21 12:51:10,887 ] python_multipart.multipart - DEBUG - Calling on_field_end with no data
[ 2025-04-21 12:51:10,887 ] python_multipart.multipart - DEBUG - Calling on_field_start with no data
[ 2025-04-21 12:51:10,887 ] python_multipart.multipart - DEBUG - Calling on_field_name with data[98:107]
[ 2025-04-21 12:51:10,887 ] python_multipart.multipart - DEBUG - Calling on_field_data with data[108:111]
[ 2025-04-21 12:51:10,887 ] python_multipart.multipart - DEBUG - Calling on_field_end with no data
[ 2025-04-21 12:51:10,887 ] python_multipart.multipart - DEBUG - Calling on_field_start with no data
[ 2025-04-21 12:51:10,887 ] python_multipart.multipart - DEBUG - Calling on_field_name with data[112:122]
[ 2025-04-21 12:51:10,887 ] python_multipart.multipart - DEBUG - Calling on_field_data with data[123:124]
[ 2025-04-21 12:51:10,887 ] python_multipart.multipart - DEBUG - Calling on_field_end with no data
[ 2025-04-21 12:51:10,887 ] python_multipart.multipart - DEBUG - Calling on_field_start with no data
[ 2025-04-21 12:51:10,887 ] python_multipart.multipart - DEBUG - Calling on_field_name with data[125:138]
[ 2025-04-21 12:51:10,888 ] python_multipart.multipart - DEBUG - Calling on_field_data with data[139:143]
[ 2025-04-21 12:51:10,888 ] python_multipart.multipart - DEBUG - Calling on_field_end with no data
[ 2025-04-21 12:51:10,888 ] python_multipart.multipart - DEBUG - Calling on_field_start with no data
[ 2025-04-21 12:51:10,888 ] python_multipart.multipart - DEBUG - Calling on_field_name with data[144:163]
[ 2025-04-21 12:51:10,888 ] python_multipart.multipart - DEBUG - Calling on_field_data with data[164:168]
[ 2025-04-21 12:51:10,888 ] python_multipart.multipart - DEBUG - Calling on_field_end with no data
[ 2025-04-21 12:51:10,888 ] python_multipart.multipart - DEBUG - Calling on_field_start with no data
[ 2025-04-21 12:51:10,888 ] python_multipart.multipart - DEBUG - Calling on_field_name with data[169:194]
[ 2025-04-21 12:51:10,888 ] python_multipart.multipart - DEBUG - Calling on_field_data with data[195:198]
[ 2025-04-21 12:51:10,888 ] python_multipart.multipart - DEBUG - Calling on_field_end with no data
[ 2025-04-21 12:51:10,888 ] python_multipart.multipart - DEBUG - Calling on_field_start with no data
[ 2025-04-21 12:51:10,888 ] python_multipart.multipart - DEBUG - Calling on_field_name with data[199:225]
[ 2025-04-21 12:51:10,888 ] python_multipart.multipart - DEBUG - Calling on_field_data with data[226:227]
[ 2025-04-21 12:51:10,888 ] python_multipart.multipart - DEBUG - Calling on_field_end with no data
[ 2025-04-21 12:51:10,888 ] python_multipart.multipart - DEBUG - Calling on_end with no data
[ 2025-04-21 12:52:05,275 ] python_multipart.multipart - DEBUG - Calling on_field_start with no data
[ 2025-04-21 12:52:05,275 ] python_multipart.multipart - DEBUG - Calling on_field_name with data[0:10]
[ 2025-04-21 12:52:05,275 ] python_multipart.multipart - DEBUG - Calling on_field_data with data[11:13]
[ 2025-04-21 12:52:05,275 ] python_multipart.multipart - DEBUG - Calling on_field_end with no data
[ 2025-04-21 12:52:05,275 ] python_multipart.multipart - DEBUG - Calling on_field_start with no data
[ 2025-04-21 12:52:05,275 ] python_multipart.multipart - DEBUG - Calling on_field_name with data[14:27]
[ 2025-04-21 12:52:05,275 ] python_multipart.multipart - DEBUG - Calling on_field_data with data[28:30]
[ 2025-04-21 12:52:05,275 ] python_multipart.multipart - DEBUG - Calling on_field_end with no data
[ 2025-04-21 12:52:05,275 ] python_multipart.multipart - DEBUG - Calling on_field_start with no data
[ 2025-04-21 12:52:05,275 ] python_multipart.multipart - DEBUG - Calling on_field_name with data[31:52]
[ 2025-04-21 12:52:05,277 ] python_multipart.multipart - DEBUG - Calling on_field_data with data[53:57]
[ 2025-04-21 12:52:05,277 ] python_multipart.multipart - DEBUG - Calling on_field_end with no data
[ 2025-04-21 12:52:05,277 ] python_multipart.multipart - DEBUG - Calling on_field_start with no data
[ 2025-04-21 12:52:05,277 ] python_multipart.multipart - DEBUG - Calling on_field_name with data[58:75]
[ 2025-04-21 12:52:05,277 ] python_multipart.multipart - DEBUG - Calling on_field_data with data[76:77]
[ 2025-04-21 12:52:05,277 ] python_multipart.multipart - DEBUG - Calling on_field_end with no data
[ 2025-04-21 12:52:05,277 ] python_multipart.multipart - DEBUG - Calling on_field_start with no data
[ 2025-04-21 12:52:05,277 ] python_multipart.multipart - DEBUG - Calling on_field_name with data[78:89]
[ 2025-04-21 12:52:05,277 ] python_multipart.multipart - DEBUG - Calling on_field_data with data[90:98]
[ 2025-04-21 12:52:05,277 ] python_multipart.multipart - DEBUG - Calling on_field_end with no data
[ 2025-04-21 12:52:05,277 ] python_multipart.multipart - DEBUG - Calling on_field_start with no data
[ 2025-04-21 12:52:05,277 ] python_multipart.multipart - DEBUG - Calling on_field_name with data[99:108]
[ 2025-04-21 12:52:05,277 ] python_multipart.multipart - DEBUG - Calling on_field_data with data[109:113]
[ 2025-04-21 12:52:05,277 ] python_multipart.multipart - DEBUG - Calling on_field_end with no data
[ 2025-04-21 12:52:05,277 ] python_multipart.multipart - DEBUG - Calling on_field_start with no data
[ 2025-04-21 12:52:05,277 ] python_multipart.multipart - DEBUG - Calling on_field_name with data[114:124]
[ 2025-04-21 12:52:05,277 ] python_multipart.multipart - DEBUG - Calling on_field_data with data[125:126]
[ 2025-04-21 12:52:05,277 ] python_multipart.multipart - DEBUG - Calling on_field_end with no data
[ 2025-04-21 12:52:05,278 ] python_multipart.multipart - DEBUG - Calling on_field_start with no data
[ 2025-04-21 12:52:05,278 ] python_multipart.multipart - DEBUG - Calling on_field_name with data[127:140]
[ 2025-04-21 12:52:05,278 ] python_multipart.multipart - DEBUG - Calling on_field_data with data[141:145]
[ 2025-04-21 12:52:05,278 ] python_multipart.multipart - DEBUG - Calling on_field_end with no data
[ 2025-04-21 12:52:05,278 ] python_multipart.multipart - DEBUG - Calling on_field_start with no data
[ 2025-04-21 12:52:05,278 ] python_multipart.multipart - DEBUG - Calling on_field_name with data[146:165]
[ 2025-04-21 12:52:05,278 ] python_multipart.multipart - DEBUG - Calling on_field_data with data[166:170]
[ 2025-04-21 12:52:05,278 ] python_multipart.multipart - DEBUG - Calling on_field_end with no data
[ 2025-04-21 12:52:05,278 ] python_multipart.multipart - DEBUG - Calling on_field_start with no data
[ 2025-04-21 12:52:05,278 ] python_multipart.multipart - DEBUG - Calling on_field_name with data[171:196]
[ 2025-04-21 12:52:05,278 ] python_multipart.multipart - DEBUG - Calling on_field_data with data[197:200]
[ 2025-04-21 12:52:05,278 ] python_multipart.multipart - DEBUG - Calling on_field_end with no data
[ 2025-04-21 12:52:05,278 ] python_multipart.multipart - DEBUG - Calling on_field_start with no data
[ 2025-04-21 12:52:05,278 ] python_multipart.multipart - DEBUG - Calling on_field_name with data[201:227]
[ 2025-04-21 12:52:05,278 ] python_multipart.multipart - DEBUG - Calling on_field_data with data[228:229]
[ 2025-04-21 12:52:05,279 ] python_multipart.multipart - DEBUG - Calling on_field_end with no data
[ 2025-04-21 12:52:05,279 ] python_multipart.multipart - DEBUG - Calling on_end with no data
[ 2025-04-21 12:52:05,279 ] root - INFO - Entered get_credt_data_as_dict method as creditData class
[ 2025-04-21 12:52:05,279 ] root - INFO - Created credt data dict
[ 2025-04-21 12:52:05,279 ] root - INFO - Exited get_credt_data_as_dict method as credtdata class
[ 2025-04-21 12:52:05,293 ] root - INFO - Entered predict method of Classifier class
[ 2025-04-21 12:52:05,294 ] botocore.hooks - DEBUG - Changing event name from creating-client-class.iot-data to creating-client-class.iot-data-plane
[ 2025-04-21 12:52:05,296 ] botocore.hooks - DEBUG - Changing event name from before-call.apigateway to before-call.api-gateway
[ 2025-04-21 12:52:05,297 ] botocore.hooks - DEBUG - Changing event name from request-created.machinelearning.Predict to request-created.machine-learning.Predict
[ 2025-04-21 12:52:05,297 ] botocore.hooks - DEBUG - Changing event name from before-parameter-build.autoscaling.CreateLaunchConfiguration to before-parameter-build.auto-scaling.CreateLaunchConfiguration
[ 2025-04-21 12:52:05,297 ] botocore.hooks - DEBUG - Changing event name from before-parameter-build.route53 to before-parameter-build.route-53
[ 2025-04-21 12:52:05,298 ] botocore.hooks - DEBUG - Changing event name from request-created.cloudsearchdomain.Search to request-created.cloudsearch-domain.Search
[ 2025-04-21 12:52:05,298 ] botocore.hooks - DEBUG - Changing event name from docs.*.autoscaling.CreateLaunchConfiguration.complete-section to docs.*.auto-scaling.CreateLaunchConfiguration.complete-section
[ 2025-04-21 12:52:05,299 ] botocore.hooks - DEBUG - Changing event name from before-parameter-build.logs.CreateExportTask to before-parameter-build.cloudwatch-logs.CreateExportTask
[ 2025-04-21 12:52:05,299 ] botocore.hooks - DEBUG - Changing event name from docs.*.logs.CreateExportTask.complete-section to docs.*.cloudwatch-logs.CreateExportTask.complete-section
[ 2025-04-21 12:52:05,300 ] botocore.hooks - DEBUG - Changing event name from before-parameter-build.cloudsearchdomain.Search to before-parameter-build.cloudsearch-domain.Search
[ 2025-04-21 12:52:05,300 ] botocore.hooks - DEBUG - Changing event name from docs.*.cloudsearchdomain.Search.complete-section to docs.*.cloudsearch-domain.Search.complete-section
[ 2025-04-21 12:52:05,751 ] botocore.loaders - DEBUG - Loading JSON file: C:\Users\shuda\Predicting-credit-risk\venv2\lib\site-packages\boto3\data\s3\2006-03-01\resources-1.json
[ 2025-04-21 12:52:05,756 ] botocore.loaders - DEBUG - Loading JSON file: C:\Users\shuda\Predicting-credit-risk\venv2\lib\site-packages\botocore\data\endpoints.json
[ 2025-04-21 12:52:05,841 ] botocore.loaders - DEBUG - Loading JSON file: C:\Users\shuda\Predicting-credit-risk\venv2\lib\site-packages\botocore\data\sdk-default-configuration.json
[ 2025-04-21 12:52:05,841 ] botocore.hooks - DEBUG - Event choose-service-name: calling handler <function handle_service_name_alias at 0x0000020E31EC6EF0>
[ 2025-04-21 12:52:06,037 ] botocore.loaders - DEBUG - Loading JSON file: C:\Users\shuda\Predicting-credit-risk\venv2\lib\site-packages\botocore\data\s3\2006-03-01\service-2.json.gz
[ 2025-04-21 12:52:06,049 ] botocore.loaders - DEBUG - Loading JSON file: C:\Users\shuda\Predicting-credit-risk\venv2\lib\site-packages\botocore\data\s3\2006-03-01\service-2.sdk-extras.json
[ 2025-04-21 12:52:06,228 ] botocore.loaders - DEBUG - Loading JSON file: C:\Users\shuda\Predicting-credit-risk\venv2\lib\site-packages\botocore\data\s3\2006-03-01\endpoint-rule-set-1.json.gz
[ 2025-04-21 12:52:06,234 ] botocore.loaders - DEBUG - Loading JSON file: C:\Users\shuda\Predicting-credit-risk\venv2\lib\site-packages\botocore\data\partitions.json
[ 2025-04-21 12:52:06,235 ] botocore.hooks - DEBUG - Event creating-client-class.s3: calling handler <function add_generate_presigned_post at 0x0000020E31E51360>
[ 2025-04-21 12:52:06,235 ] botocore.hooks - DEBUG - Event creating-client-class.s3: calling handler <function lazy_call.<locals>._handler at 0x0000020E434E72E0>
[ 2025-04-21 12:52:06,240 ] botocore.hooks - DEBUG - Event creating-client-class.s3: calling handler <function add_generate_presigned_url at 0x0000020E31E51120>
[ 2025-04-21 12:52:06,240 ] botocore.configprovider - DEBUG - Looking for endpoint for s3 via: environment_service
[ 2025-04-21 12:52:06,241 ] botocore.configprovider - DEBUG - Looking for endpoint for s3 via: environment_global
[ 2025-04-21 12:52:06,241 ] botocore.configprovider - DEBUG - Looking for endpoint for s3 via: config_service
[ 2025-04-21 12:52:06,241 ] botocore.configprovider - DEBUG - Looking for endpoint for s3 via: config_global
[ 2025-04-21 12:52:06,241 ] botocore.configprovider - DEBUG - No configured endpoint found.
[ 2025-04-21 12:52:06,242 ] botocore.endpoint - DEBUG - Setting s3 timeout as (60, 60)
[ 2025-04-21 12:52:06,273 ] botocore.loaders - DEBUG - Loading JSON file: C:\Users\shuda\Predicting-credit-risk\venv2\lib\site-packages\botocore\data\_retry.json
[ 2025-04-21 12:52:06,273 ] botocore.client - DEBUG - Registering retry handlers for service: s3
[ 2025-04-21 12:52:06,273 ] botocore.utils - DEBUG - Registering S3 region redirector handler
[ 2025-04-21 12:52:06,274 ] botocore.utils - DEBUG - Registering S3Express Identity Resolver
[ 2025-04-21 12:52:06,275 ] boto3.resources.factory - DEBUG - Loading s3:s3
[ 2025-04-21 12:52:06,276 ] botocore.hooks - DEBUG - Event choose-service-name: calling handler <function handle_service_name_alias at 0x0000020E31EC6EF0>
[ 2025-04-21 12:52:06,279 ] botocore.hooks - DEBUG - Event creating-client-class.s3: calling handler <function add_generate_presigned_post at 0x0000020E31E51360>
[ 2025-04-21 12:52:06,279 ] botocore.hooks - DEBUG - Event creating-client-class.s3: calling handler <function lazy_call.<locals>._handler at 0x0000020E434E72E0>
[ 2025-04-21 12:52:06,279 ] botocore.hooks - DEBUG - Event creating-client-class.s3: calling handler <function add_generate_presigned_url at 0x0000020E31E51120>
[ 2025-04-21 12:52:06,279 ] botocore.configprovider - DEBUG - Looking for endpoint for s3 via: environment_service
[ 2025-04-21 12:52:06,279 ] botocore.configprovider - DEBUG - Looking for endpoint for s3 via: environment_global
[ 2025-04-21 12:52:06,279 ] botocore.configprovider - DEBUG - Looking for endpoint for s3 via: config_service
[ 2025-04-21 12:52:06,279 ] botocore.configprovider - DEBUG - Looking for endpoint for s3 via: config_global
[ 2025-04-21 12:52:06,279 ] botocore.configprovider - DEBUG - No configured endpoint found.
[ 2025-04-21 12:52:06,280 ] botocore.endpoint - DEBUG - Setting s3 timeout as (60, 60)
[ 2025-04-21 12:52:06,282 ] botocore.client - DEBUG - Registering retry handlers for service: s3
[ 2025-04-21 12:52:06,283 ] botocore.utils - DEBUG - Registering S3 region redirector handler
[ 2025-04-21 12:52:06,283 ] botocore.utils - DEBUG - Registering S3Express Identity Resolver
[ 2025-04-21 12:52:06,283 ] root - INFO - Entered the load_model method of S3Operations class
[ 2025-04-21 12:52:06,283 ] root - INFO - Entered the get_file_object method of S3Operations class
[ 2025-04-21 12:52:06,283 ] root - INFO - Entered the get_bucket method of S3Operations class
[ 2025-04-21 12:52:06,283 ] boto3.resources.factory - DEBUG - Loading s3:Bucket
[ 2025-04-21 12:52:06,283 ] boto3.resources.model - DEBUG - Renaming Bucket attribute name
[ 2025-04-21 12:52:06,284 ] botocore.hooks - DEBUG - Event creating-resource-class.s3.Bucket: calling handler <function lazy_call.<locals>._handler at 0x0000020E43578A60>
[ 2025-04-21 12:52:06,284 ] root - INFO - Exited the get_bucket method of S3Operations class
[ 2025-04-21 12:52:06,542 ] botocore.loaders - DEBUG - Loading JSON file: C:\Users\shuda\Predicting-credit-risk\venv2\lib\site-packages\botocore\data\s3\2006-03-01\paginators-1.json
[ 2025-04-21 12:52:06,544 ] botocore.loaders - DEBUG - Loading JSON file: C:\Users\shuda\Predicting-credit-risk\venv2\lib\site-packages\botocore\data\s3\2006-03-01\paginators-1.sdk-extras.json
[ 2025-04-21 12:52:06,545 ] boto3.resources.collection - DEBUG - Calling paginated s3:list_objects with {'Bucket': 'credits33456', 'Prefix': 'model.pkl'}
[ 2025-04-21 12:52:06,546 ] botocore.hooks - DEBUG - Event before-parameter-build.s3.ListObjects: calling handler <function set_list_objects_encoding_type_url at 0x0000020E31EE1C60>
[ 2025-04-21 12:52:06,546 ] botocore.hooks - DEBUG - Event before-parameter-build.s3.ListObjects: calling handler <function validate_bucket_name at 0x0000020E31EE09D0>
[ 2025-04-21 12:52:06,547 ] botocore.hooks - DEBUG - Event before-parameter-build.s3.ListObjects: calling handler <function remove_bucket_from_url_paths_from_model at 0x0000020E31EE2830>
[ 2025-04-21 12:52:06,547 ] botocore.hooks - DEBUG - Event before-parameter-build.s3.ListObjects: calling handler <bound method S3RegionRedirectorv2.annotate_request_context of <botocore.utils.S3RegionRedirectorv2 object at 0x0000020E440E6FE0>>
[ 2025-04-21 12:52:06,547 ] botocore.hooks - DEBUG - Event before-parameter-build.s3.ListObjects: calling handler <bound method ClientCreator._inject_s3_input_parameters of <botocore.client.ClientCreator object at 0x0000020E435531F0>>
[ 2025-04-21 12:52:06,547 ] botocore.hooks - DEBUG - Event before-parameter-build.s3.ListObjects: calling handler <function generate_idempotent_uuid at 0x0000020E31EE0820>
[ 2025-04-21 12:52:06,547 ] botocore.hooks - DEBUG - Event before-parameter-build.s3.ListObjects: calling handler <function _handle_request_validation_mode_member at 0x0000020E31EE2EF0>
[ 2025-04-21 12:52:06,547 ] botocore.hooks - DEBUG - Event before-endpoint-resolution.s3: calling handler <function customize_endpoint_resolver_builtins at 0x0000020E31EE29E0>
[ 2025-04-21 12:52:06,547 ] botocore.hooks - DEBUG - Event before-endpoint-resolution.s3: calling handler <bound method S3RegionRedirectorv2.redirect_from_cache of <botocore.utils.S3RegionRedirectorv2 object at 0x0000020E440E6FE0>>
[ 2025-04-21 12:52:06,548 ] botocore.regions - DEBUG - Calling endpoint provider with parameters: {'Bucket': 'credits33456', 'Region': 'eu-west-3', 'UseFIPS': False, 'UseDualStack': False, 'ForcePathStyle': False, 'Accelerate': False, 'UseGlobalEndpoint': False, 'Prefix': 'model.pkl', 'DisableMultiRegionAccessPoints': False, 'UseArnRegion': True}
[ 2025-04-21 12:52:06,548 ] botocore.regions - DEBUG - Endpoint provider result: https://credits33456.s3.eu-west-3.amazonaws.com
[ 2025-04-21 12:52:06,548 ] botocore.regions - DEBUG - Selecting from endpoint provider's list of auth schemes: "sigv4". User selected auth scheme is: "None"
[ 2025-04-21 12:52:06,548 ] botocore.regions - DEBUG - Selected auth type "v4" as "v4" with signing context params: {'region': 'eu-west-3', 'signing_name': 's3', 'disableDoubleEncoding': True}
[ 2025-04-21 12:52:06,549 ] botocore.hooks - DEBUG - Event before-call.s3.ListObjects: calling handler <function add_expect_header at 0x0000020E31EE0D30>
[ 2025-04-21 12:52:06,549 ] botocore.hooks - DEBUG - Event before-call.s3.ListObjects: calling handler <bound method S3ExpressIdentityResolver.apply_signing_cache_key of <botocore.utils.S3ExpressIdentityResolver object at 0x0000020E440E7040>>
[ 2025-04-21 12:52:06,549 ] botocore.hooks - DEBUG - Event before-call.s3.ListObjects: calling handler <function add_recursion_detection_header at 0x0000020E31EE0430>
[ 2025-04-21 12:52:06,550 ] botocore.hooks - DEBUG - Event before-call.s3.ListObjects: calling handler <function add_query_compatibility_header at 0x0000020E31EE2E60>
[ 2025-04-21 12:52:06,550 ] botocore.hooks - DEBUG - Event before-call.s3.ListObjects: calling handler <function inject_api_version_header_if_needed at 0x0000020E31EE2050>
[ 2025-04-21 12:52:06,550 ] botocore.endpoint - DEBUG - Making request for OperationModel(name=ListObjects) with params: {'url_path': '', 'query_string': {'prefix': 'model.pkl', 'encoding-type': 'url'}, 'method': 'GET', 'headers': {'User-Agent': 'Boto3/1.37.13 md/Botocore#1.37.13 ua/2.1 os/windows#10 md/arch#amd64 lang/python#3.10.2 md/pyimpl#CPython m/C cfg/retry-mode#legacy Botocore/1.37.13 Resource'}, 'body': b'', 'auth_path': '/credits33456/', 'url': 'https://credits33456.s3.eu-west-3.amazonaws.com/?prefix=model.pkl&encoding-type=url', 'context': {'client_region': 'eu-west-3', 'client_config': <botocore.config.Config object at 0x0000020E44082CE0>, 'has_streaming_input': False, 'auth_type': 'v4', 'unsigned_payload': None, 'encoding_type_auto_set': True, 's3_redirect': {'redirected': False, 'bucket': 'credits33456', 'params': {'Bucket': 'credits33456', 'Prefix': 'model.pkl', 'EncodingType': 'url'}}, 'input_params': {'Bucket': 'credits33456', 'Prefix': 'model.pkl'}, 'signing': {'region': 'eu-west-3', 'signing_name': 's3', 'disableDoubleEncoding': True}, 'endpoint_properties': {'authSchemes': [{'disableDoubleEncoding': True, 'name': 'sigv4', 'signingName': 's3', 'signingRegion': 'eu-west-3'}]}}}
[ 2025-04-21 12:52:06,550 ] botocore.hooks - DEBUG - Event request-created.s3.ListObjects: calling handler <bound method RequestSigner.handler of <botocore.signers.RequestSigner object at 0x0000020E44082D10>>
[ 2025-04-21 12:52:06,550 ] botocore.hooks - DEBUG - Event choose-signer.s3.ListObjects: calling handler <function set_operation_specific_signer at 0x0000020E31EE0670>
[ 2025-04-21 12:52:06,550 ] botocore.hooks - DEBUG - Event before-sign.s3.ListObjects: calling handler <function remove_arn_from_signing_path at 0x0000020E31EE2950>
[ 2025-04-21 12:52:06,550 ] botocore.hooks - DEBUG - Event before-sign.s3.ListObjects: calling handler <function _set_extra_headers_for_unsigned_request at 0x0000020E31EE2F80>
[ 2025-04-21 12:52:06,550 ] botocore.hooks - DEBUG - Event before-sign.s3.ListObjects: calling handler <bound method S3ExpressIdentityResolver.resolve_s3express_identity of <botocore.utils.S3ExpressIdentityResolver object at 0x0000020E440E7040>>
[ 2025-04-21 12:52:06,551 ] botocore.auth - DEBUG - Calculating signature using v4 auth.
[ 2025-04-21 12:52:06,551 ] botocore.auth - DEBUG - CanonicalRequest:
GET
/
encoding-type=url&prefix=model.pkl
host:credits33456.s3.eu-west-3.amazonaws.com
x-amz-content-sha256:e3b0c44298fc1c149afbf4c8996fb92427ae41e4649b934ca495991b7852b855
x-amz-date:20250421T105206Z

host;x-amz-content-sha256;x-amz-date
e3b0c44298fc1c149afbf4c8996fb92427ae41e4649b934ca495991b7852b855
[ 2025-04-21 12:52:06,551 ] botocore.auth - DEBUG - StringToSign:
AWS4-HMAC-SHA256
20250421T105206Z
20250421/eu-west-3/s3/aws4_request
0f9ff617e14f67569c43ceffcbe14be21d72139355c2ba93daabf0e273771cb8
[ 2025-04-21 12:52:06,552 ] botocore.auth - DEBUG - Signature:
0aa308e8a0b1b014228cfd7af3e3f0647317e11a78bdbe881fc0400076a4cdb5
[ 2025-04-21 12:52:06,552 ] botocore.hooks - DEBUG - Event request-created.s3.ListObjects: calling handler <bound method UserAgentString.rebuild_and_replace_user_agent_handler of <botocore.useragent.UserAgentString object at 0x0000020E440E69E0>>
[ 2025-04-21 12:52:06,552 ] botocore.hooks - DEBUG - Event request-created.s3.ListObjects: calling handler <function add_retry_headers at 0x0000020E31EE27A0>
[ 2025-04-21 12:52:06,553 ] botocore.endpoint - DEBUG - Sending http request: <AWSPreparedRequest stream_output=False, method=GET, url=https://credits33456.s3.eu-west-3.amazonaws.com/?prefix=model.pkl&encoding-type=url, headers={'User-Agent': b'Boto3/1.37.13 md/Botocore#1.37.13 ua/2.1 os/windows#10 md/arch#amd64 lang/python#3.10.2 md/pyimpl#CPython m/C cfg/retry-mode#legacy Botocore/1.37.13 Resource', 'X-Amz-Date': b'20250421T105206Z', 'X-Amz-Content-SHA256': b'e3b0c44298fc1c149afbf4c8996fb92427ae41e4649b934ca495991b7852b855', 'Authorization': b'AWS4-HMAC-SHA256 Credential=AKIAWMFUPRGLT5WWG3WB/20250421/eu-west-3/s3/aws4_request, SignedHeaders=host;x-amz-content-sha256;x-amz-date, Signature=0aa308e8a0b1b014228cfd7af3e3f0647317e11a78bdbe881fc0400076a4cdb5', 'amz-sdk-invocation-id': b'c26aba8b-61c6-4f44-8623-7266ca4cc090', 'amz-sdk-request': b'attempt=1'}>
[ 2025-04-21 12:52:06,553 ] botocore.httpsession - DEBUG - Certificate path: C:\Users\shuda\Predicting-credit-risk\venv2\lib\site-packages\certifi\cacert.pem
[ 2025-04-21 12:52:06,554 ] urllib3.connectionpool - DEBUG - Starting new HTTPS connection (1): credits33456.s3.eu-west-3.amazonaws.com:443
[ 2025-04-21 12:52:06,679 ] urllib3.connectionpool - DEBUG - https://credits33456.s3.eu-west-3.amazonaws.com:443 "GET /?prefix=model.pkl&encoding-type=url HTTP/1.1" 200 None
[ 2025-04-21 12:52:06,679 ] botocore.hooks - DEBUG - Event before-parse.s3.ListObjects: calling handler <function _handle_200_error at 0x0000020E31EE2CB0>
[ 2025-04-21 12:52:06,684 ] botocore.hooks - DEBUG - Event before-parse.s3.ListObjects: calling handler <function handle_expires_header at 0x0000020E31EE2B00>
[ 2025-04-21 12:52:06,684 ] botocore.parsers - DEBUG - Response headers: {'x-amz-id-2': 'KeHTsjuQuI7dsIhRC3sT3l6d/dK6zRwqMhk082mdZJDDZZRDOkCDqfdGj8NZJdZpCqxjyt0dbhpnh5RL38j9U8l6c/MGWKgv', 'x-amz-request-id': 'BZ02FPS91Q14D9NM', 'Date': 'Mon, 21 Apr 2025 10:52:07 GMT', 'x-amz-bucket-region': 'eu-west-3', 'Content-Type': 'application/xml', 'Transfer-Encoding': 'chunked', 'Server': 'AmazonS3'}
[ 2025-04-21 12:52:06,684 ] botocore.parsers - DEBUG - Response body:
b'<?xml version="1.0" encoding="UTF-8"?>\n<ListBucketResult xmlns="http://s3.amazonaws.com/doc/2006-03-01/"><Name>credits33456</Name><Prefix>model.pkl</Prefix><Marker></Marker><MaxKeys>1000</MaxKeys><EncodingType>url</EncodingType><IsTruncated>false</IsTruncated><Contents><Key>model.pkl</Key><LastModified>2025-04-08T09:53:22.000Z</LastModified><ETag>&quot;998ae1a84fdd9f06ebc44c1039886702&quot;</ETag><ChecksumAlgorithm>CRC32</ChecksumAlgorithm><ChecksumType>FULL_OBJECT</ChecksumType><Size>6933593</Size><Owner><ID>972028935ff922de9f68972a4df98f3edc9f9b224244f7cd02bf94e634659904</ID></Owner><StorageClass>STANDARD</StorageClass></Contents></ListBucketResult>'
[ 2025-04-21 12:52:06,687 ] botocore.hooks - DEBUG - Event needs-retry.s3.ListObjects: calling handler <function _update_status_code at 0x0000020E31EE2DD0>
[ 2025-04-21 12:52:06,688 ] botocore.hooks - DEBUG - Event needs-retry.s3.ListObjects: calling handler <botocore.retryhandler.RetryHandler object at 0x0000020E440E6F20>
[ 2025-04-21 12:52:06,688 ] botocore.retryhandler - DEBUG - No retry needed.
[ 2025-04-21 12:52:06,688 ] botocore.hooks - DEBUG - Event needs-retry.s3.ListObjects: calling handler <bound method S3RegionRedirectorv2.redirect_from_error of <botocore.utils.S3RegionRedirectorv2 object at 0x0000020E440E6FE0>>
[ 2025-04-21 12:52:06,688 ] botocore.hooks - DEBUG - Event after-call.s3.ListObjects: calling handler <function decode_list_object at 0x0000020E31EE1CF0>
[ 2025-04-21 12:52:06,688 ] boto3.resources.factory - DEBUG - Loading s3:ObjectSummary
[ 2025-04-21 12:52:06,688 ] boto3.resources.model - DEBUG - Renaming ObjectSummary attribute key
[ 2025-04-21 12:52:06,689 ] botocore.hooks - DEBUG - Event creating-resource-class.s3.ObjectSummary: calling handler <function lazy_call.<locals>._handler at 0x0000020E43578B80>
[ 2025-04-21 12:52:06,689 ] root - INFO - Exited the get_file_object method of S3Operations class
[ 2025-04-21 12:52:06,689 ] root - INFO - Entered the read_object method of S3Operations class
[ 2025-04-21 12:52:06,689 ] root - INFO - Exited the read_object method of S3Operations class
[ 2025-04-21 12:52:06,689 ] boto3.resources.action - DEBUG - Calling s3:get_object with {'Bucket': 'credits33456', 'Key': 'model.pkl'}
[ 2025-04-21 12:52:06,690 ] botocore.hooks - DEBUG - Event before-parameter-build.s3.GetObject: calling handler <function sse_md5 at 0x0000020E31EE0A60>
[ 2025-04-21 12:52:06,690 ] botocore.hooks - DEBUG - Event before-parameter-build.s3.GetObject: calling handler <function validate_bucket_name at 0x0000020E31EE09D0>
[ 2025-04-21 12:52:06,690 ] botocore.hooks - DEBUG - Event before-parameter-build.s3.GetObject: calling handler <function remove_bucket_from_url_paths_from_model at 0x0000020E31EE2830>
[ 2025-04-21 12:52:06,690 ] botocore.hooks - DEBUG - Event before-parameter-build.s3.GetObject: calling handler <bound method S3RegionRedirectorv2.annotate_request_context of <botocore.utils.S3RegionRedirectorv2 object at 0x0000020E440E6FE0>>
[ 2025-04-21 12:52:06,690 ] botocore.hooks - DEBUG - Event before-parameter-build.s3.GetObject: calling handler <bound method ClientCreator._inject_s3_input_parameters of <botocore.client.ClientCreator object at 0x0000020E435531F0>>
[ 2025-04-21 12:52:06,690 ] botocore.hooks - DEBUG - Event before-parameter-build.s3.GetObject: calling handler <function generate_idempotent_uuid at 0x0000020E31EE0820>
[ 2025-04-21 12:52:06,690 ] botocore.hooks - DEBUG - Event before-parameter-build.s3.GetObject: calling handler <function _handle_request_validation_mode_member at 0x0000020E31EE2EF0>
[ 2025-04-21 12:52:06,690 ] botocore.hooks - DEBUG - Event before-endpoint-resolution.s3: calling handler <function customize_endpoint_resolver_builtins at 0x0000020E31EE29E0>
[ 2025-04-21 12:52:06,690 ] botocore.hooks - DEBUG - Event before-endpoint-resolution.s3: calling handler <bound method S3RegionRedirectorv2.redirect_from_cache of <botocore.utils.S3RegionRedirectorv2 object at 0x0000020E440E6FE0>>
[ 2025-04-21 12:52:06,691 ] botocore.regions - DEBUG - Calling endpoint provider with parameters: {'Bucket': 'credits33456', 'Region': 'eu-west-3', 'UseFIPS': False, 'UseDualStack': False, 'ForcePathStyle': False, 'Accelerate': False, 'UseGlobalEndpoint': False, 'Key': 'model.pkl', 'DisableMultiRegionAccessPoints': False, 'UseArnRegion': True}
[ 2025-04-21 12:52:06,691 ] botocore.regions - DEBUG - Endpoint provider result: https://credits33456.s3.eu-west-3.amazonaws.com
[ 2025-04-21 12:52:06,691 ] botocore.regions - DEBUG - Selecting from endpoint provider's list of auth schemes: "sigv4". User selected auth scheme is: "None"
[ 2025-04-21 12:52:06,692 ] botocore.regions - DEBUG - Selected auth type "v4" as "v4" with signing context params: {'region': 'eu-west-3', 'signing_name': 's3', 'disableDoubleEncoding': True}
[ 2025-04-21 12:52:06,692 ] botocore.hooks - DEBUG - Event before-call.s3.GetObject: calling handler <function add_expect_header at 0x0000020E31EE0D30>
[ 2025-04-21 12:52:06,692 ] botocore.hooks - DEBUG - Event before-call.s3.GetObject: calling handler <bound method S3ExpressIdentityResolver.apply_signing_cache_key of <botocore.utils.S3ExpressIdentityResolver object at 0x0000020E440E7040>>
[ 2025-04-21 12:52:06,692 ] botocore.hooks - DEBUG - Event before-call.s3.GetObject: calling handler <function add_recursion_detection_header at 0x0000020E31EE0430>
[ 2025-04-21 12:52:06,692 ] botocore.hooks - DEBUG - Event before-call.s3.GetObject: calling handler <function add_query_compatibility_header at 0x0000020E31EE2E60>
[ 2025-04-21 12:52:06,692 ] botocore.hooks - DEBUG - Event before-call.s3.GetObject: calling handler <function inject_api_version_header_if_needed at 0x0000020E31EE2050>
[ 2025-04-21 12:52:06,692 ] botocore.endpoint - DEBUG - Making request for OperationModel(name=GetObject) with params: {'url_path': '/model.pkl', 'query_string': {}, 'method': 'GET', 'headers': {'x-amz-checksum-mode': 'ENABLED', 'User-Agent': 'Boto3/1.37.13 md/Botocore#1.37.13 ua/2.1 os/windows#10 md/arch#amd64 lang/python#3.10.2 md/pyimpl#CPython cfg/retry-mode#legacy Botocore/1.37.13 Resource'}, 'body': b'', 'auth_path': '/credits33456/model.pkl', 'url': 'https://credits33456.s3.eu-west-3.amazonaws.com/model.pkl', 'context': {'client_region': 'eu-west-3', 'client_config': <botocore.config.Config object at 0x0000020E44082CE0>, 'has_streaming_input': False, 'auth_type': 'v4', 'unsigned_payload': None, 's3_redirect': {'redirected': False, 'bucket': 'credits33456', 'params': {'Bucket': 'credits33456', 'Key': 'model.pkl', 'ChecksumMode': 'ENABLED'}}, 'input_params': {'Bucket': 'credits33456', 'Key': 'model.pkl'}, 'signing': {'region': 'eu-west-3', 'signing_name': 's3', 'disableDoubleEncoding': True}, 'endpoint_properties': {'authSchemes': [{'disableDoubleEncoding': True, 'name': 'sigv4', 'signingName': 's3', 'signingRegion': 'eu-west-3'}]}, 'checksum': {'response_algorithms': ['crc32', 'sha1', 'sha256']}}}
[ 2025-04-21 12:52:06,693 ] botocore.hooks - DEBUG - Event request-created.s3.GetObject: calling handler <bound method RequestSigner.handler of <botocore.signers.RequestSigner object at 0x0000020E44082D10>>
[ 2025-04-21 12:52:06,693 ] botocore.hooks - DEBUG - Event choose-signer.s3.GetObject: calling handler <function set_operation_specific_signer at 0x0000020E31EE0670>
[ 2025-04-21 12:52:06,693 ] botocore.hooks - DEBUG - Event before-sign.s3.GetObject: calling handler <function remove_arn_from_signing_path at 0x0000020E31EE2950>
[ 2025-04-21 12:52:06,694 ] botocore.hooks - DEBUG - Event before-sign.s3.GetObject: calling handler <function _set_extra_headers_for_unsigned_request at 0x0000020E31EE2F80>
[ 2025-04-21 12:52:06,694 ] botocore.hooks - DEBUG - Event before-sign.s3.GetObject: calling handler <bound method S3ExpressIdentityResolver.resolve_s3express_identity of <botocore.utils.S3ExpressIdentityResolver object at 0x0000020E440E7040>>
[ 2025-04-21 12:52:06,694 ] botocore.auth - DEBUG - Calculating signature using v4 auth.
[ 2025-04-21 12:52:06,694 ] botocore.auth - DEBUG - CanonicalRequest:
GET
/model.pkl

host:credits33456.s3.eu-west-3.amazonaws.com
x-amz-checksum-mode:ENABLED
x-amz-content-sha256:e3b0c44298fc1c149afbf4c8996fb92427ae41e4649b934ca495991b7852b855
x-amz-date:20250421T105206Z

host;x-amz-checksum-mode;x-amz-content-sha256;x-amz-date
e3b0c44298fc1c149afbf4c8996fb92427ae41e4649b934ca495991b7852b855
[ 2025-04-21 12:52:06,694 ] botocore.auth - DEBUG - StringToSign:
AWS4-HMAC-SHA256
20250421T105206Z
20250421/eu-west-3/s3/aws4_request
072f9dd9c505f6fe2813eeed158b9febc5f5ab8b3305a7a36b169e0623e27be5
[ 2025-04-21 12:52:06,694 ] botocore.auth - DEBUG - Signature:
95d8907d6f2c19432c3a59c7f1fb45b49af83e72e1d05d6fc8d198c831c711fb
[ 2025-04-21 12:52:06,694 ] botocore.hooks - DEBUG - Event request-created.s3.GetObject: calling handler <bound method UserAgentString.rebuild_and_replace_user_agent_handler of <botocore.useragent.UserAgentString object at 0x0000020E440E69E0>>
[ 2025-04-21 12:52:06,695 ] botocore.hooks - DEBUG - Event request-created.s3.GetObject: calling handler <function add_retry_headers at 0x0000020E31EE27A0>
[ 2025-04-21 12:52:06,695 ] botocore.endpoint - DEBUG - Sending http request: <AWSPreparedRequest stream_output=True, method=GET, url=https://credits33456.s3.eu-west-3.amazonaws.com/model.pkl, headers={'x-amz-checksum-mode': b'ENABLED', 'User-Agent': b'Boto3/1.37.13 md/Botocore#1.37.13 ua/2.1 os/windows#10 md/arch#amd64 lang/python#3.10.2 md/pyimpl#CPython cfg/retry-mode#legacy Botocore/1.37.13 Resource', 'X-Amz-Date': b'20250421T105206Z', 'X-Amz-Content-SHA256': b'e3b0c44298fc1c149afbf4c8996fb92427ae41e4649b934ca495991b7852b855', 'Authorization': b'AWS4-HMAC-SHA256 Credential=AKIAWMFUPRGLT5WWG3WB/20250421/eu-west-3/s3/aws4_request, SignedHeaders=host;x-amz-checksum-mode;x-amz-content-sha256;x-amz-date, Signature=95d8907d6f2c19432c3a59c7f1fb45b49af83e72e1d05d6fc8d198c831c711fb', 'amz-sdk-invocation-id': b'ef13cac2-655f-470b-ac2e-749e75767f37', 'amz-sdk-request': b'attempt=1'}>
[ 2025-04-21 12:52:06,695 ] botocore.httpsession - DEBUG - Certificate path: C:\Users\shuda\Predicting-credit-risk\venv2\lib\site-packages\certifi\cacert.pem
[ 2025-04-21 12:52:06,832 ] urllib3.connectionpool - DEBUG - https://credits33456.s3.eu-west-3.amazonaws.com:443 "GET /model.pkl HTTP/1.1" 200 6933593
[ 2025-04-21 12:52:06,833 ] botocore.hooks - DEBUG - Event before-parse.s3.GetObject: calling handler <function _handle_200_error at 0x0000020E31EE2CB0>
[ 2025-04-21 12:52:06,833 ] botocore.hooks - DEBUG - Event before-parse.s3.GetObject: calling handler <function handle_expires_header at 0x0000020E31EE2B00>
[ 2025-04-21 12:52:06,833 ] botocore.parsers - DEBUG - Response headers: {'x-amz-id-2': 'mmz9wt7OuVNo3v+sCuYMeIbNWCqgnGvT+46bhYUOvRwsMnfnrgFh8u7vC4BgxgwRt5yDUNWGlkukCCCt3Sq8Ct55MSv/UxyD', 'x-amz-request-id': 'BZ00RY8146KG28EB', 'Date': 'Mon, 21 Apr 2025 10:52:07 GMT', 'Last-Modified': 'Tue, 08 Apr 2025 09:53:22 GMT', 'ETag': '"998ae1a84fdd9f06ebc44c1039886702"', 'x-amz-checksum-crc32': 'lUdWLg==', 'x-amz-checksum-type': 'FULL_OBJECT', 'x-amz-server-side-encryption': 'AES256', 'Accept-Ranges': 'bytes', 'Content-Type': 'binary/octet-stream', 'Content-Length': '6933593', 'Server': 'AmazonS3'}
[ 2025-04-21 12:52:06,833 ] botocore.parsers - DEBUG - Response body:
<botocore.httpchecksum.StreamingChecksumBody object at 0x0000020E441A7A60>
[ 2025-04-21 12:52:06,834 ] botocore.hooks - DEBUG - Event needs-retry.s3.GetObject: calling handler <function _update_status_code at 0x0000020E31EE2DD0>
[ 2025-04-21 12:52:06,834 ] botocore.hooks - DEBUG - Event needs-retry.s3.GetObject: calling handler <botocore.retryhandler.RetryHandler object at 0x0000020E440E6F20>
[ 2025-04-21 12:52:06,834 ] botocore.retryhandler - DEBUG - No retry needed.
[ 2025-04-21 12:52:06,834 ] botocore.hooks - DEBUG - Event needs-retry.s3.GetObject: calling handler <bound method S3RegionRedirectorv2.redirect_from_error of <botocore.utils.S3RegionRedirectorv2 object at 0x0000020E440E6FE0>>
[ 2025-04-21 12:52:06,834 ] boto3.resources.action - DEBUG - Response: {'ResponseMetadata': {'RequestId': 'BZ00RY8146KG28EB', 'HostId': 'mmz9wt7OuVNo3v+sCuYMeIbNWCqgnGvT+46bhYUOvRwsMnfnrgFh8u7vC4BgxgwRt5yDUNWGlkukCCCt3Sq8Ct55MSv/UxyD', 'HTTPStatusCode': 200, 'HTTPHeaders': {'x-amz-id-2': 'mmz9wt7OuVNo3v+sCuYMeIbNWCqgnGvT+46bhYUOvRwsMnfnrgFh8u7vC4BgxgwRt5yDUNWGlkukCCCt3Sq8Ct55MSv/UxyD', 'x-amz-request-id': 'BZ00RY8146KG28EB', 'date': 'Mon, 21 Apr 2025 10:52:07 GMT', 'last-modified': 'Tue, 08 Apr 2025 09:53:22 GMT', 'etag': '"998ae1a84fdd9f06ebc44c1039886702"', 'x-amz-checksum-crc32': 'lUdWLg==', 'x-amz-checksum-type': 'FULL_OBJECT', 'x-amz-server-side-encryption': 'AES256', 'accept-ranges': 'bytes', 'content-type': 'binary/octet-stream', 'content-length': '6933593', 'server': 'AmazonS3'}, 'ChecksumAlgorithm': 'crc32', 'RetryAttempts': 0}, 'AcceptRanges': 'bytes', 'LastModified': datetime.datetime(2025, 4, 8, 9, 53, 22, tzinfo=tzutc()), 'ContentLength': 6933593, 'ETag': '"998ae1a84fdd9f06ebc44c1039886702"', 'ChecksumCRC32': 'lUdWLg==', 'ChecksumType': 'FULL_OBJECT', 'ContentType': 'binary/octet-stream', 'ServerSideEncryption': 'AES256', 'Metadata': {}, 'Body': <botocore.httpchecksum.StreamingChecksumBody object at 0x0000020E441A7A60>}
[ 2025-04-21 12:52:07,673 ] root - INFO - Exited the load_model method of S3Operations class
[ 2025-04-21 12:52:07,674 ] root - INFO - Entered predict method of RiskModel class
[ 2025-04-21 12:52:07,675 ] root - INFO - Using the trained model to get predictions
[ 2025-04-21 12:52:07,707 ] root - INFO - Used the trained model to get predictions
